----------------------------------------------------------------------------------------------------
Make Directory cora/Gaussian_GATConv in Logs
[91mSep27-09:44:47[0m
----------------------------------------------------------------------------------------------------
[cora]   seed=42
----------------------------------------------------------------------------------------------------
lr=0.0001 unweighted_MSE=False diffusion_steps=40 schedule=True weight_decay=0.001 cat=False skip=True
nhid=256 layers=4 linears=2
----------------------------------------------------------------------------------------------------
[EPOCH 0001] | train acc: 1.491e-01 | val acc: 1.111e-01 | val graph: 6.200e-02 | test node: 1.104e-01 | test graph: 5.500e-02
[EPOCH 0101] | train acc: 1.645e-01 | val acc: 1.168e-01 | val graph: 1.600e-02 | test node: 9.911e-02 | test graph: 3.600e-02
[EPOCH 0201] | train acc: 1.697e-01 | val acc: 1.601e-01 | val graph: 1.000e-02 | test node: 1.500e-01 | test graph: 1.200e-02
[EPOCH 0301] | train acc: 1.979e-01 | val acc: 2.410e-01 | val graph: 4.600e-02 | test node: 2.254e-01 | test graph: 4.000e-02
[EPOCH 0401] | train acc: 2.365e-01 | val acc: 2.157e-01 | val graph: 2.600e-02 | test node: 1.997e-01 | test graph: 2.400e-02
[EPOCH 0501] | train acc: 2.365e-01 | val acc: 2.149e-01 | val graph: 4.200e-02 | test node: 2.010e-01 | test graph: 3.100e-02
[EPOCH 0601] | train acc: 2.532e-01 | val acc: 2.132e-01 | val graph: 4.800e-02 | test node: 2.033e-01 | test graph: 3.100e-02
[EPOCH 0701] | train acc: 1.748e-01 | val acc: 1.397e-01 | val graph: 2.200e-02 | test node: 1.159e-01 | test graph: 4.000e-02
[EPOCH 0801] | train acc: 1.941e-01 | val acc: 1.777e-01 | val graph: 6.000e-02 | test node: 1.757e-01 | test graph: 6.000e-02
[EPOCH 0901] | train acc: 2.005e-01 | val acc: 2.177e-01 | val graph: 5.200e-02 | test node: 1.950e-01 | test graph: 5.700e-02
[EPOCH 1001] | train acc: 2.481e-01 | val acc: 2.247e-01 | val graph: 3.600e-02 | test node: 2.050e-01 | test graph: 3.400e-02
[EPOCH 1101] | train acc: 2.622e-01 | val acc: 2.369e-01 | val graph: 4.600e-02 | test node: 2.226e-01 | test graph: 4.000e-02
[EPOCH 1201] | train acc: 2.712e-01 | val acc: 2.410e-01 | val graph: 4.800e-02 | test node: 2.290e-01 | test graph: 4.900e-02
[EPOCH 1301] | train acc: 3.098e-01 | val acc: 2.667e-01 | val graph: 4.200e-02 | test node: 2.545e-01 | test graph: 4.700e-02
[EPOCH 1401] | train acc: 1.298e-01 | val acc: 1.258e-01 | val graph: 6.600e-02 | test node: 1.222e-01 | test graph: 5.900e-02
[EPOCH 1501] | train acc: 2.738e-01 | val acc: 2.569e-01 | val graph: 5.600e-02 | test node: 2.453e-01 | test graph: 5.900e-02
[EPOCH 1601] | train acc: 2.558e-01 | val acc: 2.239e-01 | val graph: 5.200e-02 | test node: 2.120e-01 | test graph: 4.800e-02
[EPOCH 1701] | train acc: 3.535e-01 | val acc: 2.590e-01 | val graph: 5.600e-02 | test node: 2.402e-01 | test graph: 5.700e-02
[EPOCH 1801] | train acc: 2.609e-01 | val acc: 2.190e-01 | val graph: 5.600e-02 | test node: 2.093e-01 | test graph: 5.600e-02
[EPOCH 1901] | train acc: 2.378e-01 | val acc: 2.324e-01 | val graph: 5.800e-02 | test node: 2.247e-01 | test graph: 5.800e-02
[EPOCH 2001] | train acc: 2.211e-01 | val acc: 2.075e-01 | val graph: 6.200e-02 | test node: 1.982e-01 | test graph: 5.800e-02
[EPOCH 2101] | train acc: 3.316e-01 | val acc: 2.484e-01 | val graph: 5.600e-02 | test node: 2.243e-01 | test graph: 6.100e-02
[EPOCH 2201] | train acc: 1.645e-01 | val acc: 1.148e-01 | val graph: 3.000e-02 | test node: 9.083e-02 | test graph: 4.700e-02
[EPOCH 2301] | train acc: 3.175e-01 | val acc: 2.627e-01 | val graph: 6.400e-02 | test node: 2.500e-01 | test graph: 6.200e-02
[EPOCH 2401] | train acc: 3.290e-01 | val acc: 2.574e-01 | val graph: 5.400e-02 | test node: 2.470e-01 | test graph: 6.600e-02
[EPOCH 2501] | train acc: 2.738e-01 | val acc: 2.496e-01 | val graph: 6.000e-02 | test node: 2.502e-01 | test graph: 7.300e-02
[EPOCH 2601] | train acc: 4.653e-01 | val acc: 3.117e-01 | val graph: 6.600e-02 | test node: 2.948e-01 | test graph: 8.400e-02
[EPOCH 2701] | train acc: 4.229e-01 | val acc: 2.847e-01 | val graph: 6.600e-02 | test node: 2.695e-01 | test graph: 7.000e-02
[EPOCH 2801] | train acc: 5.064e-01 | val acc: 3.415e-01 | val graph: 8.000e-02 | test node: 3.185e-01 | test graph: 9.500e-02
[EPOCH 2901] | train acc: 4.743e-01 | val acc: 3.374e-01 | val graph: 7.600e-02 | test node: 3.162e-01 | test graph: 9.900e-02
[EPOCH 3001] | train acc: 3.355e-01 | val acc: 3.096e-01 | val graph: 1.140e-01 | test node: 3.268e-01 | test graph: 1.230e-01
[EPOCH 3101] | train acc: 4.062e-01 | val acc: 2.904e-01 | val graph: 7.600e-02 | test node: 2.744e-01 | test graph: 7.600e-02
[EPOCH 3201] | train acc: 4.100e-01 | val acc: 2.782e-01 | val graph: 6.400e-02 | test node: 2.649e-01 | test graph: 8.600e-02
[EPOCH 3301] | train acc: 1.491e-01 | val acc: 1.556e-01 | val graph: 1.100e-01 | test node: 1.526e-01 | test graph: 1.070e-01
[EPOCH 3401] | train acc: 2.468e-01 | val acc: 2.382e-01 | val graph: 9.200e-02 | test node: 2.262e-01 | test graph: 8.400e-02
[EPOCH 3501] | train acc: 4.987e-01 | val acc: 2.953e-01 | val graph: 6.000e-02 | test node: 2.818e-01 | test graph: 7.400e-02
[EPOCH 3601] | train acc: 1.298e-01 | val acc: 1.038e-01 | val graph: 6.800e-02 | test node: 1.019e-01 | test graph: 6.100e-02
[EPOCH 3701] | train acc: 4.139e-01 | val acc: 2.553e-01 | val graph: 6.000e-02 | test node: 2.466e-01 | test graph: 7.000e-02
[EPOCH 3801] | train acc: 4.447e-01 | val acc: 2.815e-01 | val graph: 6.400e-02 | test node: 2.704e-01 | test graph: 8.200e-02
[EPOCH 3901] | train acc: 3.676e-01 | val acc: 2.418e-01 | val graph: 6.600e-02 | test node: 2.269e-01 | test graph: 8.200e-02
[EPOCH 4001] | train acc: 1.311e-01 | val acc: 1.781e-01 | val graph: 1.200e-01 | test node: 1.783e-01 | test graph: 1.140e-01
[EPOCH 4101] | train acc: 4.165e-01 | val acc: 2.606e-01 | val graph: 5.800e-02 | test node: 2.508e-01 | test graph: 8.100e-02
[EPOCH 4201] | train acc: 3.728e-01 | val acc: 2.541e-01 | val graph: 7.600e-02 | test node: 2.347e-01 | test graph: 8.500e-02
[EPOCH 4301] | train acc: 1.491e-01 | val acc: 1.597e-01 | val graph: 1.100e-01 | test node: 1.604e-01 | test graph: 1.070e-01
[EPOCH 4401] | train acc: 5.656e-01 | val acc: 3.578e-01 | val graph: 1.040e-01 | test node: 3.557e-01 | test graph: 1.150e-01
[EPOCH 4501] | train acc: 3.856e-01 | val acc: 2.545e-01 | val graph: 8.000e-02 | test node: 2.600e-01 | test graph: 8.200e-02
[EPOCH 4601] | train acc: 4.319e-01 | val acc: 2.831e-01 | val graph: 8.200e-02 | test node: 2.693e-01 | test graph: 9.800e-02
[EPOCH 4701] | train acc: 1.645e-01 | val acc: 1.152e-01 | val graph: 3.000e-02 | test node: 9.083e-02 | test graph: 4.700e-02
[EPOCH 4801] | train acc: 5.193e-01 | val acc: 3.391e-01 | val graph: 9.000e-02 | test node: 3.262e-01 | test graph: 1.260e-01
[EPOCH 4901] | train acc: 4.576e-01 | val acc: 3.113e-01 | val graph: 9.200e-02 | test node: 3.094e-01 | test graph: 1.180e-01
[EPOCH 5001] | train acc: 4.653e-01 | val acc: 2.925e-01 | val graph: 8.800e-02 | test node: 2.833e-01 | test graph: 9.900e-02
[EPOCH 5101] | train acc: 4.576e-01 | val acc: 2.880e-01 | val graph: 8.600e-02 | test node: 2.750e-01 | test graph: 1.090e-01
[EPOCH 5201] | train acc: 2.956e-01 | val acc: 1.822e-01 | val graph: 5.600e-02 | test node: 1.613e-01 | test graph: 7.200e-02
[EPOCH 5301] | train acc: 5.373e-01 | val acc: 3.378e-01 | val graph: 8.400e-02 | test node: 3.309e-01 | test graph: 1.320e-01
[EPOCH 5401] | train acc: 4.293e-01 | val acc: 2.786e-01 | val graph: 8.000e-02 | test node: 2.642e-01 | test graph: 9.800e-02
[EPOCH 5501] | train acc: 5.129e-01 | val acc: 3.452e-01 | val graph: 1.120e-01 | test node: 3.372e-01 | test graph: 1.400e-01
[EPOCH 5601] | train acc: 5.514e-01 | val acc: 3.562e-01 | val graph: 1.180e-01 | test node: 3.438e-01 | test graph: 1.410e-01
[EPOCH 5701] | train acc: 5.244e-01 | val acc: 3.922e-01 | val graph: 1.420e-01 | test node: 3.807e-01 | test graph: 1.710e-01
[EPOCH 5801] | train acc: 5.823e-01 | val acc: 3.705e-01 | val graph: 1.180e-01 | test node: 3.644e-01 | test graph: 1.490e-01
[EPOCH 5901] | train acc: 5.308e-01 | val acc: 3.362e-01 | val graph: 9.800e-02 | test node: 3.298e-01 | test graph: 1.230e-01
[EPOCH 6001] | train acc: 5.977e-01 | val acc: 3.958e-01 | val graph: 1.240e-01 | test node: 3.903e-01 | test graph: 1.700e-01
[EPOCH 6101] | train acc: 1.671e-01 | val acc: 2.921e-01 | val graph: 2.200e-01 | test node: 2.982e-01 | test graph: 2.160e-01
[EPOCH 6201] | train acc: 3.239e-01 | val acc: 3.182e-01 | val graph: 1.240e-01 | test node: 3.156e-01 | test graph: 1.270e-01
[EPOCH 6301] | train acc: 1.967e-01 | val acc: 1.319e-01 | val graph: 3.000e-02 | test node: 1.127e-01 | test graph: 4.800e-02
[EPOCH 6401] | train acc: 3.406e-01 | val acc: 1.920e-01 | val graph: 4.400e-02 | test node: 1.728e-01 | test graph: 5.900e-02
[EPOCH 6501] | train acc: 4.524e-01 | val acc: 2.533e-01 | val graph: 6.600e-02 | test node: 2.379e-01 | test graph: 9.100e-02
[EPOCH 6601] | train acc: 4.692e-01 | val acc: 2.958e-01 | val graph: 9.800e-02 | test node: 2.780e-01 | test graph: 1.100e-01
[EPOCH 6701] | train acc: 4.524e-01 | val acc: 2.876e-01 | val graph: 9.400e-02 | test node: 2.712e-01 | test graph: 1.140e-01
[EPOCH 6801] | train acc: 2.609e-01 | val acc: 1.801e-01 | val graph: 6.800e-02 | test node: 1.848e-01 | test graph: 7.100e-02
[EPOCH 6901] | train acc: 3.997e-01 | val acc: 2.590e-01 | val graph: 7.400e-02 | test node: 2.368e-01 | test graph: 9.300e-02
[EPOCH 7001] | train acc: 4.756e-01 | val acc: 3.125e-01 | val graph: 1.000e-01 | test node: 2.956e-01 | test graph: 1.210e-01
[EPOCH 7101] | train acc: 4.602e-01 | val acc: 2.990e-01 | val graph: 9.800e-02 | test node: 2.816e-01 | test graph: 1.110e-01
[EPOCH 7201] | train acc: 5.219e-01 | val acc: 3.342e-01 | val graph: 1.080e-01 | test node: 3.268e-01 | test graph: 1.280e-01
[EPOCH 7301] | train acc: 4.126e-01 | val acc: 2.925e-01 | val graph: 1.180e-01 | test node: 2.693e-01 | test graph: 1.450e-01
[EPOCH 7401] | train acc: 3.046e-01 | val acc: 2.275e-01 | val graph: 8.000e-02 | test node: 2.381e-01 | test graph: 8.700e-02
[EPOCH 7501] | train acc: 4.049e-01 | val acc: 2.798e-01 | val graph: 8.000e-02 | test node: 2.886e-01 | test graph: 1.000e-01
[EPOCH 7601] | train acc: 4.486e-01 | val acc: 3.105e-01 | val graph: 9.400e-02 | test node: 3.056e-01 | test graph: 1.220e-01
[EPOCH 7701] | train acc: 4.833e-01 | val acc: 3.366e-01 | val graph: 1.100e-01 | test node: 3.272e-01 | test graph: 1.290e-01
[EPOCH 7801] | train acc: 1.889e-01 | val acc: 1.148e-01 | val graph: 3.000e-02 | test node: 9.402e-02 | test graph: 4.900e-02
[EPOCH 7901] | train acc: 3.972e-01 | val acc: 2.610e-01 | val graph: 8.600e-02 | test node: 2.411e-01 | test graph: 1.000e-01
[EPOCH 8001] | train acc: 4.537e-01 | val acc: 3.072e-01 | val graph: 1.040e-01 | test node: 2.876e-01 | test graph: 1.070e-01
[EPOCH 8101] | train acc: 4.062e-01 | val acc: 2.651e-01 | val graph: 9.600e-02 | test node: 2.460e-01 | test graph: 1.060e-01
[EPOCH 8201] | train acc: 4.036e-01 | val acc: 2.655e-01 | val graph: 9.000e-02 | test node: 2.438e-01 | test graph: 1.010e-01
[EPOCH 8301] | train acc: 4.949e-01 | val acc: 3.227e-01 | val graph: 1.060e-01 | test node: 3.060e-01 | test graph: 1.180e-01
[EPOCH 8401] | train acc: 4.781e-01 | val acc: 3.305e-01 | val graph: 1.120e-01 | test node: 3.143e-01 | test graph: 1.260e-01
[EPOCH 8501] | train acc: 4.306e-01 | val acc: 2.688e-01 | val graph: 8.600e-02 | test node: 2.504e-01 | test graph: 1.050e-01
[EPOCH 8601] | train acc: 4.576e-01 | val acc: 2.880e-01 | val graph: 9.000e-02 | test node: 2.625e-01 | test graph: 1.080e-01
[EPOCH 8701] | train acc: 5.746e-01 | val acc: 3.685e-01 | val graph: 1.200e-01 | test node: 3.563e-01 | test graph: 1.400e-01
[EPOCH 8801] | train acc: 5.090e-01 | val acc: 3.366e-01 | val graph: 1.060e-01 | test node: 3.319e-01 | test graph: 1.260e-01
[EPOCH 8901] | train acc: 4.692e-01 | val acc: 3.227e-01 | val graph: 1.060e-01 | test node: 3.156e-01 | test graph: 1.220e-01
[EPOCH 9001] | train acc: 6.272e-01 | val acc: 4.555e-01 | val graph: 1.760e-01 | test node: 4.419e-01 | test graph: 1.970e-01
[EPOCH 9101] | train acc: 1.491e-01 | val acc: 1.556e-01 | val graph: 1.100e-01 | test node: 1.526e-01 | test graph: 1.070e-01
[EPOCH 9201] | train acc: 4.280e-01 | val acc: 2.843e-01 | val graph: 8.800e-02 | test node: 2.814e-01 | test graph: 1.000e-01
[EPOCH 9301] | train acc: 3.972e-01 | val acc: 2.504e-01 | val graph: 7.800e-02 | test node: 2.347e-01 | test graph: 9.600e-02
[EPOCH 9401] | train acc: 4.319e-01 | val acc: 2.819e-01 | val graph: 9.200e-02 | test node: 2.695e-01 | test graph: 1.040e-01
[EPOCH 9501] | train acc: 5.463e-01 | val acc: 3.309e-01 | val graph: 9.400e-02 | test node: 3.143e-01 | test graph: 1.200e-01
[EPOCH 9601] | train acc: 4.357e-01 | val acc: 3.141e-01 | val graph: 1.160e-01 | test node: 2.956e-01 | test graph: 1.400e-01
[EPOCH 9701] | train acc: 5.476e-01 | val acc: 4.097e-01 | val graph: 1.440e-01 | test node: 3.986e-01 | test graph: 1.780e-01
[EPOCH 9801] | train acc: 4.846e-01 | val acc: 3.301e-01 | val graph: 1.060e-01 | test node: 3.145e-01 | test graph: 1.220e-01
[EPOCH 9901] | train acc: 5.051e-01 | val acc: 3.570e-01 | val graph: 1.180e-01 | test node: 3.466e-01 | test graph: 1.360e-01
[EPOCH 10001] | train acc: 4.473e-01 | val acc: 3.019e-01 | val graph: 1.000e-01 | test node: 2.831e-01 | test graph: 1.160e-01
[EPOCH 10101] | train acc: 4.100e-01 | val acc: 2.582e-01 | val graph: 8.200e-02 | test node: 2.424e-01 | test graph: 9.700e-02
[EPOCH 10201] | train acc: 5.296e-01 | val acc: 2.859e-01 | val graph: 6.200e-02 | test node: 2.780e-01 | test graph: 9.600e-02
[EPOCH 10301] | train acc: 4.833e-01 | val acc: 3.803e-01 | val graph: 1.440e-01 | test node: 3.701e-01 | test graph: 1.730e-01
[EPOCH 10401] | train acc: 4.730e-01 | val acc: 3.268e-01 | val graph: 1.100e-01 | test node: 3.098e-01 | test graph: 1.330e-01
[EPOCH 10501] | train acc: 5.758e-01 | val acc: 4.310e-01 | val graph: 1.700e-01 | test node: 4.266e-01 | test graph: 1.980e-01
[EPOCH 10601] | train acc: 5.733e-01 | val acc: 4.277e-01 | val graph: 1.700e-01 | test node: 4.255e-01 | test graph: 2.000e-01
[EPOCH 10701] | train acc: 5.951e-01 | val acc: 4.449e-01 | val graph: 1.740e-01 | test node: 4.378e-01 | test graph: 2.020e-01
[EPOCH 10801] | train acc: 2.147e-01 | val acc: 1.434e-01 | val graph: 6.400e-02 | test node: 1.488e-01 | test graph: 6.500e-02
[EPOCH 10901] | train acc: 6.671e-01 | val acc: 5.049e-01 | val graph: 2.200e-01 | test node: 5.104e-01 | test graph: 2.590e-01
[EPOCH 11001] | train acc: 5.437e-01 | val acc: 4.444e-01 | val graph: 1.880e-01 | test node: 4.348e-01 | test graph: 2.110e-01
[EPOCH 11101] | train acc: 7.159e-01 | val acc: 5.584e-01 | val graph: 2.520e-01 | test node: 5.649e-01 | test graph: 2.860e-01
[EPOCH 11201] | train acc: 5.964e-01 | val acc: 4.579e-01 | val graph: 1.900e-01 | test node: 4.556e-01 | test graph: 2.190e-01
[EPOCH 11301] | train acc: 6.491e-01 | val acc: 4.620e-01 | val graph: 1.880e-01 | test node: 4.673e-01 | test graph: 2.220e-01
[EPOCH 11401] | train acc: 7.159e-01 | val acc: 5.703e-01 | val graph: 2.860e-01 | test node: 5.838e-01 | test graph: 3.090e-01
[EPOCH 11501] | train acc: 6.851e-01 | val acc: 5.511e-01 | val graph: 2.800e-01 | test node: 5.465e-01 | test graph: 2.910e-01
[EPOCH 11601] | train acc: 6.620e-01 | val acc: 5.359e-01 | val graph: 2.560e-01 | test node: 5.327e-01 | test graph: 2.770e-01
[EPOCH 11701] | train acc: 6.324e-01 | val acc: 5.413e-01 | val graph: 2.760e-01 | test node: 5.499e-01 | test graph: 3.090e-01
[EPOCH 11801] | train acc: 3.072e-01 | val acc: 3.828e-01 | val graph: 2.440e-01 | test node: 3.587e-01 | test graph: 2.510e-01
[EPOCH 11901] | train acc: 6.799e-01 | val acc: 5.674e-01 | val graph: 2.900e-01 | test node: 5.698e-01 | test graph: 3.240e-01
[EPOCH 12001] | train acc: 6.761e-01 | val acc: 5.568e-01 | val graph: 2.880e-01 | test node: 5.624e-01 | test graph: 3.180e-01
[EPOCH 12101] | train acc: 7.571e-01 | val acc: 6.495e-01 | val graph: 3.560e-01 | test node: 6.621e-01 | test graph: 3.950e-01
[EPOCH 12201] | train acc: 7.198e-01 | val acc: 6.168e-01 | val graph: 3.540e-01 | test node: 6.305e-01 | test graph: 3.980e-01
[EPOCH 12301] | train acc: 8.085e-01 | val acc: 6.940e-01 | val graph: 4.360e-01 | test node: 7.124e-01 | test graph: 4.870e-01
[EPOCH 12401] | train acc: 7.995e-01 | val acc: 6.883e-01 | val graph: 4.200e-01 | test node: 7.093e-01 | test graph: 4.660e-01
[EPOCH 12501] | train acc: 7.404e-01 | val acc: 6.573e-01 | val graph: 3.940e-01 | test node: 6.679e-01 | test graph: 4.340e-01
[EPOCH 12601] | train acc: 8.355e-01 | val acc: 7.271e-01 | val graph: 4.480e-01 | test node: 7.394e-01 | test graph: 4.820e-01
[EPOCH 12701] | train acc: 8.201e-01 | val acc: 7.079e-01 | val graph: 4.420e-01 | test node: 7.277e-01 | test graph: 4.900e-01
[EPOCH 12801] | train acc: 8.535e-01 | val acc: 7.406e-01 | val graph: 4.880e-01 | test node: 7.562e-01 | test graph: 5.240e-01
[EPOCH 12901] | train acc: 8.445e-01 | val acc: 7.169e-01 | val graph: 4.500e-01 | test node: 7.347e-01 | test graph: 4.910e-01
[EPOCH 13001] | train acc: 8.740e-01 | val acc: 7.431e-01 | val graph: 4.880e-01 | test node: 7.583e-01 | test graph: 5.200e-01
[EPOCH 13101] | train acc: 5.501e-01 | val acc: 3.203e-01 | val graph: 1.100e-01 | test node: 3.107e-01 | test graph: 1.450e-01
[EPOCH 13201] | train acc: 8.290e-01 | val acc: 7.104e-01 | val graph: 4.140e-01 | test node: 7.110e-01 | test graph: 4.450e-01
[EPOCH 13301] | train acc: 8.303e-01 | val acc: 7.247e-01 | val graph: 4.600e-01 | test node: 7.394e-01 | test graph: 4.880e-01
[EPOCH 13401] | train acc: 8.278e-01 | val acc: 7.002e-01 | val graph: 4.060e-01 | test node: 7.014e-01 | test graph: 4.410e-01
[EPOCH 13501] | train acc: 8.432e-01 | val acc: 7.398e-01 | val graph: 4.660e-01 | test node: 7.483e-01 | test graph: 4.930e-01
[EPOCH 13601] | train acc: 7.558e-01 | val acc: 6.144e-01 | val graph: 3.420e-01 | test node: 6.229e-01 | test graph: 3.910e-01
[EPOCH 13701] | train acc: 8.316e-01 | val acc: 7.202e-01 | val graph: 4.580e-01 | test node: 7.411e-01 | test graph: 4.910e-01
[EPOCH 13801] | train acc: 8.817e-01 | val acc: 7.631e-01 | val graph: 5.080e-01 | test node: 7.774e-01 | test graph: 5.420e-01
[EPOCH 13901] | train acc: 8.573e-01 | val acc: 7.680e-01 | val graph: 5.140e-01 | test node: 7.683e-01 | test graph: 5.250e-01
[EPOCH 14001] | train acc: 8.907e-01 | val acc: 7.741e-01 | val graph: 5.220e-01 | test node: 7.888e-01 | test graph: 5.500e-01
[EPOCH 14101] | train acc: 8.933e-01 | val acc: 7.855e-01 | val graph: 5.420e-01 | test node: 8.039e-01 | test graph: 5.690e-01
[EPOCH 14201] | train acc: 8.920e-01 | val acc: 7.843e-01 | val graph: 5.400e-01 | test node: 7.971e-01 | test graph: 5.690e-01
[EPOCH 14301] | train acc: 9.075e-01 | val acc: 7.904e-01 | val graph: 5.360e-01 | test node: 7.994e-01 | test graph: 5.610e-01
[EPOCH 14401] | train acc: 8.972e-01 | val acc: 7.953e-01 | val graph: 5.540e-01 | test node: 8.020e-01 | test graph: 5.730e-01
[EPOCH 14501] | train acc: 9.010e-01 | val acc: 8.002e-01 | val graph: 5.640e-01 | test node: 8.084e-01 | test graph: 5.790e-01
[EPOCH 14601] | train acc: 9.126e-01 | val acc: 8.011e-01 | val graph: 5.660e-01 | test node: 8.101e-01 | test graph: 5.810e-01
[EPOCH 14701] | train acc: 9.280e-01 | val acc: 8.060e-01 | val graph: 5.580e-01 | test node: 8.145e-01 | test graph: 5.810e-01
[EPOCH 14801] | train acc: 9.177e-01 | val acc: 8.019e-01 | val graph: 5.720e-01 | test node: 8.043e-01 | test graph: 5.700e-01
[EPOCH 14901] | train acc: 9.126e-01 | val acc: 7.855e-01 | val graph: 5.460e-01 | test node: 7.874e-01 | test graph: 5.550e-01
[EPOCH 15001] | train acc: 9.293e-01 | val acc: 8.186e-01 | val graph: 5.740e-01 | test node: 8.205e-01 | test graph: 5.900e-01
[EPOCH 15101] | train acc: 9.357e-01 | val acc: 7.243e-01 | val graph: 4.480e-01 | test node: 7.343e-01 | test graph: 4.330e-01
[EPOCH 15201] | train acc: 6.195e-01 | val acc: 4.105e-01 | val graph: 2.180e-01 | test node: 3.905e-01 | test graph: 2.030e-01
[EPOCH 15301] | train acc: 9.319e-01 | val acc: 7.733e-01 | val graph: 4.940e-01 | test node: 7.827e-01 | test graph: 5.010e-01
[EPOCH 15401] | train acc: 9.370e-01 | val acc: 7.851e-01 | val graph: 5.040e-01 | test node: 7.944e-01 | test graph: 5.310e-01
[EPOCH 15501] | train acc: 9.357e-01 | val acc: 7.962e-01 | val graph: 5.240e-01 | test node: 7.992e-01 | test graph: 5.440e-01
[EPOCH 15601] | train acc: 9.332e-01 | val acc: 7.998e-01 | val graph: 5.360e-01 | test node: 8.071e-01 | test graph: 5.710e-01
[EPOCH 15701] | train acc: 9.242e-01 | val acc: 7.847e-01 | val graph: 5.120e-01 | test node: 7.869e-01 | test graph: 5.420e-01
[EPOCH 15801] | train acc: 9.383e-01 | val acc: 8.133e-01 | val graph: 5.580e-01 | test node: 8.222e-01 | test graph: 5.880e-01
[EPOCH 15901] | train acc: 9.396e-01 | val acc: 8.145e-01 | val graph: 5.560e-01 | test node: 8.196e-01 | test graph: 5.820e-01
[EPOCH 16001] | train acc: 9.422e-01 | val acc: 8.235e-01 | val graph: 5.680e-01 | test node: 8.243e-01 | test graph: 5.920e-01
[EPOCH 16101] | train acc: 9.486e-01 | val acc: 8.260e-01 | val graph: 5.740e-01 | test node: 8.272e-01 | test graph: 5.890e-01
[EPOCH 16201] | train acc: 9.434e-01 | val acc: 7.729e-01 | val graph: 4.900e-01 | test node: 7.776e-01 | test graph: 5.150e-01
[EPOCH 16301] | train acc: 9.589e-01 | val acc: 8.325e-01 | val graph: 5.840e-01 | test node: 8.340e-01 | test graph: 5.940e-01
[EPOCH 16401] | train acc: 9.589e-01 | val acc: 8.354e-01 | val graph: 5.920e-01 | test node: 8.323e-01 | test graph: 5.970e-01
[EPOCH 16501] | train acc: 9.602e-01 | val acc: 8.346e-01 | val graph: 5.920e-01 | test node: 8.315e-01 | test graph: 5.890e-01
[EPOCH 16601] | train acc: 9.242e-01 | val acc: 7.913e-01 | val graph: 5.400e-01 | test node: 8.022e-01 | test graph: 5.680e-01
[EPOCH 16701] | train acc: 9.280e-01 | val acc: 7.913e-01 | val graph: 5.280e-01 | test node: 7.895e-01 | test graph: 5.520e-01
[EPOCH 16801] | train acc: 9.447e-01 | val acc: 8.178e-01 | val graph: 5.540e-01 | test node: 8.202e-01 | test graph: 5.860e-01
[EPOCH 16901] | train acc: 9.409e-01 | val acc: 8.182e-01 | val graph: 5.560e-01 | test node: 8.207e-01 | test graph: 5.860e-01
[EPOCH 17001] | train acc: 9.486e-01 | val acc: 8.284e-01 | val graph: 5.800e-01 | test node: 8.253e-01 | test graph: 5.910e-01
[EPOCH 17101] | train acc: 9.524e-01 | val acc: 8.068e-01 | val graph: 5.500e-01 | test node: 8.088e-01 | test graph: 5.670e-01
[EPOCH 17201] | train acc: 9.563e-01 | val acc: 8.362e-01 | val graph: 5.940e-01 | test node: 8.285e-01 | test graph: 5.950e-01
[EPOCH 17301] | train acc: 9.486e-01 | val acc: 8.292e-01 | val graph: 5.760e-01 | test node: 8.264e-01 | test graph: 5.920e-01
[EPOCH 17401] | train acc: 9.537e-01 | val acc: 8.350e-01 | val graph: 5.820e-01 | test node: 8.277e-01 | test graph: 5.920e-01
[EPOCH 17501] | train acc: 9.589e-01 | val acc: 8.366e-01 | val graph: 5.860e-01 | test node: 8.277e-01 | test graph: 5.920e-01
[EPOCH 17601] | train acc: 9.627e-01 | val acc: 8.370e-01 | val graph: 5.880e-01 | test node: 8.294e-01 | test graph: 5.940e-01
[EPOCH 17701] | train acc: 9.704e-01 | val acc: 8.423e-01 | val graph: 5.960e-01 | test node: 8.355e-01 | test graph: 6.020e-01
[EPOCH 17801] | train acc: 9.794e-01 | val acc: 8.484e-01 | val graph: 6.080e-01 | test node: 8.402e-01 | test graph: 6.020e-01
[EPOCH 17901] | train acc: 9.807e-01 | val acc: 8.468e-01 | val graph: 6.020e-01 | test node: 8.385e-01 | test graph: 5.970e-01
[EPOCH 18001] | train acc: 9.781e-01 | val acc: 8.411e-01 | val graph: 5.900e-01 | test node: 8.353e-01 | test graph: 5.930e-01
[EPOCH 18101] | train acc: 9.807e-01 | val acc: 8.374e-01 | val graph: 5.940e-01 | test node: 8.272e-01 | test graph: 5.800e-01
[EPOCH 18201] | train acc: 9.820e-01 | val acc: 8.444e-01 | val graph: 5.920e-01 | test node: 8.396e-01 | test graph: 5.940e-01
[EPOCH 18301] | train acc: 9.910e-01 | val acc: 8.497e-01 | val graph: 6.040e-01 | test node: 8.489e-01 | test graph: 6.040e-01
[EPOCH 18401] | train acc: 9.820e-01 | val acc: 8.358e-01 | val graph: 5.880e-01 | test node: 8.258e-01 | test graph: 5.760e-01
[EPOCH 18501] | train acc: 9.897e-01 | val acc: 8.452e-01 | val graph: 5.880e-01 | test node: 8.398e-01 | test graph: 5.850e-01
[EPOCH 18601] | train acc: 9.897e-01 | val acc: 8.444e-01 | val graph: 5.900e-01 | test node: 8.374e-01 | test graph: 5.790e-01
[EPOCH 18701] | train acc: 9.897e-01 | val acc: 8.374e-01 | val graph: 5.760e-01 | test node: 8.289e-01 | test graph: 5.660e-01
[EPOCH 18801] | train acc: 9.871e-01 | val acc: 8.423e-01 | val graph: 5.940e-01 | test node: 8.328e-01 | test graph: 5.770e-01
[EPOCH 18901] | train acc: 9.923e-01 | val acc: 8.403e-01 | val graph: 5.700e-01 | test node: 8.360e-01 | test graph: 5.700e-01
[EPOCH 19001] | train acc: 9.910e-01 | val acc: 8.411e-01 | val graph: 5.860e-01 | test node: 8.357e-01 | test graph: 5.760e-01
[EPOCH 19101] | train acc: 9.910e-01 | val acc: 8.403e-01 | val graph: 5.840e-01 | test node: 8.396e-01 | test graph: 5.850e-01
[EPOCH 19201] | train acc: 9.936e-01 | val acc: 8.419e-01 | val graph: 5.780e-01 | test node: 8.400e-01 | test graph: 5.830e-01
[EPOCH 19301] | train acc: 9.949e-01 | val acc: 8.407e-01 | val graph: 5.780e-01 | test node: 8.408e-01 | test graph: 5.900e-01
[EPOCH 19401] | train acc: 9.936e-01 | val acc: 8.431e-01 | val graph: 5.860e-01 | test node: 8.381e-01 | test graph: 5.810e-01
[EPOCH 19501] | train acc: 9.884e-01 | val acc: 7.631e-01 | val graph: 4.440e-01 | test node: 7.661e-01 | test graph: 4.650e-01
[EPOCH 19601] | train acc: 9.974e-01 | val acc: 8.321e-01 | val graph: 5.540e-01 | test node: 8.317e-01 | test graph: 5.620e-01
[EPOCH 19701] | train acc: 9.974e-01 | val acc: 8.403e-01 | val graph: 5.680e-01 | test node: 8.398e-01 | test graph: 5.810e-01
[EPOCH 19801] | train acc: 9.897e-01 | val acc: 8.305e-01 | val graph: 5.460e-01 | test node: 8.234e-01 | test graph: 5.580e-01
[EPOCH 19901] | train acc: 9.974e-01 | val acc: 8.407e-01 | val graph: 5.760e-01 | test node: 8.419e-01 | test graph: 5.870e-01
[EPOCH 20001] | train acc: 9.987e-01 | val acc: 8.125e-01 | val graph: 5.420e-01 | test node: 7.980e-01 | test graph: 5.090e-01
[EPOCH 20101] | train acc: 9.974e-01 | val acc: 8.391e-01 | val graph: 5.720e-01 | test node: 8.374e-01 | test graph: 5.690e-01
[EPOCH 20201] | train acc: 9.974e-01 | val acc: 8.219e-01 | val graph: 5.460e-01 | test node: 8.105e-01 | test graph: 5.160e-01
[EPOCH 20301] | train acc: 9.987e-01 | val acc: 8.378e-01 | val graph: 5.720e-01 | test node: 8.423e-01 | test graph: 5.750e-01
[EPOCH 20401] | train acc: 9.987e-01 | val acc: 8.403e-01 | val graph: 5.740e-01 | test node: 8.372e-01 | test graph: 5.740e-01
[EPOCH 20501] | train acc: 9.987e-01 | val acc: 8.391e-01 | val graph: 5.700e-01 | test node: 8.385e-01 | test graph: 5.670e-01
[EPOCH 20601] | train acc: 9.987e-01 | val acc: 8.386e-01 | val graph: 5.760e-01 | test node: 8.332e-01 | test graph: 5.610e-01
[EPOCH 20701] | train acc: 9.961e-01 | val acc: 8.170e-01 | val graph: 5.240e-01 | test node: 8.115e-01 | test graph: 5.220e-01
[EPOCH 20801] | train acc: 9.987e-01 | val acc: 8.305e-01 | val graph: 5.500e-01 | test node: 8.296e-01 | test graph: 5.480e-01
[EPOCH 20901] | train acc: 9.987e-01 | val acc: 8.346e-01 | val graph: 5.580e-01 | test node: 8.334e-01 | test graph: 5.540e-01
[EPOCH 21001] | train acc: 9.640e-01 | val acc: 7.047e-01 | val graph: 3.880e-01 | test node: 6.863e-01 | test graph: 3.940e-01
[EPOCH 21101] | train acc: 9.987e-01 | val acc: 8.260e-01 | val graph: 5.360e-01 | test node: 8.169e-01 | test graph: 5.310e-01
[EPOCH 21201] | train acc: 9.987e-01 | val acc: 8.276e-01 | val graph: 5.560e-01 | test node: 8.236e-01 | test graph: 5.380e-01
[EPOCH 21301] | train acc: 9.987e-01 | val acc: 8.350e-01 | val graph: 5.620e-01 | test node: 8.302e-01 | test graph: 5.550e-01
[EPOCH 21401] | train acc: 9.987e-01 | val acc: 8.362e-01 | val graph: 5.620e-01 | test node: 8.338e-01 | test graph: 5.590e-01
[EPOCH 21501] | train acc: 9.987e-01 | val acc: 8.370e-01 | val graph: 5.740e-01 | test node: 8.343e-01 | test graph: 5.640e-01
[EPOCH 21601] | train acc: 9.987e-01 | val acc: 8.333e-01 | val graph: 5.540e-01 | test node: 8.332e-01 | test graph: 5.550e-01
[EPOCH 21701] | train acc: 9.987e-01 | val acc: 8.305e-01 | val graph: 5.480e-01 | test node: 8.328e-01 | test graph: 5.560e-01
[EPOCH 21801] | train acc: 9.987e-01 | val acc: 8.272e-01 | val graph: 5.480e-01 | test node: 8.262e-01 | test graph: 5.430e-01
[EPOCH 21901] | train acc: 9.987e-01 | val acc: 8.256e-01 | val graph: 5.440e-01 | test node: 8.249e-01 | test graph: 5.380e-01
[EPOCH 22001] | train acc: 9.987e-01 | val acc: 8.301e-01 | val graph: 5.400e-01 | test node: 8.285e-01 | test graph: 5.440e-01
[EPOCH 22101] | train acc: 9.807e-01 | val acc: 7.982e-01 | val graph: 4.940e-01 | test node: 7.924e-01 | test graph: 5.080e-01
[EPOCH 22201] | train acc: 9.974e-01 | val acc: 8.292e-01 | val graph: 5.460e-01 | test node: 8.243e-01 | test graph: 5.430e-01
[EPOCH 22301] | train acc: 9.871e-01 | val acc: 7.761e-01 | val graph: 4.480e-01 | test node: 7.765e-01 | test graph: 4.720e-01
[EPOCH 22401] | train acc: 9.987e-01 | val acc: 8.194e-01 | val graph: 5.240e-01 | test node: 8.141e-01 | test graph: 5.120e-01
[EPOCH 22501] | train acc: 9.987e-01 | val acc: 8.317e-01 | val graph: 5.580e-01 | test node: 8.249e-01 | test graph: 5.380e-01
[EPOCH 22601] | train acc: 9.987e-01 | val acc: 8.350e-01 | val graph: 5.600e-01 | test node: 8.296e-01 | test graph: 5.470e-01
[EPOCH 22701] | train acc: 9.987e-01 | val acc: 8.354e-01 | val graph: 5.660e-01 | test node: 8.296e-01 | test graph: 5.510e-01
[EPOCH 22801] | train acc: 9.987e-01 | val acc: 8.378e-01 | val graph: 5.600e-01 | test node: 8.343e-01 | test graph: 5.520e-01
[EPOCH 22901] | train acc: 1.000e+00 | val acc: 8.321e-01 | val graph: 5.580e-01 | test node: 8.272e-01 | test graph: 5.460e-01
[EPOCH 23001] | train acc: 1.000e+00 | val acc: 8.358e-01 | val graph: 5.620e-01 | test node: 8.323e-01 | test graph: 5.540e-01
[EPOCH 23101] | train acc: 9.576e-01 | val acc: 6.038e-01 | val graph: 2.640e-01 | test node: 5.840e-01 | test graph: 2.830e-01
[EPOCH 23201] | train acc: 9.987e-01 | val acc: 8.309e-01 | val graph: 5.420e-01 | test node: 8.287e-01 | test graph: 5.430e-01
[EPOCH 23301] | train acc: 1.000e+00 | val acc: 8.333e-01 | val graph: 5.520e-01 | test node: 8.309e-01 | test graph: 5.510e-01
[EPOCH 23401] | train acc: 1.000e+00 | val acc: 8.342e-01 | val graph: 5.480e-01 | test node: 8.332e-01 | test graph: 5.530e-01
[EPOCH 23501] | train acc: 1.000e+00 | val acc: 8.362e-01 | val graph: 5.620e-01 | test node: 8.311e-01 | test graph: 5.490e-01
[EPOCH 23601] | train acc: 1.000e+00 | val acc: 8.354e-01 | val graph: 5.460e-01 | test node: 8.332e-01 | test graph: 5.520e-01
[EPOCH 23701] | train acc: 9.987e-01 | val acc: 7.945e-01 | val graph: 4.980e-01 | test node: 7.814e-01 | test graph: 4.730e-01
[EPOCH 23801] | train acc: 1.000e+00 | val acc: 8.284e-01 | val graph: 5.420e-01 | test node: 8.266e-01 | test graph: 5.410e-01
[EPOCH 23901] | train acc: 1.000e+00 | val acc: 8.321e-01 | val graph: 5.380e-01 | test node: 8.272e-01 | test graph: 5.390e-01
[EPOCH 24001] | train acc: 1.000e+00 | val acc: 8.276e-01 | val graph: 5.400e-01 | test node: 8.245e-01 | test graph: 5.370e-01
[EPOCH 24101] | train acc: 1.000e+00 | val acc: 8.329e-01 | val graph: 5.400e-01 | test node: 8.262e-01 | test graph: 5.350e-01
[EPOCH 24201] | train acc: 1.000e+00 | val acc: 8.288e-01 | val graph: 5.360e-01 | test node: 8.239e-01 | test graph: 5.350e-01
[EPOCH 24301] | train acc: 1.000e+00 | val acc: 8.211e-01 | val graph: 5.300e-01 | test node: 8.171e-01 | test graph: 5.180e-01
[EPOCH 24401] | train acc: 1.000e+00 | val acc: 8.211e-01 | val graph: 5.240e-01 | test node: 8.200e-01 | test graph: 5.300e-01
[EPOCH 24501] | train acc: 1.000e+00 | val acc: 8.199e-01 | val graph: 5.240e-01 | test node: 8.175e-01 | test graph: 5.240e-01
[EPOCH 24601] | train acc: 1.000e+00 | val acc: 8.223e-01 | val graph: 5.240e-01 | test node: 8.196e-01 | test graph: 5.270e-01
[EPOCH 24701] | train acc: 1.000e+00 | val acc: 8.194e-01 | val graph: 5.180e-01 | test node: 8.175e-01 | test graph: 5.230e-01
[EPOCH 24801] | train acc: 1.000e+00 | val acc: 8.186e-01 | val graph: 5.140e-01 | test node: 8.156e-01 | test graph: 5.220e-01
[EPOCH 24901] | train acc: 1.000e+00 | val acc: 8.207e-01 | val graph: 5.160e-01 | test node: 8.188e-01 | test graph: 5.280e-01
[EPOCH 25001] | train acc: 1.000e+00 | val acc: 8.243e-01 | val graph: 5.200e-01 | test node: 8.205e-01 | test graph: 5.280e-01
[EPOCH 25101] | train acc: 1.000e+00 | val acc: 8.199e-01 | val graph: 5.080e-01 | test node: 8.171e-01 | test graph: 5.200e-01
[EPOCH 25201] | train acc: 4.344e-01 | val acc: 2.222e-01 | val graph: 5.800e-02 | test node: 2.141e-01 | test graph: 8.000e-02
[EPOCH 25301] | train acc: 9.871e-01 | val acc: 7.328e-01 | val graph: 3.960e-01 | test node: 7.220e-01 | test graph: 4.140e-01
[EPOCH 25401] | train acc: 9.923e-01 | val acc: 7.770e-01 | val graph: 4.620e-01 | test node: 7.723e-01 | test graph: 4.500e-01
[EPOCH 25501] | train acc: 1.000e+00 | val acc: 7.962e-01 | val graph: 4.840e-01 | test node: 7.963e-01 | test graph: 4.780e-01
[EPOCH 25601] | train acc: 1.000e+00 | val acc: 8.039e-01 | val graph: 5.020e-01 | test node: 8.045e-01 | test graph: 5.010e-01
[EPOCH 25701] | train acc: 1.000e+00 | val acc: 8.109e-01 | val graph: 5.120e-01 | test node: 8.126e-01 | test graph: 5.140e-01
[EPOCH 25801] | train acc: 1.000e+00 | val acc: 8.145e-01 | val graph: 5.120e-01 | test node: 8.135e-01 | test graph: 5.200e-01
[EPOCH 25901] | train acc: 1.000e+00 | val acc: 8.178e-01 | val graph: 5.120e-01 | test node: 8.171e-01 | test graph: 5.200e-01
[EPOCH 26001] | train acc: 1.000e+00 | val acc: 8.223e-01 | val graph: 5.260e-01 | test node: 8.205e-01 | test graph: 5.290e-01
[EPOCH 26101] | train acc: 1.000e+00 | val acc: 8.231e-01 | val graph: 5.200e-01 | test node: 8.222e-01 | test graph: 5.300e-01
[EPOCH 26201] | train acc: 1.000e+00 | val acc: 8.235e-01 | val graph: 5.220e-01 | test node: 8.234e-01 | test graph: 5.340e-01
[EPOCH 26301] | train acc: 1.000e+00 | val acc: 8.252e-01 | val graph: 5.220e-01 | test node: 8.258e-01 | test graph: 5.400e-01
[EPOCH 26401] | train acc: 1.000e+00 | val acc: 8.235e-01 | val graph: 5.280e-01 | test node: 8.243e-01 | test graph: 5.340e-01
[EPOCH 26501] | train acc: 1.000e+00 | val acc: 8.235e-01 | val graph: 5.260e-01 | test node: 8.243e-01 | test graph: 5.320e-01
[EPOCH 26601] | train acc: 1.000e+00 | val acc: 8.227e-01 | val graph: 5.200e-01 | test node: 8.234e-01 | test graph: 5.290e-01
[EPOCH 26701] | train acc: 1.000e+00 | val acc: 8.219e-01 | val graph: 5.200e-01 | test node: 8.202e-01 | test graph: 5.250e-01
[EPOCH 26801] | train acc: 9.974e-01 | val acc: 7.974e-01 | val graph: 4.780e-01 | test node: 7.982e-01 | test graph: 4.910e-01
[EPOCH 26901] | train acc: 1.000e+00 | val acc: 8.166e-01 | val graph: 5.180e-01 | test node: 8.190e-01 | test graph: 5.250e-01
[EPOCH 27001] | train acc: 1.000e+00 | val acc: 8.227e-01 | val graph: 5.280e-01 | test node: 8.228e-01 | test graph: 5.300e-01
[EPOCH 27101] | train acc: 1.000e+00 | val acc: 8.239e-01 | val graph: 5.380e-01 | test node: 8.232e-01 | test graph: 5.300e-01
[EPOCH 27201] | train acc: 1.000e+00 | val acc: 8.211e-01 | val graph: 5.260e-01 | test node: 8.230e-01 | test graph: 5.300e-01
[EPOCH 27301] | train acc: 1.000e+00 | val acc: 8.190e-01 | val graph: 5.160e-01 | test node: 8.202e-01 | test graph: 5.170e-01
[EPOCH 27401] | train acc: 1.000e+00 | val acc: 8.260e-01 | val graph: 5.300e-01 | test node: 8.207e-01 | test graph: 5.180e-01
[EPOCH 27501] | train acc: 1.000e+00 | val acc: 8.211e-01 | val graph: 5.140e-01 | test node: 8.200e-01 | test graph: 5.270e-01
[EPOCH 27601] | train acc: 1.000e+00 | val acc: 8.219e-01 | val graph: 5.180e-01 | test node: 8.219e-01 | test graph: 5.240e-01
[EPOCH 27701] | train acc: 1.000e+00 | val acc: 8.248e-01 | val graph: 5.240e-01 | test node: 8.239e-01 | test graph: 5.290e-01
[EPOCH 27801] | train acc: 1.000e+00 | val acc: 8.239e-01 | val graph: 5.200e-01 | test node: 8.241e-01 | test graph: 5.290e-01
[EPOCH 27901] | train acc: 1.000e+00 | val acc: 8.219e-01 | val graph: 5.100e-01 | test node: 8.211e-01 | test graph: 5.270e-01
[EPOCH 28001] | train acc: 1.000e+00 | val acc: 7.998e-01 | val graph: 4.880e-01 | test node: 7.895e-01 | test graph: 4.750e-01
[EPOCH 28101] | train acc: 1.000e+00 | val acc: 8.194e-01 | val graph: 5.080e-01 | test node: 8.190e-01 | test graph: 5.230e-01
[EPOCH 28201] | train acc: 1.000e+00 | val acc: 8.190e-01 | val graph: 5.000e-01 | test node: 8.205e-01 | test graph: 5.280e-01
[EPOCH 28301] | train acc: 9.987e-01 | val acc: 8.023e-01 | val graph: 4.800e-01 | test node: 7.924e-01 | test graph: 4.930e-01
[EPOCH 28401] | train acc: 1.000e+00 | val acc: 8.158e-01 | val graph: 4.960e-01 | test node: 8.198e-01 | test graph: 5.250e-01
[EPOCH 28501] | train acc: 1.000e+00 | val acc: 8.203e-01 | val graph: 5.120e-01 | test node: 8.215e-01 | test graph: 5.280e-01
[EPOCH 28601] | train acc: 1.000e+00 | val acc: 8.166e-01 | val graph: 5.000e-01 | test node: 8.183e-01 | test graph: 5.210e-01
[EPOCH 28701] | train acc: 1.000e+00 | val acc: 8.150e-01 | val graph: 5.000e-01 | test node: 8.209e-01 | test graph: 5.300e-01
[EPOCH 28801] | train acc: 1.000e+00 | val acc: 8.162e-01 | val graph: 4.980e-01 | test node: 8.166e-01 | test graph: 5.180e-01
[EPOCH 28901] | train acc: 1.000e+00 | val acc: 7.819e-01 | val graph: 4.600e-01 | test node: 7.876e-01 | test graph: 4.730e-01
[EPOCH 29001] | train acc: 1.000e+00 | val acc: 8.117e-01 | val graph: 4.920e-01 | test node: 8.128e-01 | test graph: 5.110e-01
[EPOCH 29101] | train acc: 1.000e+00 | val acc: 8.117e-01 | val graph: 4.900e-01 | test node: 8.160e-01 | test graph: 5.180e-01
[EPOCH 29201] | train acc: 1.000e+00 | val acc: 8.137e-01 | val graph: 4.900e-01 | test node: 8.126e-01 | test graph: 5.080e-01
[EPOCH 29301] | train acc: 1.000e+00 | val acc: 8.109e-01 | val graph: 4.880e-01 | test node: 8.105e-01 | test graph: 5.110e-01
[EPOCH 29401] | train acc: 1.000e+00 | val acc: 8.207e-01 | val graph: 5.080e-01 | test node: 8.209e-01 | test graph: 5.250e-01
[EPOCH 29501] | train acc: 1.000e+00 | val acc: 8.129e-01 | val graph: 4.900e-01 | test node: 8.058e-01 | test graph: 5.100e-01
[EPOCH 29601] | train acc: 1.000e+00 | val acc: 8.117e-01 | val graph: 4.900e-01 | test node: 8.084e-01 | test graph: 5.050e-01
[EPOCH 29701] | train acc: 1.000e+00 | val acc: 8.129e-01 | val graph: 4.900e-01 | test node: 8.111e-01 | test graph: 5.170e-01
[EPOCH 29801] | train acc: 1.000e+00 | val acc: 8.105e-01 | val graph: 4.860e-01 | test node: 8.062e-01 | test graph: 5.040e-01
[EPOCH 29901] | train acc: 1.000e+00 | val acc: 7.990e-01 | val graph: 4.760e-01 | test node: 7.865e-01 | test graph: 4.750e-01
[EPOCH 30001] | train acc: 1.000e+00 | val acc: 7.872e-01 | val graph: 4.440e-01 | test node: 7.840e-01 | test graph: 4.760e-01
[EPOCH 30101] | train acc: 1.000e+00 | val acc: 8.072e-01 | val graph: 4.880e-01 | test node: 8.052e-01 | test graph: 5.040e-01
[EPOCH 30201] | train acc: 1.000e+00 | val acc: 8.105e-01 | val graph: 4.900e-01 | test node: 8.058e-01 | test graph: 5.030e-01
[EPOCH 30301] | train acc: 1.000e+00 | val acc: 8.109e-01 | val graph: 4.800e-01 | test node: 8.067e-01 | test graph: 5.050e-01
[EPOCH 30401] | train acc: 1.000e+00 | val acc: 8.068e-01 | val graph: 4.880e-01 | test node: 8.026e-01 | test graph: 4.970e-01
[EPOCH 30501] | train acc: 1.000e+00 | val acc: 8.015e-01 | val graph: 4.780e-01 | test node: 7.982e-01 | test graph: 4.900e-01
[EPOCH 30601] | train acc: 1.000e+00 | val acc: 8.064e-01 | val graph: 4.760e-01 | test node: 8.018e-01 | test graph: 5.050e-01
[EPOCH 30701] | train acc: 1.000e+00 | val acc: 8.031e-01 | val graph: 4.800e-01 | test node: 8.081e-01 | test graph: 4.990e-01
[EPOCH 30801] | train acc: 1.000e+00 | val acc: 8.141e-01 | val graph: 4.900e-01 | test node: 8.060e-01 | test graph: 5.050e-01
[EPOCH 30901] | train acc: 1.000e+00 | val acc: 8.023e-01 | val graph: 4.740e-01 | test node: 7.982e-01 | test graph: 4.910e-01
[EPOCH 31001] | train acc: 1.000e+00 | val acc: 8.015e-01 | val graph: 4.720e-01 | test node: 7.973e-01 | test graph: 4.930e-01
[EPOCH 31101] | train acc: 1.000e+00 | val acc: 8.019e-01 | val graph: 4.800e-01 | test node: 7.961e-01 | test graph: 4.880e-01
[EPOCH 31201] | train acc: 1.000e+00 | val acc: 8.109e-01 | val graph: 4.820e-01 | test node: 8.024e-01 | test graph: 5.010e-01
[EPOCH 31301] | train acc: 1.000e+00 | val acc: 8.023e-01 | val graph: 4.700e-01 | test node: 7.948e-01 | test graph: 4.910e-01
[EPOCH 31401] | train acc: 1.000e+00 | val acc: 7.712e-01 | val graph: 4.400e-01 | test node: 7.581e-01 | test graph: 4.540e-01
[EPOCH 31501] | train acc: 1.000e+00 | val acc: 8.056e-01 | val graph: 4.680e-01 | test node: 7.994e-01 | test graph: 4.910e-01
[EPOCH 31601] | train acc: 1.000e+00 | val acc: 8.068e-01 | val graph: 4.840e-01 | test node: 8.011e-01 | test graph: 4.990e-01
[EPOCH 31701] | train acc: 1.000e+00 | val acc: 8.072e-01 | val graph: 4.820e-01 | test node: 8.035e-01 | test graph: 5.010e-01
[EPOCH 31801] | train acc: 1.000e+00 | val acc: 8.092e-01 | val graph: 4.860e-01 | test node: 8.031e-01 | test graph: 4.990e-01
[EPOCH 31901] | train acc: 1.000e+00 | val acc: 8.109e-01 | val graph: 4.880e-01 | test node: 8.054e-01 | test graph: 5.040e-01
[EPOCH 32001] | train acc: 1.000e+00 | val acc: 8.096e-01 | val graph: 4.900e-01 | test node: 8.020e-01 | test graph: 4.980e-01
[EPOCH 32101] | train acc: 1.000e+00 | val acc: 7.933e-01 | val graph: 4.740e-01 | test node: 7.878e-01 | test graph: 4.810e-01
[EPOCH 32201] | train acc: 1.000e+00 | val acc: 8.039e-01 | val graph: 4.800e-01 | test node: 7.990e-01 | test graph: 4.930e-01
[EPOCH 32301] | train acc: 1.000e+00 | val acc: 7.994e-01 | val graph: 4.720e-01 | test node: 7.958e-01 | test graph: 4.880e-01
[EPOCH 32401] | train acc: 1.000e+00 | val acc: 8.027e-01 | val graph: 4.760e-01 | test node: 7.916e-01 | test graph: 4.840e-01
[EPOCH 32501] | train acc: 1.000e+00 | val acc: 8.109e-01 | val graph: 4.900e-01 | test node: 8.022e-01 | test graph: 5.020e-01
[EPOCH 32601] | train acc: 1.000e+00 | val acc: 8.088e-01 | val graph: 4.900e-01 | test node: 8.009e-01 | test graph: 5.010e-01
[EPOCH 32701] | train acc: 1.000e+00 | val acc: 8.015e-01 | val graph: 4.800e-01 | test node: 7.952e-01 | test graph: 4.890e-01
[EPOCH 32801] | train acc: 1.000e+00 | val acc: 8.092e-01 | val graph: 4.940e-01 | test node: 8.001e-01 | test graph: 4.990e-01
[EPOCH 32901] | train acc: 1.000e+00 | val acc: 8.047e-01 | val graph: 4.800e-01 | test node: 7.965e-01 | test graph: 4.880e-01
[EPOCH 33001] | train acc: 1.000e+00 | val acc: 8.047e-01 | val graph: 4.800e-01 | test node: 7.997e-01 | test graph: 4.920e-01
[EPOCH 33101] | train acc: 1.000e+00 | val acc: 8.023e-01 | val graph: 4.740e-01 | test node: 7.967e-01 | test graph: 4.940e-01
[EPOCH 33201] | train acc: 1.000e+00 | val acc: 7.986e-01 | val graph: 4.680e-01 | test node: 7.937e-01 | test graph: 4.910e-01
[EPOCH 33301] | train acc: 1.000e+00 | val acc: 8.007e-01 | val graph: 4.720e-01 | test node: 7.941e-01 | test graph: 4.900e-01
[EPOCH 33401] | train acc: 1.000e+00 | val acc: 8.015e-01 | val graph: 4.720e-01 | test node: 7.963e-01 | test graph: 4.880e-01
[EPOCH 33501] | train acc: 1.000e+00 | val acc: 7.974e-01 | val graph: 4.700e-01 | test node: 7.893e-01 | test graph: 4.790e-01
[EPOCH 33601] | train acc: 1.000e+00 | val acc: 8.007e-01 | val graph: 4.760e-01 | test node: 7.958e-01 | test graph: 4.910e-01
[EPOCH 33701] | train acc: 1.000e+00 | val acc: 8.007e-01 | val graph: 4.680e-01 | test node: 7.910e-01 | test graph: 4.790e-01
[EPOCH 33801] | train acc: 1.000e+00 | val acc: 7.966e-01 | val graph: 4.640e-01 | test node: 7.890e-01 | test graph: 4.780e-01
[EPOCH 33901] | train acc: 1.000e+00 | val acc: 7.998e-01 | val graph: 4.640e-01 | test node: 7.937e-01 | test graph: 4.850e-01
[EPOCH 34001] | train acc: 1.000e+00 | val acc: 7.962e-01 | val graph: 4.640e-01 | test node: 7.880e-01 | test graph: 4.770e-01
[EPOCH 34101] | train acc: 1.000e+00 | val acc: 7.949e-01 | val graph: 4.580e-01 | test node: 7.876e-01 | test graph: 4.750e-01
[EPOCH 34201] | train acc: 1.000e+00 | val acc: 8.035e-01 | val graph: 4.680e-01 | test node: 7.958e-01 | test graph: 4.870e-01
[EPOCH 34301] | train acc: 1.000e+00 | val acc: 7.941e-01 | val graph: 4.600e-01 | test node: 7.861e-01 | test graph: 4.800e-01
[EPOCH 34401] | train acc: 1.000e+00 | val acc: 7.847e-01 | val graph: 4.460e-01 | test node: 7.782e-01 | test graph: 4.670e-01
[EPOCH 34501] | train acc: 1.000e+00 | val acc: 7.958e-01 | val graph: 4.620e-01 | test node: 7.880e-01 | test graph: 4.800e-01
[EPOCH 34601] | train acc: 1.000e+00 | val acc: 7.945e-01 | val graph: 4.580e-01 | test node: 7.871e-01 | test graph: 4.750e-01
[EPOCH 34701] | train acc: 1.000e+00 | val acc: 7.974e-01 | val graph: 4.620e-01 | test node: 7.882e-01 | test graph: 4.780e-01
[EPOCH 34801] | train acc: 1.000e+00 | val acc: 7.962e-01 | val graph: 4.580e-01 | test node: 7.903e-01 | test graph: 4.820e-01
[EPOCH 34901] | train acc: 1.000e+00 | val acc: 7.868e-01 | val graph: 4.440e-01 | test node: 7.780e-01 | test graph: 4.670e-01
[EPOCH 35001] | train acc: 1.000e+00 | val acc: 7.994e-01 | val graph: 4.600e-01 | test node: 7.920e-01 | test graph: 4.810e-01
[EPOCH 35101] | train acc: 1.000e+00 | val acc: 7.986e-01 | val graph: 4.660e-01 | test node: 7.897e-01 | test graph: 4.760e-01
[EPOCH 35201] | train acc: 1.000e+00 | val acc: 7.933e-01 | val graph: 4.680e-01 | test node: 7.844e-01 | test graph: 4.730e-01
[EPOCH 35301] | train acc: 1.000e+00 | val acc: 7.958e-01 | val graph: 4.600e-01 | test node: 7.893e-01 | test graph: 4.780e-01
[EPOCH 35401] | train acc: 1.000e+00 | val acc: 7.945e-01 | val graph: 4.600e-01 | test node: 7.901e-01 | test graph: 4.750e-01
[EPOCH 35501] | train acc: 1.000e+00 | val acc: 7.974e-01 | val graph: 4.620e-01 | test node: 7.910e-01 | test graph: 4.790e-01
[EPOCH 35601] | train acc: 1.000e+00 | val acc: 7.925e-01 | val graph: 4.600e-01 | test node: 7.876e-01 | test graph: 4.710e-01
[EPOCH 35701] | train acc: 1.000e+00 | val acc: 7.917e-01 | val graph: 4.580e-01 | test node: 7.869e-01 | test graph: 4.670e-01
[EPOCH 35801] | train acc: 1.000e+00 | val acc: 7.908e-01 | val graph: 4.540e-01 | test node: 7.854e-01 | test graph: 4.690e-01
[EPOCH 35901] | train acc: 1.000e+00 | val acc: 7.864e-01 | val graph: 4.460e-01 | test node: 7.793e-01 | test graph: 4.670e-01
[EPOCH 36001] | train acc: 1.000e+00 | val acc: 7.766e-01 | val graph: 4.340e-01 | test node: 7.699e-01 | test graph: 4.550e-01
[EPOCH 36101] | train acc: 1.000e+00 | val acc: 7.929e-01 | val graph: 4.560e-01 | test node: 7.852e-01 | test graph: 4.670e-01
[EPOCH 36201] | train acc: 1.000e+00 | val acc: 7.884e-01 | val graph: 4.480e-01 | test node: 7.810e-01 | test graph: 4.610e-01
[EPOCH 36301] | train acc: 1.000e+00 | val acc: 7.994e-01 | val graph: 4.640e-01 | test node: 7.929e-01 | test graph: 4.780e-01
[EPOCH 36401] | train acc: 1.000e+00 | val acc: 7.831e-01 | val graph: 4.360e-01 | test node: 7.761e-01 | test graph: 4.600e-01
[EPOCH 36501] | train acc: 1.000e+00 | val acc: 7.892e-01 | val graph: 4.480e-01 | test node: 7.840e-01 | test graph: 4.630e-01
[EPOCH 36601] | train acc: 1.000e+00 | val acc: 7.904e-01 | val graph: 4.500e-01 | test node: 7.842e-01 | test graph: 4.670e-01
[EPOCH 36701] | train acc: 1.000e+00 | val acc: 7.864e-01 | val graph: 4.460e-01 | test node: 7.835e-01 | test graph: 4.610e-01
[EPOCH 36801] | train acc: 1.000e+00 | val acc: 7.892e-01 | val graph: 4.460e-01 | test node: 7.827e-01 | test graph: 4.670e-01
[EPOCH 36901] | train acc: 1.000e+00 | val acc: 7.892e-01 | val graph: 4.500e-01 | test node: 7.803e-01 | test graph: 4.600e-01
[EPOCH 37001] | train acc: 1.000e+00 | val acc: 7.859e-01 | val graph: 4.460e-01 | test node: 7.784e-01 | test graph: 4.560e-01
[EPOCH 37101] | train acc: 1.000e+00 | val acc: 7.855e-01 | val graph: 4.240e-01 | test node: 7.806e-01 | test graph: 4.520e-01
[EPOCH 37201] | train acc: 1.000e+00 | val acc: 7.876e-01 | val graph: 4.480e-01 | test node: 7.818e-01 | test graph: 4.630e-01
[EPOCH 37301] | train acc: 1.000e+00 | val acc: 7.884e-01 | val graph: 4.480e-01 | test node: 7.803e-01 | test graph: 4.590e-01
[EPOCH 37401] | train acc: 1.000e+00 | val acc: 7.859e-01 | val graph: 4.420e-01 | test node: 7.778e-01 | test graph: 4.580e-01
[EPOCH 37501] | train acc: 1.000e+00 | val acc: 7.859e-01 | val graph: 4.380e-01 | test node: 7.757e-01 | test graph: 4.540e-01
[EPOCH 37601] | train acc: 1.000e+00 | val acc: 7.847e-01 | val graph: 4.400e-01 | test node: 7.797e-01 | test graph: 4.610e-01
[EPOCH 37701] | train acc: 1.000e+00 | val acc: 7.855e-01 | val graph: 4.420e-01 | test node: 7.797e-01 | test graph: 4.640e-01
[EPOCH 37801] | train acc: 1.000e+00 | val acc: 7.855e-01 | val graph: 4.420e-01 | test node: 7.772e-01 | test graph: 4.580e-01
[EPOCH 37901] | train acc: 1.000e+00 | val acc: 7.827e-01 | val graph: 4.340e-01 | test node: 7.799e-01 | test graph: 4.630e-01
[EPOCH 38001] | train acc: 1.000e+00 | val acc: 7.786e-01 | val graph: 4.340e-01 | test node: 7.674e-01 | test graph: 4.490e-01
[EPOCH 38101] | train acc: 1.000e+00 | val acc: 7.888e-01 | val graph: 4.420e-01 | test node: 7.787e-01 | test graph: 4.580e-01
[EPOCH 38201] | train acc: 1.000e+00 | val acc: 7.876e-01 | val graph: 4.440e-01 | test node: 7.799e-01 | test graph: 4.590e-01
[EPOCH 38301] | train acc: 1.000e+00 | val acc: 7.872e-01 | val graph: 4.400e-01 | test node: 7.784e-01 | test graph: 4.560e-01
[EPOCH 38401] | train acc: 1.000e+00 | val acc: 7.868e-01 | val graph: 4.400e-01 | test node: 7.767e-01 | test graph: 4.550e-01
[EPOCH 38501] | train acc: 1.000e+00 | val acc: 7.851e-01 | val graph: 4.380e-01 | test node: 7.763e-01 | test graph: 4.560e-01
[EPOCH 38601] | train acc: 1.000e+00 | val acc: 7.688e-01 | val graph: 4.120e-01 | test node: 7.591e-01 | test graph: 4.220e-01
[EPOCH 38701] | train acc: 1.000e+00 | val acc: 7.843e-01 | val graph: 4.380e-01 | test node: 7.759e-01 | test graph: 4.520e-01
[EPOCH 38801] | train acc: 1.000e+00 | val acc: 7.859e-01 | val graph: 4.460e-01 | test node: 7.774e-01 | test graph: 4.560e-01
[EPOCH 38901] | train acc: 1.000e+00 | val acc: 7.835e-01 | val graph: 4.380e-01 | test node: 7.748e-01 | test graph: 4.540e-01
[EPOCH 39001] | train acc: 1.000e+00 | val acc: 7.847e-01 | val graph: 4.400e-01 | test node: 7.772e-01 | test graph: 4.550e-01
[EPOCH 39101] | train acc: 1.000e+00 | val acc: 7.851e-01 | val graph: 4.420e-01 | test node: 7.757e-01 | test graph: 4.480e-01
[EPOCH 39201] | train acc: 1.000e+00 | val acc: 7.835e-01 | val graph: 4.320e-01 | test node: 7.753e-01 | test graph: 4.500e-01
[EPOCH 39301] | train acc: 1.000e+00 | val acc: 7.806e-01 | val graph: 4.340e-01 | test node: 7.704e-01 | test graph: 4.470e-01
[EPOCH 39401] | train acc: 1.000e+00 | val acc: 7.823e-01 | val graph: 4.300e-01 | test node: 7.706e-01 | test graph: 4.500e-01
[EPOCH 39501] | train acc: 1.000e+00 | val acc: 7.831e-01 | val graph: 4.360e-01 | test node: 7.736e-01 | test graph: 4.510e-01
[EPOCH 39601] | train acc: 1.000e+00 | val acc: 7.819e-01 | val graph: 4.360e-01 | test node: 7.748e-01 | test graph: 4.530e-01
[EPOCH 39701] | train acc: 1.000e+00 | val acc: 7.823e-01 | val graph: 4.320e-01 | test node: 7.763e-01 | test graph: 4.510e-01
[EPOCH 39801] | train acc: 1.000e+00 | val acc: 7.798e-01 | val graph: 4.320e-01 | test node: 7.723e-01 | test graph: 4.470e-01
[EPOCH 39901] | train acc: 1.000e+00 | val acc: 7.810e-01 | val graph: 4.300e-01 | test node: 7.740e-01 | test graph: 4.460e-01
 
