----------------------------------------------------------------------------------------------------
Make Directory citeseer/Gaussian_GCNConv in Logs
[91mSep27-11:07:15[0m
----------------------------------------------------------------------------------------------------
[citeseer]   seed=42
----------------------------------------------------------------------------------------------------
lr=0.001 unweighted_MSE=False diffusion_steps=80 schedule=True weight_decay=0.003 cat=False skip=False
nhid=16 layers=2 linears=2
----------------------------------------------------------------------------------------------------
[EPOCH 0001] | train acc: 2.066e-01 | val acc: 2.097e-01 | val graph: 1.320e-01 | test node: 1.863e-01 | test graph: 1.020e-01
[EPOCH 0201] | train acc: 1.694e-01 | val acc: 1.939e-01 | val graph: 6.600e-02 | test node: 1.665e-01 | test graph: 4.600e-02
[EPOCH 0401] | train acc: 1.777e-01 | val acc: 1.992e-01 | val graph: 1.280e-01 | test node: 2.127e-01 | test graph: 1.180e-01
[EPOCH 0601] | train acc: 2.128e-01 | val acc: 2.124e-01 | val graph: 1.340e-01 | test node: 2.266e-01 | test graph: 1.330e-01
[EPOCH 0801] | train acc: 1.880e-01 | val acc: 1.700e-01 | val graph: 1.080e-01 | test node: 1.639e-01 | test graph: 1.070e-01
[EPOCH 1001] | train acc: 4.442e-01 | val acc: 3.888e-01 | val graph: 1.920e-01 | test node: 3.586e-01 | test graph: 1.420e-01
[EPOCH 1201] | train acc: 4.029e-01 | val acc: 3.448e-01 | val graph: 1.560e-01 | test node: 3.264e-01 | test graph: 1.320e-01
[EPOCH 1401] | train acc: 4.050e-01 | val acc: 3.332e-01 | val graph: 1.500e-01 | test node: 3.245e-01 | test graph: 1.500e-01
[EPOCH 1601] | train acc: 1.343e-01 | val acc: 6.992e-02 | val graph: 2.200e-02 | test node: 7.018e-02 | test graph: 2.500e-02
[EPOCH 1801] | train acc: 4.339e-01 | val acc: 3.681e-01 | val graph: 1.820e-01 | test node: 3.488e-01 | test graph: 1.710e-01
[EPOCH 2001] | train acc: 4.360e-01 | val acc: 3.983e-01 | val graph: 1.920e-01 | test node: 3.778e-01 | test graph: 1.810e-01
[EPOCH 2201] | train acc: 4.318e-01 | val acc: 3.718e-01 | val graph: 1.860e-01 | test node: 3.578e-01 | test graph: 1.700e-01
[EPOCH 2401] | train acc: 3.471e-01 | val acc: 2.500e-01 | val graph: 1.320e-01 | test node: 2.517e-01 | test graph: 1.320e-01
[EPOCH 2601] | train acc: 2.562e-01 | val acc: 2.712e-01 | val graph: 1.120e-01 | test node: 2.485e-01 | test graph: 9.000e-02
[EPOCH 2801] | train acc: 4.483e-01 | val acc: 4.401e-01 | val graph: 2.240e-01 | test node: 4.090e-01 | test graph: 1.800e-01
[EPOCH 3001] | train acc: 4.442e-01 | val acc: 4.492e-01 | val graph: 2.280e-01 | test node: 4.158e-01 | test graph: 1.850e-01
[EPOCH 3201] | train acc: 4.442e-01 | val acc: 4.274e-01 | val graph: 2.060e-01 | test node: 4.026e-01 | test graph: 1.730e-01
[EPOCH 3401] | train acc: 2.955e-01 | val acc: 2.203e-01 | val graph: 1.340e-01 | test node: 2.483e-01 | test graph: 1.510e-01
[EPOCH 3601] | train acc: 4.463e-01 | val acc: 4.470e-01 | val graph: 2.360e-01 | test node: 4.058e-01 | test graph: 1.860e-01
[EPOCH 3801] | train acc: 4.442e-01 | val acc: 4.481e-01 | val graph: 2.300e-01 | test node: 4.092e-01 | test graph: 1.870e-01
[EPOCH 4001] | train acc: 4.545e-01 | val acc: 4.534e-01 | val graph: 2.360e-01 | test node: 4.150e-01 | test graph: 1.830e-01
[EPOCH 4201] | train acc: 3.388e-01 | val acc: 2.664e-01 | val graph: 1.100e-01 | test node: 2.570e-01 | test graph: 9.900e-02
[EPOCH 4401] | train acc: 4.669e-01 | val acc: 4.592e-01 | val graph: 2.380e-01 | test node: 4.274e-01 | test graph: 1.980e-01
[EPOCH 4601] | train acc: 4.442e-01 | val acc: 4.439e-01 | val graph: 2.340e-01 | test node: 4.011e-01 | test graph: 1.820e-01
[EPOCH 4801] | train acc: 1.343e-01 | val acc: 1.801e-01 | val graph: 1.540e-01 | test node: 2.055e-01 | test graph: 1.580e-01
[EPOCH 5001] | train acc: 3.802e-01 | val acc: 4.137e-01 | val graph: 1.740e-01 | test node: 3.873e-01 | test graph: 1.520e-01
[EPOCH 5201] | train acc: 4.421e-01 | val acc: 4.465e-01 | val graph: 2.240e-01 | test node: 4.063e-01 | test graph: 1.790e-01
[EPOCH 5401] | train acc: 4.442e-01 | val acc: 4.423e-01 | val graph: 2.320e-01 | test node: 4.040e-01 | test graph: 1.870e-01
[EPOCH 5601] | train acc: 4.442e-01 | val acc: 4.412e-01 | val graph: 2.300e-01 | test node: 4.026e-01 | test graph: 1.860e-01
[EPOCH 5801] | train acc: 4.442e-01 | val acc: 4.380e-01 | val graph: 2.280e-01 | test node: 4.021e-01 | test graph: 1.880e-01
[EPOCH 6001] | train acc: 5.702e-01 | val acc: 5.154e-01 | val graph: 2.760e-01 | test node: 4.828e-01 | test graph: 2.460e-01
[EPOCH 6201] | train acc: 4.442e-01 | val acc: 4.301e-01 | val graph: 2.260e-01 | test node: 3.982e-01 | test graph: 1.850e-01
[EPOCH 6401] | train acc: 4.855e-01 | val acc: 4.391e-01 | val graph: 2.280e-01 | test node: 4.055e-01 | test graph: 1.880e-01
[EPOCH 6601] | train acc: 5.868e-01 | val acc: 5.387e-01 | val graph: 3.060e-01 | test node: 4.984e-01 | test graph: 2.680e-01
[EPOCH 6801] | train acc: 6.777e-01 | val acc: 5.334e-01 | val graph: 2.840e-01 | test node: 5.135e-01 | test graph: 2.610e-01
[EPOCH 7001] | train acc: 6.777e-01 | val acc: 5.265e-01 | val graph: 2.780e-01 | test node: 5.013e-01 | test graph: 2.550e-01
[EPOCH 7201] | train acc: 6.818e-01 | val acc: 5.450e-01 | val graph: 2.980e-01 | test node: 5.237e-01 | test graph: 2.710e-01
[EPOCH 7401] | train acc: 6.942e-01 | val acc: 5.456e-01 | val graph: 3.060e-01 | test node: 5.230e-01 | test graph: 2.730e-01
[EPOCH 7601] | train acc: 6.963e-01 | val acc: 5.922e-01 | val graph: 3.700e-01 | test node: 5.686e-01 | test graph: 3.230e-01
[EPOCH 7801] | train acc: 6.777e-01 | val acc: 5.646e-01 | val graph: 3.340e-01 | test node: 5.383e-01 | test graph: 2.900e-01
[EPOCH 8001] | train acc: 6.798e-01 | val acc: 5.673e-01 | val graph: 3.320e-01 | test node: 5.383e-01 | test graph: 2.860e-01
[EPOCH 8201] | train acc: 6.963e-01 | val acc: 5.768e-01 | val graph: 3.460e-01 | test node: 5.456e-01 | test graph: 3.000e-01
[EPOCH 8401] | train acc: 7.107e-01 | val acc: 6.001e-01 | val graph: 3.660e-01 | test node: 5.747e-01 | test graph: 3.310e-01
[EPOCH 8601] | train acc: 7.004e-01 | val acc: 5.927e-01 | val graph: 3.600e-01 | test node: 5.662e-01 | test graph: 3.180e-01
[EPOCH 8801] | train acc: 7.066e-01 | val acc: 6.054e-01 | val graph: 3.720e-01 | test node: 5.760e-01 | test graph: 3.360e-01
[EPOCH 9001] | train acc: 7.107e-01 | val acc: 6.160e-01 | val graph: 3.840e-01 | test node: 5.984e-01 | test graph: 3.600e-01
[EPOCH 9201] | train acc: 7.107e-01 | val acc: 6.287e-01 | val graph: 4.020e-01 | test node: 6.055e-01 | test graph: 3.660e-01
[EPOCH 9401] | train acc: 7.066e-01 | val acc: 6.314e-01 | val graph: 4.000e-01 | test node: 6.079e-01 | test graph: 3.680e-01
[EPOCH 9601] | train acc: 7.107e-01 | val acc: 6.329e-01 | val graph: 4.060e-01 | test node: 6.156e-01 | test graph: 3.760e-01
[EPOCH 9801] | train acc: 7.004e-01 | val acc: 6.261e-01 | val graph: 3.880e-01 | test node: 6.026e-01 | test graph: 3.580e-01
[EPOCH 10001] | train acc: 7.169e-01 | val acc: 6.218e-01 | val graph: 4.000e-01 | test node: 6.092e-01 | test graph: 3.780e-01
[EPOCH 10201] | train acc: 7.169e-01 | val acc: 6.239e-01 | val graph: 3.920e-01 | test node: 6.124e-01 | test graph: 3.740e-01
[EPOCH 10401] | train acc: 7.169e-01 | val acc: 6.245e-01 | val graph: 4.000e-01 | test node: 6.129e-01 | test graph: 3.800e-01
[EPOCH 10601] | train acc: 7.397e-01 | val acc: 6.292e-01 | val graph: 4.060e-01 | test node: 6.179e-01 | test graph: 3.850e-01
[EPOCH 10801] | train acc: 8.058e-01 | val acc: 6.483e-01 | val graph: 4.200e-01 | test node: 6.425e-01 | test graph: 3.960e-01
[EPOCH 11001] | train acc: 8.202e-01 | val acc: 7.023e-01 | val graph: 4.620e-01 | test node: 6.982e-01 | test graph: 4.380e-01
[EPOCH 11201] | train acc: 8.264e-01 | val acc: 7.426e-01 | val graph: 5.120e-01 | test node: 7.499e-01 | test graph: 4.970e-01
[EPOCH 11401] | train acc: 8.533e-01 | val acc: 7.617e-01 | val graph: 5.320e-01 | test node: 7.670e-01 | test graph: 5.140e-01
[EPOCH 11601] | train acc: 8.285e-01 | val acc: 7.548e-01 | val graph: 5.280e-01 | test node: 7.644e-01 | test graph: 5.120e-01
[EPOCH 11801] | train acc: 8.388e-01 | val acc: 7.505e-01 | val graph: 5.280e-01 | test node: 7.633e-01 | test graph: 5.170e-01
[EPOCH 12001] | train acc: 8.347e-01 | val acc: 7.564e-01 | val graph: 5.300e-01 | test node: 7.689e-01 | test graph: 5.180e-01
[EPOCH 12201] | train acc: 8.409e-01 | val acc: 7.532e-01 | val graph: 5.300e-01 | test node: 7.662e-01 | test graph: 5.180e-01
[EPOCH 12401] | train acc: 8.430e-01 | val acc: 7.542e-01 | val graph: 5.300e-01 | test node: 7.615e-01 | test graph: 5.130e-01
[EPOCH 12601] | train acc: 8.409e-01 | val acc: 7.521e-01 | val graph: 5.280e-01 | test node: 7.641e-01 | test graph: 5.120e-01
[EPOCH 12801] | train acc: 8.409e-01 | val acc: 7.537e-01 | val graph: 5.320e-01 | test node: 7.646e-01 | test graph: 5.100e-01
[EPOCH 13001] | train acc: 8.409e-01 | val acc: 7.569e-01 | val graph: 5.300e-01 | test node: 7.644e-01 | test graph: 5.130e-01
[EPOCH 13201] | train acc: 8.368e-01 | val acc: 7.585e-01 | val graph: 5.380e-01 | test node: 7.652e-01 | test graph: 5.110e-01
[EPOCH 13401] | train acc: 8.430e-01 | val acc: 7.558e-01 | val graph: 5.240e-01 | test node: 7.633e-01 | test graph: 5.120e-01
[EPOCH 13601] | train acc: 8.409e-01 | val acc: 7.617e-01 | val graph: 5.400e-01 | test node: 7.649e-01 | test graph: 5.130e-01
[EPOCH 13801] | train acc: 8.430e-01 | val acc: 7.542e-01 | val graph: 5.300e-01 | test node: 7.623e-01 | test graph: 5.090e-01
[EPOCH 14001] | train acc: 8.388e-01 | val acc: 7.526e-01 | val graph: 5.220e-01 | test node: 7.580e-01 | test graph: 5.060e-01
[EPOCH 14201] | train acc: 8.388e-01 | val acc: 7.611e-01 | val graph: 5.340e-01 | test node: 7.625e-01 | test graph: 5.100e-01
[EPOCH 14401] | train acc: 8.409e-01 | val acc: 7.489e-01 | val graph: 5.180e-01 | test node: 7.565e-01 | test graph: 5.030e-01
[EPOCH 14601] | train acc: 8.388e-01 | val acc: 7.548e-01 | val graph: 5.240e-01 | test node: 7.609e-01 | test graph: 5.070e-01
[EPOCH 14801] | train acc: 8.409e-01 | val acc: 7.585e-01 | val graph: 5.360e-01 | test node: 7.623e-01 | test graph: 5.130e-01
[EPOCH 15001] | train acc: 8.471e-01 | val acc: 7.548e-01 | val graph: 5.280e-01 | test node: 7.641e-01 | test graph: 5.110e-01
[EPOCH 15201] | train acc: 8.388e-01 | val acc: 7.606e-01 | val graph: 5.400e-01 | test node: 7.652e-01 | test graph: 5.130e-01
[EPOCH 15401] | train acc: 8.450e-01 | val acc: 7.548e-01 | val graph: 5.320e-01 | test node: 7.596e-01 | test graph: 5.040e-01
[EPOCH 15601] | train acc: 8.368e-01 | val acc: 7.516e-01 | val graph: 5.240e-01 | test node: 7.625e-01 | test graph: 5.060e-01
[EPOCH 15801] | train acc: 8.409e-01 | val acc: 7.495e-01 | val graph: 5.160e-01 | test node: 7.628e-01 | test graph: 5.100e-01
[EPOCH 16001] | train acc: 8.450e-01 | val acc: 7.537e-01 | val graph: 5.360e-01 | test node: 7.575e-01 | test graph: 5.060e-01
[EPOCH 16201] | train acc: 8.492e-01 | val acc: 7.564e-01 | val graph: 5.260e-01 | test node: 7.596e-01 | test graph: 5.040e-01
[EPOCH 16401] | train acc: 8.492e-01 | val acc: 7.542e-01 | val graph: 5.320e-01 | test node: 7.636e-01 | test graph: 5.120e-01
[EPOCH 16601] | train acc: 8.430e-01 | val acc: 7.532e-01 | val graph: 5.320e-01 | test node: 7.631e-01 | test graph: 5.100e-01
[EPOCH 16801] | train acc: 8.409e-01 | val acc: 7.569e-01 | val graph: 5.320e-01 | test node: 7.617e-01 | test graph: 5.050e-01
[EPOCH 17001] | train acc: 8.430e-01 | val acc: 7.516e-01 | val graph: 5.180e-01 | test node: 7.588e-01 | test graph: 5.020e-01
[EPOCH 17201] | train acc: 8.368e-01 | val acc: 7.532e-01 | val graph: 5.180e-01 | test node: 7.649e-01 | test graph: 5.120e-01
[EPOCH 17401] | train acc: 8.388e-01 | val acc: 7.532e-01 | val graph: 5.220e-01 | test node: 7.573e-01 | test graph: 5.020e-01
[EPOCH 17601] | train acc: 8.409e-01 | val acc: 7.521e-01 | val graph: 5.240e-01 | test node: 7.565e-01 | test graph: 5.030e-01
[EPOCH 17801] | train acc: 8.430e-01 | val acc: 7.558e-01 | val graph: 5.260e-01 | test node: 7.636e-01 | test graph: 5.150e-01
[EPOCH 18001] | train acc: 8.409e-01 | val acc: 7.362e-01 | val graph: 5.080e-01 | test node: 7.475e-01 | test graph: 4.970e-01
[EPOCH 18201] | train acc: 8.409e-01 | val acc: 7.532e-01 | val graph: 5.220e-01 | test node: 7.538e-01 | test graph: 4.980e-01
[EPOCH 18401] | train acc: 8.430e-01 | val acc: 7.511e-01 | val graph: 5.200e-01 | test node: 7.607e-01 | test graph: 5.050e-01
[EPOCH 18601] | train acc: 8.471e-01 | val acc: 7.479e-01 | val graph: 5.200e-01 | test node: 7.594e-01 | test graph: 5.100e-01
[EPOCH 18801] | train acc: 8.471e-01 | val acc: 7.579e-01 | val graph: 5.300e-01 | test node: 7.609e-01 | test graph: 5.060e-01
[EPOCH 19001] | train acc: 8.430e-01 | val acc: 7.569e-01 | val graph: 5.220e-01 | test node: 7.586e-01 | test graph: 5.050e-01
[EPOCH 19201] | train acc: 8.409e-01 | val acc: 7.532e-01 | val graph: 5.240e-01 | test node: 7.604e-01 | test graph: 5.050e-01
[EPOCH 19401] | train acc: 8.388e-01 | val acc: 7.537e-01 | val graph: 5.220e-01 | test node: 7.567e-01 | test graph: 5.050e-01
[EPOCH 19601] | train acc: 8.430e-01 | val acc: 7.548e-01 | val graph: 5.240e-01 | test node: 7.594e-01 | test graph: 4.980e-01
[EPOCH 19801] | train acc: 8.409e-01 | val acc: 7.548e-01 | val graph: 5.200e-01 | test node: 7.620e-01 | test graph: 5.080e-01
[EPOCH 20001] | train acc: 8.409e-01 | val acc: 7.548e-01 | val graph: 5.260e-01 | test node: 7.628e-01 | test graph: 5.090e-01
[EPOCH 20201] | train acc: 8.430e-01 | val acc: 7.521e-01 | val graph: 5.240e-01 | test node: 7.562e-01 | test graph: 4.960e-01
[EPOCH 20401] | train acc: 8.409e-01 | val acc: 7.526e-01 | val graph: 5.220e-01 | test node: 7.533e-01 | test graph: 5.000e-01
[EPOCH 20601] | train acc: 8.409e-01 | val acc: 7.558e-01 | val graph: 5.260e-01 | test node: 7.615e-01 | test graph: 5.100e-01
[EPOCH 20801] | train acc: 8.430e-01 | val acc: 7.558e-01 | val graph: 5.240e-01 | test node: 7.625e-01 | test graph: 5.100e-01
[EPOCH 21001] | train acc: 8.430e-01 | val acc: 7.564e-01 | val graph: 5.220e-01 | test node: 7.591e-01 | test graph: 4.980e-01
[EPOCH 21201] | train acc: 8.368e-01 | val acc: 7.526e-01 | val graph: 5.160e-01 | test node: 7.520e-01 | test graph: 4.940e-01
[EPOCH 21401] | train acc: 8.430e-01 | val acc: 7.574e-01 | val graph: 5.240e-01 | test node: 7.578e-01 | test graph: 5.040e-01
[EPOCH 21601] | train acc: 8.430e-01 | val acc: 7.542e-01 | val graph: 5.260e-01 | test node: 7.567e-01 | test graph: 4.990e-01
[EPOCH 21801] | train acc: 8.450e-01 | val acc: 7.553e-01 | val graph: 5.200e-01 | test node: 7.549e-01 | test graph: 4.990e-01
[EPOCH 22001] | train acc: 8.450e-01 | val acc: 7.463e-01 | val graph: 5.100e-01 | test node: 7.599e-01 | test graph: 5.130e-01
[EPOCH 22201] | train acc: 8.450e-01 | val acc: 7.521e-01 | val graph: 5.300e-01 | test node: 7.578e-01 | test graph: 5.000e-01
[EPOCH 22401] | train acc: 8.471e-01 | val acc: 7.500e-01 | val graph: 5.160e-01 | test node: 7.567e-01 | test graph: 4.990e-01
[EPOCH 22601] | train acc: 8.471e-01 | val acc: 7.564e-01 | val graph: 5.260e-01 | test node: 7.570e-01 | test graph: 4.990e-01
[EPOCH 22801] | train acc: 8.409e-01 | val acc: 7.542e-01 | val graph: 5.240e-01 | test node: 7.565e-01 | test graph: 5.000e-01
[EPOCH 23001] | train acc: 8.450e-01 | val acc: 7.511e-01 | val graph: 5.200e-01 | test node: 7.583e-01 | test graph: 5.020e-01
[EPOCH 23201] | train acc: 8.409e-01 | val acc: 7.548e-01 | val graph: 5.260e-01 | test node: 7.551e-01 | test graph: 5.020e-01
[EPOCH 23401] | train acc: 8.388e-01 | val acc: 7.426e-01 | val graph: 5.080e-01 | test node: 7.525e-01 | test graph: 4.980e-01
[EPOCH 23601] | train acc: 8.430e-01 | val acc: 7.553e-01 | val graph: 5.180e-01 | test node: 7.578e-01 | test graph: 5.050e-01
[EPOCH 23801] | train acc: 8.450e-01 | val acc: 7.500e-01 | val graph: 5.140e-01 | test node: 7.541e-01 | test graph: 4.990e-01
[EPOCH 24001] | train acc: 8.430e-01 | val acc: 7.511e-01 | val graph: 5.180e-01 | test node: 7.559e-01 | test graph: 4.990e-01
[EPOCH 24201] | train acc: 8.450e-01 | val acc: 7.526e-01 | val graph: 5.160e-01 | test node: 7.580e-01 | test graph: 5.010e-01
[EPOCH 24401] | train acc: 8.388e-01 | val acc: 7.516e-01 | val graph: 5.220e-01 | test node: 7.580e-01 | test graph: 4.980e-01
[EPOCH 24601] | train acc: 8.450e-01 | val acc: 7.537e-01 | val graph: 5.240e-01 | test node: 7.599e-01 | test graph: 5.070e-01
[EPOCH 24801] | train acc: 8.409e-01 | val acc: 7.495e-01 | val graph: 5.260e-01 | test node: 7.586e-01 | test graph: 5.000e-01
[EPOCH 25001] | train acc: 8.450e-01 | val acc: 7.500e-01 | val graph: 5.200e-01 | test node: 7.533e-01 | test graph: 5.010e-01
[EPOCH 25201] | train acc: 8.450e-01 | val acc: 7.500e-01 | val graph: 5.180e-01 | test node: 7.588e-01 | test graph: 5.050e-01
[EPOCH 25401] | train acc: 8.450e-01 | val acc: 7.500e-01 | val graph: 5.180e-01 | test node: 7.567e-01 | test graph: 5.030e-01
[EPOCH 25601] | train acc: 8.471e-01 | val acc: 7.548e-01 | val graph: 5.240e-01 | test node: 7.594e-01 | test graph: 5.020e-01
[EPOCH 25801] | train acc: 8.450e-01 | val acc: 7.479e-01 | val graph: 5.200e-01 | test node: 7.546e-01 | test graph: 4.980e-01
[EPOCH 26001] | train acc: 8.388e-01 | val acc: 7.489e-01 | val graph: 5.120e-01 | test node: 7.546e-01 | test graph: 4.980e-01
[EPOCH 26201] | train acc: 8.409e-01 | val acc: 7.542e-01 | val graph: 5.240e-01 | test node: 7.570e-01 | test graph: 4.970e-01
[EPOCH 26401] | train acc: 8.471e-01 | val acc: 7.558e-01 | val graph: 5.240e-01 | test node: 7.612e-01 | test graph: 5.050e-01
[EPOCH 26601] | train acc: 8.450e-01 | val acc: 7.537e-01 | val graph: 5.220e-01 | test node: 7.623e-01 | test graph: 5.080e-01
[EPOCH 26801] | train acc: 8.471e-01 | val acc: 7.548e-01 | val graph: 5.180e-01 | test node: 7.591e-01 | test graph: 5.050e-01
[EPOCH 27001] | train acc: 8.471e-01 | val acc: 7.484e-01 | val graph: 5.160e-01 | test node: 7.538e-01 | test graph: 4.990e-01
[EPOCH 27201] | train acc: 8.450e-01 | val acc: 7.474e-01 | val graph: 5.200e-01 | test node: 7.538e-01 | test graph: 4.990e-01
[EPOCH 27401] | train acc: 8.430e-01 | val acc: 7.511e-01 | val graph: 5.160e-01 | test node: 7.554e-01 | test graph: 4.990e-01
[EPOCH 27601] | train acc: 8.450e-01 | val acc: 7.526e-01 | val graph: 5.160e-01 | test node: 7.575e-01 | test graph: 4.960e-01
[EPOCH 27801] | train acc: 8.471e-01 | val acc: 7.532e-01 | val graph: 5.200e-01 | test node: 7.615e-01 | test graph: 5.010e-01
[EPOCH 28001] | train acc: 8.388e-01 | val acc: 7.516e-01 | val graph: 5.240e-01 | test node: 7.583e-01 | test graph: 5.060e-01
[EPOCH 28201] | train acc: 8.409e-01 | val acc: 7.537e-01 | val graph: 5.260e-01 | test node: 7.599e-01 | test graph: 5.060e-01
[EPOCH 28401] | train acc: 8.430e-01 | val acc: 7.458e-01 | val graph: 5.100e-01 | test node: 7.557e-01 | test graph: 5.040e-01
[EPOCH 28601] | train acc: 8.492e-01 | val acc: 7.489e-01 | val graph: 5.140e-01 | test node: 7.525e-01 | test graph: 4.930e-01
[EPOCH 28801] | train acc: 8.450e-01 | val acc: 7.548e-01 | val graph: 5.220e-01 | test node: 7.575e-01 | test graph: 4.990e-01
[EPOCH 29001] | train acc: 8.471e-01 | val acc: 7.479e-01 | val graph: 5.220e-01 | test node: 7.578e-01 | test graph: 4.990e-01
[EPOCH 29201] | train acc: 8.450e-01 | val acc: 7.495e-01 | val graph: 5.220e-01 | test node: 7.599e-01 | test graph: 5.040e-01
[EPOCH 29401] | train acc: 8.430e-01 | val acc: 7.516e-01 | val graph: 5.180e-01 | test node: 7.567e-01 | test graph: 5.010e-01
[EPOCH 29601] | train acc: 8.409e-01 | val acc: 7.458e-01 | val graph: 5.040e-01 | test node: 7.541e-01 | test graph: 4.940e-01
[EPOCH 29801] | train acc: 8.430e-01 | val acc: 7.489e-01 | val graph: 5.200e-01 | test node: 7.512e-01 | test graph: 4.910e-01
 
