----------------------------------------------------------------------------------------------------
Make Directory citeseer/Gaussian_SAGEConv in Logs
[91mNov28-16:43:57[0m
----------------------------------------------------------------------------------------------------
[citeseer]   seed=42
----------------------------------------------------------------------------------------------------
lr=0.0005 unweighted_MSE=False diffusion_steps=80 schedule=True weight_decay=0.001 cat=False skip=False
nhid=64 layers=4 linears=2
----------------------------------------------------------------------------------------------------
[EPOCH 0001] | train acc: 1.260e-01 | val acc: 1.017e-01 | val graph: 2.800e-02 | test node: 1.042e-01 | test graph: 2.600e-02
[EPOCH 0101] | train acc: 1.198e-01 | val acc: 1.213e-01 | val graph: 9.800e-02 | test node: 1.446e-01 | test graph: 1.180e-01
[EPOCH 0201] | train acc: 1.198e-01 | val acc: 1.213e-01 | val graph: 9.800e-02 | test node: 1.446e-01 | test graph: 1.180e-01
[EPOCH 0301] | train acc: 2.087e-01 | val acc: 2.087e-01 | val graph: 1.340e-01 | test node: 1.834e-01 | test graph: 1.080e-01
[EPOCH 0401] | train acc: 2.087e-01 | val acc: 2.087e-01 | val graph: 1.340e-01 | test node: 1.834e-01 | test graph: 1.080e-01
[EPOCH 0501] | train acc: 2.376e-01 | val acc: 2.627e-01 | val graph: 1.120e-01 | test node: 2.441e-01 | test graph: 8.900e-02
[EPOCH 0601] | train acc: 1.198e-01 | val acc: 1.224e-01 | val graph: 1.020e-01 | test node: 1.456e-01 | test graph: 1.220e-01
[EPOCH 0701] | train acc: 3.657e-01 | val acc: 3.490e-01 | val graph: 1.900e-01 | test node: 3.522e-01 | test graph: 1.880e-01
[EPOCH 0801] | train acc: 4.360e-01 | val acc: 4.338e-01 | val graph: 2.320e-01 | test node: 3.979e-01 | test graph: 1.850e-01
[EPOCH 0901] | train acc: 6.364e-01 | val acc: 5.662e-01 | val graph: 3.280e-01 | test node: 5.356e-01 | test graph: 3.020e-01
[EPOCH 1001] | train acc: 7.045e-01 | val acc: 6.255e-01 | val graph: 3.980e-01 | test node: 6.113e-01 | test graph: 3.670e-01
[EPOCH 1101] | train acc: 7.624e-01 | val acc: 6.568e-01 | val graph: 4.260e-01 | test node: 6.369e-01 | test graph: 3.910e-01
[EPOCH 1201] | train acc: 7.686e-01 | val acc: 6.345e-01 | val graph: 4.020e-01 | test node: 6.227e-01 | test graph: 3.800e-01
[EPOCH 1301] | train acc: 7.934e-01 | val acc: 6.801e-01 | val graph: 4.520e-01 | test node: 6.644e-01 | test graph: 4.220e-01
[EPOCH 1401] | train acc: 8.017e-01 | val acc: 7.320e-01 | val graph: 4.900e-01 | test node: 7.335e-01 | test graph: 4.820e-01
[EPOCH 1501] | train acc: 7.893e-01 | val acc: 7.447e-01 | val graph: 5.100e-01 | test node: 7.417e-01 | test graph: 5.020e-01
[EPOCH 1601] | train acc: 8.244e-01 | val acc: 7.267e-01 | val graph: 4.980e-01 | test node: 7.296e-01 | test graph: 4.860e-01
[EPOCH 1701] | train acc: 8.574e-01 | val acc: 7.526e-01 | val graph: 5.120e-01 | test node: 7.588e-01 | test graph: 5.160e-01
[EPOCH 1801] | train acc: 8.595e-01 | val acc: 7.511e-01 | val graph: 5.180e-01 | test node: 7.575e-01 | test graph: 5.140e-01
[EPOCH 1901] | train acc: 8.760e-01 | val acc: 7.505e-01 | val graph: 5.160e-01 | test node: 7.567e-01 | test graph: 5.080e-01
[EPOCH 2001] | train acc: 8.616e-01 | val acc: 7.225e-01 | val graph: 4.820e-01 | test node: 7.306e-01 | test graph: 4.710e-01
[EPOCH 2101] | train acc: 8.946e-01 | val acc: 7.484e-01 | val graph: 5.100e-01 | test node: 7.612e-01 | test graph: 5.100e-01
[EPOCH 2201] | train acc: 9.112e-01 | val acc: 7.421e-01 | val graph: 5.060e-01 | test node: 7.517e-01 | test graph: 4.860e-01
[EPOCH 2301] | train acc: 9.380e-01 | val acc: 7.436e-01 | val graph: 4.920e-01 | test node: 7.538e-01 | test graph: 4.860e-01
[EPOCH 2401] | train acc: 9.504e-01 | val acc: 7.489e-01 | val graph: 5.060e-01 | test node: 7.673e-01 | test graph: 5.080e-01
[EPOCH 2501] | train acc: 9.731e-01 | val acc: 7.511e-01 | val graph: 5.040e-01 | test node: 7.673e-01 | test graph: 4.960e-01
[EPOCH 2601] | train acc: 9.773e-01 | val acc: 7.468e-01 | val graph: 4.960e-01 | test node: 7.678e-01 | test graph: 4.970e-01
[EPOCH 2701] | train acc: 9.835e-01 | val acc: 7.484e-01 | val graph: 4.920e-01 | test node: 7.662e-01 | test graph: 4.950e-01
[EPOCH 2801] | train acc: 9.917e-01 | val acc: 7.532e-01 | val graph: 4.900e-01 | test node: 7.697e-01 | test graph: 4.940e-01
[EPOCH 2901] | train acc: 9.917e-01 | val acc: 7.484e-01 | val graph: 4.960e-01 | test node: 7.665e-01 | test graph: 5.070e-01
[EPOCH 3001] | train acc: 9.938e-01 | val acc: 7.532e-01 | val graph: 4.940e-01 | test node: 7.689e-01 | test graph: 5.020e-01
[EPOCH 3101] | train acc: 9.938e-01 | val acc: 7.558e-01 | val graph: 4.880e-01 | test node: 7.697e-01 | test graph: 5.110e-01
[EPOCH 3201] | train acc: 9.938e-01 | val acc: 7.505e-01 | val graph: 4.900e-01 | test node: 7.660e-01 | test graph: 5.010e-01
[EPOCH 3301] | train acc: 9.938e-01 | val acc: 7.521e-01 | val graph: 4.880e-01 | test node: 7.662e-01 | test graph: 4.990e-01
[EPOCH 3401] | train acc: 9.938e-01 | val acc: 7.474e-01 | val graph: 4.980e-01 | test node: 7.623e-01 | test graph: 4.950e-01
[EPOCH 3501] | train acc: 9.938e-01 | val acc: 7.452e-01 | val graph: 5.020e-01 | test node: 7.591e-01 | test graph: 4.860e-01
[EPOCH 3601] | train acc: 9.938e-01 | val acc: 7.495e-01 | val graph: 4.800e-01 | test node: 7.654e-01 | test graph: 4.940e-01
[EPOCH 3701] | train acc: 9.938e-01 | val acc: 7.479e-01 | val graph: 4.760e-01 | test node: 7.649e-01 | test graph: 4.970e-01
[EPOCH 3801] | train acc: 9.938e-01 | val acc: 7.479e-01 | val graph: 4.820e-01 | test node: 7.668e-01 | test graph: 5.000e-01
[EPOCH 3901] | train acc: 9.938e-01 | val acc: 7.468e-01 | val graph: 4.880e-01 | test node: 7.617e-01 | test graph: 4.940e-01
[EPOCH 4001] | train acc: 9.938e-01 | val acc: 7.468e-01 | val graph: 4.700e-01 | test node: 7.604e-01 | test graph: 4.920e-01
[EPOCH 4101] | train acc: 9.959e-01 | val acc: 7.463e-01 | val graph: 4.700e-01 | test node: 7.633e-01 | test graph: 4.970e-01
[EPOCH 4201] | train acc: 9.959e-01 | val acc: 7.357e-01 | val graph: 4.400e-01 | test node: 7.393e-01 | test graph: 4.560e-01
[EPOCH 4301] | train acc: 9.959e-01 | val acc: 7.479e-01 | val graph: 4.740e-01 | test node: 7.615e-01 | test graph: 4.930e-01
[EPOCH 4401] | train acc: 9.959e-01 | val acc: 7.410e-01 | val graph: 4.640e-01 | test node: 7.615e-01 | test graph: 4.930e-01
[EPOCH 4501] | train acc: 9.959e-01 | val acc: 7.378e-01 | val graph: 4.660e-01 | test node: 7.533e-01 | test graph: 4.780e-01
[EPOCH 4601] | train acc: 9.959e-01 | val acc: 7.399e-01 | val graph: 4.620e-01 | test node: 7.565e-01 | test graph: 4.780e-01
[EPOCH 4701] | train acc: 9.959e-01 | val acc: 7.346e-01 | val graph: 4.720e-01 | test node: 7.551e-01 | test graph: 4.870e-01
[EPOCH 4801] | train acc: 9.959e-01 | val acc: 7.389e-01 | val graph: 4.600e-01 | test node: 7.557e-01 | test graph: 4.770e-01
[EPOCH 4901] | train acc: 9.959e-01 | val acc: 7.442e-01 | val graph: 4.720e-01 | test node: 7.641e-01 | test graph: 4.950e-01
[EPOCH 5001] | train acc: 9.959e-01 | val acc: 7.383e-01 | val graph: 4.620e-01 | test node: 7.596e-01 | test graph: 4.900e-01
[EPOCH 5101] | train acc: 9.959e-01 | val acc: 7.410e-01 | val graph: 4.700e-01 | test node: 7.612e-01 | test graph: 4.860e-01
[EPOCH 5201] | train acc: 9.959e-01 | val acc: 7.442e-01 | val graph: 4.700e-01 | test node: 7.617e-01 | test graph: 4.880e-01
[EPOCH 5301] | train acc: 9.959e-01 | val acc: 7.399e-01 | val graph: 4.700e-01 | test node: 7.633e-01 | test graph: 4.930e-01
[EPOCH 5401] | train acc: 9.959e-01 | val acc: 7.405e-01 | val graph: 4.640e-01 | test node: 7.578e-01 | test graph: 4.800e-01
[EPOCH 5501] | train acc: 9.959e-01 | val acc: 7.320e-01 | val graph: 4.680e-01 | test node: 7.404e-01 | test graph: 4.620e-01
[EPOCH 5601] | train acc: 9.959e-01 | val acc: 7.458e-01 | val graph: 4.700e-01 | test node: 7.612e-01 | test graph: 4.860e-01
[EPOCH 5701] | train acc: 9.959e-01 | val acc: 7.426e-01 | val graph: 4.740e-01 | test node: 7.644e-01 | test graph: 4.970e-01
[EPOCH 5801] | train acc: 9.959e-01 | val acc: 7.219e-01 | val graph: 4.400e-01 | test node: 7.306e-01 | test graph: 4.440e-01
[EPOCH 5901] | train acc: 9.959e-01 | val acc: 7.458e-01 | val graph: 4.680e-01 | test node: 7.573e-01 | test graph: 4.880e-01
[EPOCH 6001] | train acc: 9.959e-01 | val acc: 7.447e-01 | val graph: 4.720e-01 | test node: 7.607e-01 | test graph: 4.890e-01
[EPOCH 6101] | train acc: 9.959e-01 | val acc: 7.463e-01 | val graph: 4.740e-01 | test node: 7.654e-01 | test graph: 4.940e-01
[EPOCH 6201] | train acc: 9.959e-01 | val acc: 7.421e-01 | val graph: 4.660e-01 | test node: 7.599e-01 | test graph: 4.880e-01
[EPOCH 6301] | train acc: 9.959e-01 | val acc: 7.447e-01 | val graph: 4.740e-01 | test node: 7.657e-01 | test graph: 4.940e-01
[EPOCH 6401] | train acc: 9.959e-01 | val acc: 7.431e-01 | val graph: 4.740e-01 | test node: 7.588e-01 | test graph: 4.830e-01
[EPOCH 6501] | train acc: 9.959e-01 | val acc: 7.431e-01 | val graph: 4.760e-01 | test node: 7.612e-01 | test graph: 4.850e-01
[EPOCH 6601] | train acc: 9.959e-01 | val acc: 7.495e-01 | val graph: 4.780e-01 | test node: 7.665e-01 | test graph: 4.970e-01
[EPOCH 6701] | train acc: 9.959e-01 | val acc: 7.474e-01 | val graph: 4.760e-01 | test node: 7.665e-01 | test graph: 4.940e-01
[EPOCH 6801] | train acc: 9.959e-01 | val acc: 7.447e-01 | val graph: 4.740e-01 | test node: 7.612e-01 | test graph: 4.920e-01
[EPOCH 6901] | train acc: 9.959e-01 | val acc: 7.399e-01 | val graph: 4.740e-01 | test node: 7.633e-01 | test graph: 4.960e-01
[EPOCH 7001] | train acc: 9.959e-01 | val acc: 7.452e-01 | val graph: 4.760e-01 | test node: 7.586e-01 | test graph: 4.800e-01
[EPOCH 7101] | train acc: 9.959e-01 | val acc: 7.447e-01 | val graph: 4.780e-01 | test node: 7.612e-01 | test graph: 4.910e-01
[EPOCH 7201] | train acc: 9.959e-01 | val acc: 7.489e-01 | val graph: 4.820e-01 | test node: 7.639e-01 | test graph: 4.960e-01
[EPOCH 7301] | train acc: 9.959e-01 | val acc: 7.405e-01 | val graph: 4.720e-01 | test node: 7.596e-01 | test graph: 4.830e-01
[EPOCH 7401] | train acc: 9.959e-01 | val acc: 7.489e-01 | val graph: 4.840e-01 | test node: 7.657e-01 | test graph: 4.950e-01
[EPOCH 7501] | train acc: 9.959e-01 | val acc: 7.452e-01 | val graph: 4.680e-01 | test node: 7.636e-01 | test graph: 4.940e-01
[EPOCH 7601] | train acc: 9.959e-01 | val acc: 7.415e-01 | val graph: 4.740e-01 | test node: 7.609e-01 | test graph: 4.900e-01
[EPOCH 7701] | train acc: 9.959e-01 | val acc: 7.431e-01 | val graph: 4.780e-01 | test node: 7.546e-01 | test graph: 4.830e-01
[EPOCH 7801] | train acc: 9.959e-01 | val acc: 7.474e-01 | val graph: 4.800e-01 | test node: 7.620e-01 | test graph: 4.900e-01
[EPOCH 7901] | train acc: 9.959e-01 | val acc: 7.452e-01 | val graph: 4.700e-01 | test node: 7.623e-01 | test graph: 4.840e-01
[EPOCH 8001] | train acc: 9.959e-01 | val acc: 7.474e-01 | val graph: 4.820e-01 | test node: 7.607e-01 | test graph: 4.840e-01
[EPOCH 8101] | train acc: 9.959e-01 | val acc: 7.489e-01 | val graph: 4.820e-01 | test node: 7.652e-01 | test graph: 4.900e-01
[EPOCH 8201] | train acc: 9.959e-01 | val acc: 7.415e-01 | val graph: 4.720e-01 | test node: 7.586e-01 | test graph: 4.830e-01
[EPOCH 8301] | train acc: 9.959e-01 | val acc: 7.299e-01 | val graph: 4.440e-01 | test node: 7.332e-01 | test graph: 4.510e-01
[EPOCH 8401] | train acc: 9.959e-01 | val acc: 7.447e-01 | val graph: 4.740e-01 | test node: 7.620e-01 | test graph: 4.950e-01
[EPOCH 8501] | train acc: 9.959e-01 | val acc: 7.431e-01 | val graph: 4.740e-01 | test node: 7.580e-01 | test graph: 4.810e-01
[EPOCH 8601] | train acc: 9.959e-01 | val acc: 7.267e-01 | val graph: 4.600e-01 | test node: 7.356e-01 | test graph: 4.570e-01
[EPOCH 8701] | train acc: 9.959e-01 | val acc: 7.331e-01 | val graph: 4.560e-01 | test node: 7.406e-01 | test graph: 4.580e-01
[EPOCH 8801] | train acc: 9.959e-01 | val acc: 7.389e-01 | val graph: 4.660e-01 | test node: 7.549e-01 | test graph: 4.740e-01
[EPOCH 8901] | train acc: 9.959e-01 | val acc: 7.368e-01 | val graph: 4.680e-01 | test node: 7.567e-01 | test graph: 4.950e-01
[EPOCH 9001] | train acc: 9.959e-01 | val acc: 7.458e-01 | val graph: 4.780e-01 | test node: 7.620e-01 | test graph: 4.860e-01
[EPOCH 9101] | train acc: 9.959e-01 | val acc: 7.421e-01 | val graph: 4.780e-01 | test node: 7.583e-01 | test graph: 4.850e-01
[EPOCH 9201] | train acc: 9.959e-01 | val acc: 7.458e-01 | val graph: 4.880e-01 | test node: 7.591e-01 | test graph: 4.870e-01
[EPOCH 9301] | train acc: 9.959e-01 | val acc: 7.394e-01 | val graph: 4.640e-01 | test node: 7.602e-01 | test graph: 4.890e-01
[EPOCH 9401] | train acc: 9.938e-01 | val acc: 7.463e-01 | val graph: 4.840e-01 | test node: 7.546e-01 | test graph: 4.910e-01
[EPOCH 9501] | train acc: 9.959e-01 | val acc: 7.452e-01 | val graph: 4.820e-01 | test node: 7.620e-01 | test graph: 4.890e-01
[EPOCH 9601] | train acc: 9.959e-01 | val acc: 7.362e-01 | val graph: 4.700e-01 | test node: 7.583e-01 | test graph: 4.780e-01
[EPOCH 9701] | train acc: 9.959e-01 | val acc: 7.368e-01 | val graph: 4.560e-01 | test node: 7.517e-01 | test graph: 4.720e-01
[EPOCH 9801] | train acc: 9.959e-01 | val acc: 7.421e-01 | val graph: 4.840e-01 | test node: 7.583e-01 | test graph: 4.840e-01
[EPOCH 9901] | train acc: 9.959e-01 | val acc: 7.447e-01 | val graph: 4.820e-01 | test node: 7.602e-01 | test graph: 4.840e-01
[EPOCH 10001] | train acc: 9.959e-01 | val acc: 7.458e-01 | val graph: 4.800e-01 | test node: 7.580e-01 | test graph: 4.820e-01
[EPOCH 10101] | train acc: 9.959e-01 | val acc: 7.410e-01 | val graph: 4.660e-01 | test node: 7.623e-01 | test graph: 4.830e-01
[EPOCH 10201] | train acc: 9.959e-01 | val acc: 7.288e-01 | val graph: 4.500e-01 | test node: 7.438e-01 | test graph: 4.650e-01
[EPOCH 10301] | train acc: 9.959e-01 | val acc: 7.500e-01 | val graph: 4.840e-01 | test node: 7.594e-01 | test graph: 4.760e-01
[EPOCH 10401] | train acc: 9.959e-01 | val acc: 7.389e-01 | val graph: 4.660e-01 | test node: 7.533e-01 | test graph: 4.690e-01
[EPOCH 10501] | train acc: 9.959e-01 | val acc: 7.426e-01 | val graph: 4.740e-01 | test node: 7.551e-01 | test graph: 4.790e-01
[EPOCH 10601] | train acc: 9.938e-01 | val acc: 7.262e-01 | val graph: 4.740e-01 | test node: 7.449e-01 | test graph: 4.810e-01
[EPOCH 10701] | train acc: 9.959e-01 | val acc: 7.394e-01 | val graph: 4.720e-01 | test node: 7.544e-01 | test graph: 4.720e-01
[EPOCH 10801] | train acc: 9.959e-01 | val acc: 7.426e-01 | val graph: 4.800e-01 | test node: 7.578e-01 | test graph: 4.840e-01
[EPOCH 10901] | train acc: 9.959e-01 | val acc: 7.082e-01 | val graph: 4.320e-01 | test node: 7.203e-01 | test graph: 4.380e-01
[EPOCH 11001] | train acc: 9.959e-01 | val acc: 7.431e-01 | val graph: 4.780e-01 | test node: 7.591e-01 | test graph: 4.840e-01
[EPOCH 11101] | train acc: 9.959e-01 | val acc: 6.891e-01 | val graph: 4.060e-01 | test node: 6.850e-01 | test graph: 4.000e-01
[EPOCH 11201] | train acc: 9.959e-01 | val acc: 7.230e-01 | val graph: 4.480e-01 | test node: 7.325e-01 | test graph: 4.440e-01
[EPOCH 11301] | train acc: 9.959e-01 | val acc: 7.346e-01 | val graph: 4.660e-01 | test node: 7.422e-01 | test graph: 4.520e-01
[EPOCH 11401] | train acc: 9.959e-01 | val acc: 7.421e-01 | val graph: 4.780e-01 | test node: 7.602e-01 | test graph: 4.810e-01
[EPOCH 11501] | train acc: 9.959e-01 | val acc: 7.272e-01 | val graph: 4.680e-01 | test node: 7.496e-01 | test graph: 4.890e-01
[EPOCH 11601] | train acc: 9.959e-01 | val acc: 7.304e-01 | val graph: 4.560e-01 | test node: 7.454e-01 | test graph: 4.770e-01
[EPOCH 11701] | train acc: 9.959e-01 | val acc: 7.474e-01 | val graph: 4.860e-01 | test node: 7.586e-01 | test graph: 4.820e-01
[EPOCH 11801] | train acc: 9.959e-01 | val acc: 7.447e-01 | val graph: 4.700e-01 | test node: 7.575e-01 | test graph: 4.820e-01
[EPOCH 11901] | train acc: 9.959e-01 | val acc: 7.442e-01 | val graph: 4.760e-01 | test node: 7.567e-01 | test graph: 4.800e-01
[EPOCH 12001] | train acc: 9.959e-01 | val acc: 7.484e-01 | val graph: 4.800e-01 | test node: 7.615e-01 | test graph: 4.810e-01
[EPOCH 12101] | train acc: 9.959e-01 | val acc: 7.278e-01 | val graph: 4.480e-01 | test node: 7.425e-01 | test graph: 4.620e-01
[EPOCH 12201] | train acc: 9.959e-01 | val acc: 7.325e-01 | val graph: 4.620e-01 | test node: 7.530e-01 | test graph: 4.760e-01
[EPOCH 12301] | train acc: 9.959e-01 | val acc: 7.431e-01 | val graph: 4.820e-01 | test node: 7.625e-01 | test graph: 4.850e-01
[EPOCH 12401] | train acc: 9.959e-01 | val acc: 7.479e-01 | val graph: 4.940e-01 | test node: 7.636e-01 | test graph: 4.920e-01
[EPOCH 12501] | train acc: 9.959e-01 | val acc: 7.447e-01 | val graph: 4.780e-01 | test node: 7.551e-01 | test graph: 4.710e-01
[EPOCH 12601] | train acc: 9.959e-01 | val acc: 7.362e-01 | val graph: 4.660e-01 | test node: 7.573e-01 | test graph: 4.820e-01
[EPOCH 12701] | train acc: 9.959e-01 | val acc: 7.421e-01 | val graph: 4.840e-01 | test node: 7.594e-01 | test graph: 4.840e-01
[EPOCH 12801] | train acc: 9.959e-01 | val acc: 7.373e-01 | val graph: 4.760e-01 | test node: 7.522e-01 | test graph: 4.750e-01
[EPOCH 12901] | train acc: 9.959e-01 | val acc: 7.373e-01 | val graph: 4.760e-01 | test node: 7.533e-01 | test graph: 4.730e-01
[EPOCH 13001] | train acc: 9.959e-01 | val acc: 7.394e-01 | val graph: 4.800e-01 | test node: 7.549e-01 | test graph: 4.720e-01
[EPOCH 13101] | train acc: 9.959e-01 | val acc: 7.383e-01 | val graph: 4.700e-01 | test node: 7.591e-01 | test graph: 4.860e-01
[EPOCH 13201] | train acc: 9.959e-01 | val acc: 7.378e-01 | val graph: 4.660e-01 | test node: 7.475e-01 | test graph: 4.650e-01
[EPOCH 13301] | train acc: 9.959e-01 | val acc: 7.283e-01 | val graph: 4.640e-01 | test node: 7.520e-01 | test graph: 4.750e-01
[EPOCH 13401] | train acc: 9.959e-01 | val acc: 7.299e-01 | val graph: 4.560e-01 | test node: 7.612e-01 | test graph: 4.910e-01
[EPOCH 13501] | train acc: 9.959e-01 | val acc: 6.949e-01 | val graph: 4.120e-01 | test node: 6.995e-01 | test graph: 4.140e-01
[EPOCH 13601] | train acc: 9.959e-01 | val acc: 7.415e-01 | val graph: 4.840e-01 | test node: 7.530e-01 | test graph: 4.730e-01
[EPOCH 13701] | train acc: 9.959e-01 | val acc: 7.452e-01 | val graph: 4.800e-01 | test node: 7.559e-01 | test graph: 4.720e-01
[EPOCH 13801] | train acc: 9.959e-01 | val acc: 7.405e-01 | val graph: 4.800e-01 | test node: 7.573e-01 | test graph: 4.800e-01
[EPOCH 13901] | train acc: 9.959e-01 | val acc: 7.442e-01 | val graph: 4.800e-01 | test node: 7.623e-01 | test graph: 4.860e-01
[EPOCH 14001] | train acc: 9.959e-01 | val acc: 7.415e-01 | val graph: 4.760e-01 | test node: 7.586e-01 | test graph: 4.760e-01
[EPOCH 14101] | train acc: 9.959e-01 | val acc: 7.389e-01 | val graph: 4.740e-01 | test node: 7.530e-01 | test graph: 4.780e-01
[EPOCH 14201] | train acc: 9.959e-01 | val acc: 7.431e-01 | val graph: 4.780e-01 | test node: 7.604e-01 | test graph: 4.840e-01
[EPOCH 14301] | train acc: 9.938e-01 | val acc: 7.288e-01 | val graph: 4.620e-01 | test node: 7.380e-01 | test graph: 4.540e-01
[EPOCH 14401] | train acc: 9.959e-01 | val acc: 7.368e-01 | val graph: 4.760e-01 | test node: 7.541e-01 | test graph: 4.740e-01
[EPOCH 14501] | train acc: 9.959e-01 | val acc: 7.331e-01 | val graph: 4.760e-01 | test node: 7.515e-01 | test graph: 4.770e-01
[EPOCH 14601] | train acc: 9.959e-01 | val acc: 7.415e-01 | val graph: 4.700e-01 | test node: 7.557e-01 | test graph: 4.740e-01
[EPOCH 14701] | train acc: 9.959e-01 | val acc: 7.373e-01 | val graph: 4.680e-01 | test node: 7.578e-01 | test graph: 4.750e-01
[EPOCH 14801] | train acc: 9.959e-01 | val acc: 7.436e-01 | val graph: 4.800e-01 | test node: 7.586e-01 | test graph: 4.780e-01
[EPOCH 14901] | train acc: 9.959e-01 | val acc: 7.251e-01 | val graph: 4.520e-01 | test node: 7.375e-01 | test graph: 4.630e-01
[EPOCH 15001] | train acc: 9.959e-01 | val acc: 7.304e-01 | val graph: 4.680e-01 | test node: 7.546e-01 | test graph: 4.870e-01
[EPOCH 15101] | train acc: 9.959e-01 | val acc: 7.378e-01 | val graph: 4.720e-01 | test node: 7.636e-01 | test graph: 4.980e-01
[EPOCH 15201] | train acc: 9.959e-01 | val acc: 7.447e-01 | val graph: 4.780e-01 | test node: 7.549e-01 | test graph: 4.800e-01
[EPOCH 15301] | train acc: 9.959e-01 | val acc: 7.331e-01 | val graph: 4.660e-01 | test node: 7.438e-01 | test graph: 4.710e-01
[EPOCH 15401] | train acc: 9.959e-01 | val acc: 7.405e-01 | val graph: 4.780e-01 | test node: 7.580e-01 | test graph: 4.770e-01
[EPOCH 15501] | train acc: 9.959e-01 | val acc: 7.378e-01 | val graph: 4.760e-01 | test node: 7.536e-01 | test graph: 4.780e-01
[EPOCH 15601] | train acc: 9.959e-01 | val acc: 7.399e-01 | val graph: 4.740e-01 | test node: 7.530e-01 | test graph: 4.730e-01
[EPOCH 15701] | train acc: 9.959e-01 | val acc: 7.378e-01 | val graph: 4.820e-01 | test node: 7.538e-01 | test graph: 4.750e-01
[EPOCH 15801] | train acc: 9.959e-01 | val acc: 7.458e-01 | val graph: 4.760e-01 | test node: 7.588e-01 | test graph: 4.860e-01
[EPOCH 15901] | train acc: 9.959e-01 | val acc: 7.436e-01 | val graph: 4.780e-01 | test node: 7.615e-01 | test graph: 4.860e-01
[EPOCH 16001] | train acc: 9.959e-01 | val acc: 7.389e-01 | val graph: 4.660e-01 | test node: 7.496e-01 | test graph: 4.680e-01
[EPOCH 16101] | train acc: 9.959e-01 | val acc: 7.431e-01 | val graph: 4.780e-01 | test node: 7.588e-01 | test graph: 4.800e-01
[EPOCH 16201] | train acc: 9.959e-01 | val acc: 7.352e-01 | val graph: 4.680e-01 | test node: 7.528e-01 | test graph: 4.800e-01
[EPOCH 16301] | train acc: 9.959e-01 | val acc: 7.378e-01 | val graph: 4.640e-01 | test node: 7.583e-01 | test graph: 4.850e-01
[EPOCH 16401] | train acc: 9.959e-01 | val acc: 7.484e-01 | val graph: 4.860e-01 | test node: 7.607e-01 | test graph: 4.910e-01
[EPOCH 16501] | train acc: 9.959e-01 | val acc: 7.415e-01 | val graph: 4.760e-01 | test node: 7.567e-01 | test graph: 4.810e-01
[EPOCH 16601] | train acc: 9.959e-01 | val acc: 7.378e-01 | val graph: 4.820e-01 | test node: 7.594e-01 | test graph: 4.850e-01
[EPOCH 16701] | train acc: 9.959e-01 | val acc: 7.421e-01 | val graph: 4.680e-01 | test node: 7.525e-01 | test graph: 4.730e-01
[EPOCH 16801] | train acc: 9.959e-01 | val acc: 7.415e-01 | val graph: 4.640e-01 | test node: 7.599e-01 | test graph: 4.840e-01
[EPOCH 16901] | train acc: 9.959e-01 | val acc: 7.410e-01 | val graph: 4.720e-01 | test node: 7.604e-01 | test graph: 4.830e-01
[EPOCH 17001] | train acc: 9.959e-01 | val acc: 7.436e-01 | val graph: 4.940e-01 | test node: 7.583e-01 | test graph: 4.920e-01
[EPOCH 17101] | train acc: 9.959e-01 | val acc: 7.421e-01 | val graph: 4.740e-01 | test node: 7.580e-01 | test graph: 4.810e-01
[EPOCH 17201] | train acc: 9.959e-01 | val acc: 7.410e-01 | val graph: 4.820e-01 | test node: 7.636e-01 | test graph: 4.980e-01
[EPOCH 17301] | train acc: 9.959e-01 | val acc: 7.278e-01 | val graph: 4.380e-01 | test node: 7.509e-01 | test graph: 4.550e-01
[EPOCH 17401] | train acc: 9.959e-01 | val acc: 7.357e-01 | val graph: 4.520e-01 | test node: 7.567e-01 | test graph: 4.690e-01
[EPOCH 17501] | train acc: 9.959e-01 | val acc: 7.283e-01 | val graph: 4.420e-01 | test node: 7.451e-01 | test graph: 4.620e-01
[EPOCH 17601] | train acc: 9.959e-01 | val acc: 7.352e-01 | val graph: 4.460e-01 | test node: 7.559e-01 | test graph: 4.670e-01
[EPOCH 17701] | train acc: 9.959e-01 | val acc: 7.399e-01 | val graph: 4.760e-01 | test node: 7.625e-01 | test graph: 4.900e-01
[EPOCH 17801] | train acc: 9.959e-01 | val acc: 7.336e-01 | val graph: 4.520e-01 | test node: 7.546e-01 | test graph: 4.760e-01
[EPOCH 17901] | train acc: 9.959e-01 | val acc: 7.304e-01 | val graph: 4.600e-01 | test node: 7.375e-01 | test graph: 4.510e-01
[EPOCH 18001] | train acc: 9.959e-01 | val acc: 7.383e-01 | val graph: 4.580e-01 | test node: 7.533e-01 | test graph: 4.700e-01
[EPOCH 18101] | train acc: 9.959e-01 | val acc: 7.352e-01 | val graph: 4.560e-01 | test node: 7.544e-01 | test graph: 4.770e-01
[EPOCH 18201] | train acc: 9.959e-01 | val acc: 7.341e-01 | val graph: 4.560e-01 | test node: 7.488e-01 | test graph: 4.770e-01
[EPOCH 18301] | train acc: 9.959e-01 | val acc: 7.399e-01 | val graph: 4.700e-01 | test node: 7.562e-01 | test graph: 4.850e-01
[EPOCH 18401] | train acc: 9.959e-01 | val acc: 7.267e-01 | val graph: 4.480e-01 | test node: 7.330e-01 | test graph: 4.400e-01
[EPOCH 18501] | train acc: 9.959e-01 | val acc: 7.357e-01 | val graph: 4.620e-01 | test node: 7.544e-01 | test graph: 4.690e-01
[EPOCH 18601] | train acc: 9.959e-01 | val acc: 7.421e-01 | val graph: 4.800e-01 | test node: 7.472e-01 | test graph: 4.690e-01
