----------------------------------------------------------------------------------------------------
Make Directory cora/Gaussian_GCNConv in Logs
[91mSep27-10:57:00[0m
----------------------------------------------------------------------------------------------------
[cora]   seed=42
----------------------------------------------------------------------------------------------------
lr=0.003 unweighted_MSE=False diffusion_steps=80 schedule=True weight_decay=0.003 cat=False skip=False
nhid=16 layers=2 linears=2
----------------------------------------------------------------------------------------------------
[EPOCH 0001] | train acc: 1.645e-01 | val acc: 1.148e-01 | val graph: 3.000e-02 | test node: 9.083e-02 | test graph: 4.700e-02
[EPOCH 0101] | train acc: 1.491e-01 | val acc: 1.556e-01 | val graph: 1.100e-01 | test node: 1.526e-01 | test graph: 1.070e-01
[EPOCH 0201] | train acc: 1.272e-01 | val acc: 1.511e-01 | val graph: 1.080e-01 | test node: 1.598e-01 | test graph: 1.040e-01
[EPOCH 0301] | train acc: 1.722e-01 | val acc: 2.900e-01 | val graph: 2.080e-01 | test node: 2.922e-01 | test graph: 2.080e-01
[EPOCH 0401] | train acc: 1.542e-01 | val acc: 2.876e-01 | val graph: 2.180e-01 | test node: 2.895e-01 | test graph: 2.160e-01
[EPOCH 0501] | train acc: 1.311e-01 | val acc: 1.532e-01 | val graph: 1.040e-01 | test node: 1.619e-01 | test graph: 1.030e-01
[EPOCH 0601] | train acc: 1.272e-01 | val acc: 1.499e-01 | val graph: 1.180e-01 | test node: 1.602e-01 | test graph: 1.120e-01
[EPOCH 0701] | train acc: 1.260e-01 | val acc: 1.495e-01 | val graph: 1.180e-01 | test node: 1.594e-01 | test graph: 1.120e-01
[EPOCH 0801] | train acc: 1.247e-01 | val acc: 1.495e-01 | val graph: 1.180e-01 | test node: 1.594e-01 | test graph: 1.120e-01
[EPOCH 0901] | train acc: 1.247e-01 | val acc: 1.495e-01 | val graph: 1.180e-01 | test node: 1.594e-01 | test graph: 1.120e-01
[EPOCH 1001] | train acc: 1.787e-01 | val acc: 1.381e-01 | val graph: 6.400e-02 | test node: 1.403e-01 | test graph: 6.400e-02
[EPOCH 1101] | train acc: 1.440e-01 | val acc: 2.042e-01 | val graph: 8.400e-02 | test node: 2.284e-01 | test graph: 9.300e-02
[EPOCH 1201] | train acc: 1.247e-01 | val acc: 1.499e-01 | val graph: 1.180e-01 | test node: 1.598e-01 | test graph: 1.120e-01
[EPOCH 1301] | train acc: 1.247e-01 | val acc: 1.495e-01 | val graph: 1.180e-01 | test node: 1.598e-01 | test graph: 1.120e-01
[EPOCH 1401] | train acc: 1.247e-01 | val acc: 1.499e-01 | val graph: 1.180e-01 | test node: 1.598e-01 | test graph: 1.120e-01
[EPOCH 1501] | train acc: 1.247e-01 | val acc: 1.499e-01 | val graph: 1.180e-01 | test node: 1.598e-01 | test graph: 1.120e-01
[EPOCH 1601] | train acc: 1.285e-01 | val acc: 1.499e-01 | val graph: 1.180e-01 | test node: 1.602e-01 | test graph: 1.120e-01
[EPOCH 1701] | train acc: 1.491e-01 | val acc: 1.556e-01 | val graph: 1.100e-01 | test node: 1.526e-01 | test graph: 1.070e-01
[EPOCH 1801] | train acc: 1.787e-01 | val acc: 1.381e-01 | val graph: 6.400e-02 | test node: 1.403e-01 | test graph: 6.400e-02
[EPOCH 1901] | train acc: 1.774e-01 | val acc: 1.385e-01 | val graph: 6.400e-02 | test node: 1.407e-01 | test graph: 6.400e-02
[EPOCH 2001] | train acc: 1.838e-01 | val acc: 1.511e-01 | val graph: 5.600e-02 | test node: 1.543e-01 | test graph: 5.500e-02
[EPOCH 2101] | train acc: 1.530e-01 | val acc: 2.880e-01 | val graph: 2.180e-01 | test node: 2.899e-01 | test graph: 2.160e-01
[EPOCH 2201] | train acc: 1.555e-01 | val acc: 2.880e-01 | val graph: 2.140e-01 | test node: 2.874e-01 | test graph: 2.150e-01
[EPOCH 2301] | train acc: 1.812e-01 | val acc: 1.516e-01 | val graph: 4.400e-02 | test node: 1.511e-01 | test graph: 4.600e-02
[EPOCH 2401] | train acc: 1.787e-01 | val acc: 1.381e-01 | val graph: 6.400e-02 | test node: 1.403e-01 | test graph: 6.400e-02
[EPOCH 2501] | train acc: 1.324e-01 | val acc: 1.038e-01 | val graph: 6.800e-02 | test node: 1.023e-01 | test graph: 6.100e-02
[EPOCH 2601] | train acc: 1.530e-01 | val acc: 2.880e-01 | val graph: 2.180e-01 | test node: 2.899e-01 | test graph: 2.160e-01
[EPOCH 2701] | train acc: 1.787e-01 | val acc: 1.381e-01 | val graph: 6.400e-02 | test node: 1.403e-01 | test graph: 6.400e-02
[EPOCH 2801] | train acc: 1.684e-01 | val acc: 1.148e-01 | val graph: 3.000e-02 | test node: 9.211e-02 | test graph: 4.700e-02
[EPOCH 2901] | train acc: 1.787e-01 | val acc: 1.381e-01 | val graph: 6.400e-02 | test node: 1.403e-01 | test graph: 6.400e-02
[EPOCH 3001] | train acc: 1.787e-01 | val acc: 1.381e-01 | val graph: 6.400e-02 | test node: 1.403e-01 | test graph: 6.400e-02
[EPOCH 3101] | train acc: 1.787e-01 | val acc: 1.381e-01 | val graph: 6.400e-02 | test node: 1.403e-01 | test graph: 6.400e-02
[EPOCH 3201] | train acc: 1.787e-01 | val acc: 1.381e-01 | val graph: 6.400e-02 | test node: 1.403e-01 | test graph: 6.400e-02
[EPOCH 3301] | train acc: 1.530e-01 | val acc: 2.880e-01 | val graph: 2.180e-01 | test node: 2.899e-01 | test graph: 2.160e-01
[EPOCH 3401] | train acc: 1.530e-01 | val acc: 2.880e-01 | val graph: 2.180e-01 | test node: 2.899e-01 | test graph: 2.160e-01
[EPOCH 3501] | train acc: 2.763e-01 | val acc: 2.447e-01 | val graph: 5.800e-02 | test node: 2.203e-01 | test graph: 4.700e-02
[EPOCH 3601] | train acc: 1.787e-01 | val acc: 1.381e-01 | val graph: 6.400e-02 | test node: 1.403e-01 | test graph: 6.400e-02
[EPOCH 3701] | train acc: 1.787e-01 | val acc: 1.381e-01 | val graph: 6.400e-02 | test node: 1.403e-01 | test graph: 6.400e-02
[EPOCH 3801] | train acc: 1.787e-01 | val acc: 1.381e-01 | val graph: 6.400e-02 | test node: 1.403e-01 | test graph: 6.400e-02
[EPOCH 3901] | train acc: 1.787e-01 | val acc: 1.381e-01 | val graph: 6.400e-02 | test node: 1.403e-01 | test graph: 6.400e-02
[EPOCH 4001] | train acc: 1.787e-01 | val acc: 1.381e-01 | val graph: 6.400e-02 | test node: 1.403e-01 | test graph: 6.400e-02
[EPOCH 4101] | train acc: 1.787e-01 | val acc: 1.381e-01 | val graph: 6.400e-02 | test node: 1.403e-01 | test graph: 6.400e-02
[EPOCH 4201] | train acc: 1.787e-01 | val acc: 1.381e-01 | val graph: 6.400e-02 | test node: 1.403e-01 | test graph: 6.400e-02
[EPOCH 4301] | train acc: 1.838e-01 | val acc: 1.385e-01 | val graph: 6.400e-02 | test node: 1.413e-01 | test graph: 6.400e-02
[EPOCH 4401] | train acc: 1.787e-01 | val acc: 1.381e-01 | val graph: 6.400e-02 | test node: 1.403e-01 | test graph: 6.400e-02
[EPOCH 4501] | train acc: 1.787e-01 | val acc: 1.381e-01 | val graph: 6.400e-02 | test node: 1.403e-01 | test graph: 6.400e-02
[EPOCH 4601] | train acc: 1.645e-01 | val acc: 1.148e-01 | val graph: 3.000e-02 | test node: 9.083e-02 | test graph: 4.700e-02
[EPOCH 4701] | train acc: 1.787e-01 | val acc: 1.381e-01 | val graph: 6.400e-02 | test node: 1.403e-01 | test graph: 6.400e-02
[EPOCH 4801] | train acc: 1.787e-01 | val acc: 1.381e-01 | val graph: 6.400e-02 | test node: 1.403e-01 | test graph: 6.400e-02
[EPOCH 4901] | train acc: 1.787e-01 | val acc: 1.381e-01 | val graph: 6.400e-02 | test node: 1.403e-01 | test graph: 6.400e-02
[EPOCH 5001] | train acc: 1.787e-01 | val acc: 1.381e-01 | val graph: 6.400e-02 | test node: 1.403e-01 | test graph: 6.400e-02
[EPOCH 5101] | train acc: 2.147e-01 | val acc: 1.458e-01 | val graph: 6.400e-02 | test node: 1.524e-01 | test graph: 7.000e-02
[EPOCH 5201] | train acc: 2.198e-01 | val acc: 1.516e-01 | val graph: 6.400e-02 | test node: 1.549e-01 | test graph: 7.000e-02
[EPOCH 5301] | train acc: 2.995e-01 | val acc: 1.912e-01 | val graph: 7.400e-02 | test node: 1.829e-01 | test graph: 8.400e-02
[EPOCH 5401] | train acc: 2.532e-01 | val acc: 1.675e-01 | val graph: 6.400e-02 | test node: 1.657e-01 | test graph: 7.300e-02
[EPOCH 5501] | train acc: 2.841e-01 | val acc: 1.810e-01 | val graph: 7.000e-02 | test node: 1.776e-01 | test graph: 7.900e-02
[EPOCH 5601] | train acc: 1.825e-01 | val acc: 1.385e-01 | val graph: 6.400e-02 | test node: 1.416e-01 | test graph: 6.400e-02
[EPOCH 5701] | train acc: 2.506e-01 | val acc: 2.059e-01 | val graph: 1.140e-01 | test node: 1.989e-01 | test graph: 1.260e-01
[EPOCH 5801] | train acc: 3.368e-01 | val acc: 2.422e-01 | val graph: 9.000e-02 | test node: 2.192e-01 | test graph: 1.100e-01
[EPOCH 5901] | train acc: 3.368e-01 | val acc: 2.471e-01 | val graph: 9.600e-02 | test node: 2.216e-01 | test graph: 1.100e-01
[EPOCH 6001] | train acc: 3.393e-01 | val acc: 2.447e-01 | val graph: 9.400e-02 | test node: 2.213e-01 | test graph: 1.100e-01
[EPOCH 6101] | train acc: 3.393e-01 | val acc: 2.426e-01 | val graph: 8.800e-02 | test node: 2.175e-01 | test graph: 1.070e-01
[EPOCH 6201] | train acc: 3.393e-01 | val acc: 2.455e-01 | val graph: 9.200e-02 | test node: 2.194e-01 | test graph: 1.080e-01
[EPOCH 6301] | train acc: 3.406e-01 | val acc: 2.443e-01 | val graph: 9.200e-02 | test node: 2.211e-01 | test graph: 1.100e-01
[EPOCH 6401] | train acc: 3.393e-01 | val acc: 2.451e-01 | val graph: 9.400e-02 | test node: 2.209e-01 | test graph: 1.100e-01
[EPOCH 6501] | train acc: 3.509e-01 | val acc: 3.975e-01 | val graph: 2.260e-01 | test node: 3.688e-01 | test graph: 2.260e-01
[EPOCH 6601] | train acc: 5.591e-01 | val acc: 3.848e-01 | val graph: 1.820e-01 | test node: 3.729e-01 | test graph: 1.850e-01
[EPOCH 6701] | train acc: 5.707e-01 | val acc: 4.641e-01 | val graph: 2.560e-01 | test node: 4.665e-01 | test graph: 2.670e-01
[EPOCH 6801] | train acc: 5.784e-01 | val acc: 4.673e-01 | val graph: 2.600e-01 | test node: 4.656e-01 | test graph: 2.680e-01
[EPOCH 6901] | train acc: 5.758e-01 | val acc: 4.636e-01 | val graph: 2.620e-01 | test node: 4.527e-01 | test graph: 2.550e-01
[EPOCH 7001] | train acc: 5.733e-01 | val acc: 4.273e-01 | val graph: 2.360e-01 | test node: 4.208e-01 | test graph: 2.450e-01
[EPOCH 7101] | train acc: 6.247e-01 | val acc: 5.613e-01 | val graph: 3.160e-01 | test node: 5.469e-01 | test graph: 3.260e-01
[EPOCH 7201] | train acc: 5.758e-01 | val acc: 4.469e-01 | val graph: 2.540e-01 | test node: 4.423e-01 | test graph: 2.550e-01
[EPOCH 7301] | train acc: 4.781e-01 | val acc: 4.306e-01 | val graph: 2.540e-01 | test node: 4.081e-01 | test graph: 2.610e-01
[EPOCH 7401] | train acc: 5.026e-01 | val acc: 5.004e-01 | val graph: 3.200e-01 | test node: 4.845e-01 | test graph: 3.100e-01
[EPOCH 7501] | train acc: 5.643e-01 | val acc: 4.154e-01 | val graph: 2.240e-01 | test node: 4.136e-01 | test graph: 2.370e-01
[EPOCH 7601] | train acc: 5.450e-01 | val acc: 4.306e-01 | val graph: 2.260e-01 | test node: 4.287e-01 | test graph: 2.390e-01
[EPOCH 7701] | train acc: 4.589e-01 | val acc: 3.811e-01 | val graph: 2.100e-01 | test node: 3.674e-01 | test graph: 2.160e-01
[EPOCH 7801] | train acc: 6.054e-01 | val acc: 4.085e-01 | val graph: 2.240e-01 | test node: 4.017e-01 | test graph: 2.260e-01
[EPOCH 7901] | train acc: 5.591e-01 | val acc: 4.216e-01 | val graph: 2.180e-01 | test node: 4.162e-01 | test graph: 2.370e-01
[EPOCH 8001] | train acc: 5.720e-01 | val acc: 4.379e-01 | val graph: 2.340e-01 | test node: 4.302e-01 | test graph: 2.470e-01
[EPOCH 8101] | train acc: 5.244e-01 | val acc: 4.575e-01 | val graph: 2.700e-01 | test node: 4.578e-01 | test graph: 2.680e-01
[EPOCH 8201] | train acc: 5.810e-01 | val acc: 4.910e-01 | val graph: 2.900e-01 | test node: 4.824e-01 | test graph: 2.900e-01
[EPOCH 8301] | train acc: 5.861e-01 | val acc: 4.992e-01 | val graph: 3.080e-01 | test node: 4.934e-01 | test graph: 3.080e-01
[EPOCH 8401] | train acc: 6.979e-01 | val acc: 6.879e-01 | val graph: 4.560e-01 | test node: 6.887e-01 | test graph: 4.770e-01
[EPOCH 8501] | train acc: 6.928e-01 | val acc: 6.834e-01 | val graph: 4.520e-01 | test node: 6.802e-01 | test graph: 4.590e-01
[EPOCH 8601] | train acc: 6.979e-01 | val acc: 6.985e-01 | val graph: 4.960e-01 | test node: 6.829e-01 | test graph: 4.770e-01
[EPOCH 8701] | train acc: 7.082e-01 | val acc: 7.153e-01 | val graph: 4.900e-01 | test node: 7.069e-01 | test graph: 5.050e-01
[EPOCH 8801] | train acc: 6.902e-01 | val acc: 7.092e-01 | val graph: 4.880e-01 | test node: 6.891e-01 | test graph: 4.860e-01
[EPOCH 8901] | train acc: 6.954e-01 | val acc: 7.079e-01 | val graph: 4.980e-01 | test node: 6.935e-01 | test graph: 4.880e-01
[EPOCH 9001] | train acc: 7.159e-01 | val acc: 6.801e-01 | val graph: 4.260e-01 | test node: 6.677e-01 | test graph: 4.280e-01
[EPOCH 9101] | train acc: 6.928e-01 | val acc: 7.075e-01 | val graph: 4.800e-01 | test node: 6.995e-01 | test graph: 4.900e-01
[EPOCH 9201] | train acc: 7.108e-01 | val acc: 7.132e-01 | val graph: 4.940e-01 | test node: 7.003e-01 | test graph: 4.920e-01
[EPOCH 9301] | train acc: 6.992e-01 | val acc: 7.141e-01 | val graph: 4.940e-01 | test node: 7.037e-01 | test graph: 4.870e-01
[EPOCH 9401] | train acc: 7.134e-01 | val acc: 7.136e-01 | val graph: 5.080e-01 | test node: 7.033e-01 | test graph: 4.920e-01
[EPOCH 9501] | train acc: 7.082e-01 | val acc: 7.042e-01 | val graph: 4.840e-01 | test node: 7.031e-01 | test graph: 4.960e-01
[EPOCH 9601] | train acc: 7.455e-01 | val acc: 7.247e-01 | val graph: 4.900e-01 | test node: 7.184e-01 | test graph: 5.030e-01
[EPOCH 9701] | train acc: 7.738e-01 | val acc: 7.447e-01 | val graph: 5.140e-01 | test node: 7.426e-01 | test graph: 5.180e-01
[EPOCH 9801] | train acc: 7.995e-01 | val acc: 7.745e-01 | val graph: 5.360e-01 | test node: 7.593e-01 | test graph: 5.370e-01
[EPOCH 9901] | train acc: 7.956e-01 | val acc: 7.749e-01 | val graph: 5.420e-01 | test node: 7.549e-01 | test graph: 5.280e-01
[EPOCH 10001] | train acc: 8.265e-01 | val acc: 7.855e-01 | val graph: 5.620e-01 | test node: 7.816e-01 | test graph: 5.600e-01
[EPOCH 10101] | train acc: 8.162e-01 | val acc: 7.647e-01 | val graph: 5.280e-01 | test node: 7.704e-01 | test graph: 5.400e-01
[EPOCH 10201] | train acc: 8.252e-01 | val acc: 7.778e-01 | val graph: 5.500e-01 | test node: 7.840e-01 | test graph: 5.630e-01
[EPOCH 10301] | train acc: 8.278e-01 | val acc: 7.790e-01 | val graph: 5.640e-01 | test node: 7.787e-01 | test graph: 5.490e-01
[EPOCH 10401] | train acc: 8.303e-01 | val acc: 7.823e-01 | val graph: 5.460e-01 | test node: 7.846e-01 | test graph: 5.600e-01
[EPOCH 10501] | train acc: 8.316e-01 | val acc: 7.843e-01 | val graph: 5.460e-01 | test node: 7.880e-01 | test graph: 5.620e-01
[EPOCH 10601] | train acc: 8.303e-01 | val acc: 7.778e-01 | val graph: 5.400e-01 | test node: 7.857e-01 | test graph: 5.610e-01
[EPOCH 10701] | train acc: 8.342e-01 | val acc: 7.798e-01 | val graph: 5.480e-01 | test node: 7.871e-01 | test graph: 5.610e-01
[EPOCH 10801] | train acc: 8.303e-01 | val acc: 7.794e-01 | val graph: 5.480e-01 | test node: 7.867e-01 | test graph: 5.650e-01
[EPOCH 10901] | train acc: 8.368e-01 | val acc: 7.827e-01 | val graph: 5.580e-01 | test node: 7.886e-01 | test graph: 5.640e-01
[EPOCH 11001] | train acc: 8.393e-01 | val acc: 7.810e-01 | val graph: 5.480e-01 | test node: 7.861e-01 | test graph: 5.580e-01
[EPOCH 11101] | train acc: 3.907e-01 | val acc: 2.590e-01 | val graph: 1.300e-01 | test node: 2.432e-01 | test graph: 1.350e-01
[EPOCH 11201] | train acc: 4.602e-01 | val acc: 4.551e-01 | val graph: 3.000e-01 | test node: 4.794e-01 | test graph: 2.980e-01
[EPOCH 11301] | train acc: 7.455e-01 | val acc: 7.059e-01 | val graph: 4.500e-01 | test node: 7.095e-01 | test graph: 4.730e-01
[EPOCH 11401] | train acc: 7.892e-01 | val acc: 7.120e-01 | val graph: 4.500e-01 | test node: 7.163e-01 | test graph: 4.660e-01
[EPOCH 11501] | train acc: 8.021e-01 | val acc: 7.198e-01 | val graph: 4.720e-01 | test node: 7.273e-01 | test graph: 4.840e-01
[EPOCH 11601] | train acc: 8.059e-01 | val acc: 7.243e-01 | val graph: 4.700e-01 | test node: 7.305e-01 | test graph: 4.820e-01
[EPOCH 11701] | train acc: 8.046e-01 | val acc: 7.087e-01 | val graph: 4.600e-01 | test node: 7.078e-01 | test graph: 4.600e-01
[EPOCH 11801] | train acc: 8.111e-01 | val acc: 7.173e-01 | val graph: 4.640e-01 | test node: 7.139e-01 | test graph: 4.680e-01
[EPOCH 11901] | train acc: 7.956e-01 | val acc: 7.059e-01 | val graph: 4.520e-01 | test node: 7.050e-01 | test graph: 4.610e-01
[EPOCH 12001] | train acc: 8.085e-01 | val acc: 7.308e-01 | val graph: 4.760e-01 | test node: 7.320e-01 | test graph: 4.850e-01
[EPOCH 12101] | train acc: 8.201e-01 | val acc: 7.398e-01 | val graph: 4.960e-01 | test node: 7.411e-01 | test graph: 5.130e-01
[EPOCH 12201] | train acc: 8.265e-01 | val acc: 7.574e-01 | val graph: 5.160e-01 | test node: 7.568e-01 | test graph: 5.330e-01
[EPOCH 12301] | train acc: 8.676e-01 | val acc: 7.774e-01 | val graph: 5.320e-01 | test node: 7.714e-01 | test graph: 5.470e-01
[EPOCH 12401] | train acc: 8.483e-01 | val acc: 7.810e-01 | val graph: 5.460e-01 | test node: 7.801e-01 | test graph: 5.540e-01
[EPOCH 12501] | train acc: 9.036e-01 | val acc: 7.982e-01 | val graph: 5.620e-01 | test node: 7.897e-01 | test graph: 5.600e-01
[EPOCH 12601] | train acc: 8.676e-01 | val acc: 7.569e-01 | val graph: 5.260e-01 | test node: 7.555e-01 | test graph: 5.270e-01
[EPOCH 12701] | train acc: 9.075e-01 | val acc: 8.088e-01 | val graph: 5.600e-01 | test node: 8.024e-01 | test graph: 5.710e-01
[EPOCH 12801] | train acc: 8.895e-01 | val acc: 7.929e-01 | val graph: 5.500e-01 | test node: 7.793e-01 | test graph: 5.530e-01
[EPOCH 12901] | train acc: 9.049e-01 | val acc: 7.823e-01 | val graph: 5.420e-01 | test node: 7.814e-01 | test graph: 5.600e-01
[EPOCH 13001] | train acc: 8.946e-01 | val acc: 7.859e-01 | val graph: 5.380e-01 | test node: 7.757e-01 | test graph: 5.520e-01
[EPOCH 13101] | train acc: 9.049e-01 | val acc: 7.994e-01 | val graph: 5.660e-01 | test node: 7.952e-01 | test graph: 5.650e-01
[EPOCH 13201] | train acc: 9.177e-01 | val acc: 8.100e-01 | val graph: 5.620e-01 | test node: 8.060e-01 | test graph: 5.720e-01
[EPOCH 13301] | train acc: 9.190e-01 | val acc: 8.133e-01 | val graph: 5.680e-01 | test node: 8.050e-01 | test graph: 5.700e-01
[EPOCH 13401] | train acc: 9.010e-01 | val acc: 7.941e-01 | val graph: 5.500e-01 | test node: 7.907e-01 | test graph: 5.610e-01
[EPOCH 13501] | train acc: 8.882e-01 | val acc: 7.925e-01 | val graph: 5.620e-01 | test node: 7.876e-01 | test graph: 5.640e-01
[EPOCH 13601] | train acc: 9.165e-01 | val acc: 8.084e-01 | val graph: 5.540e-01 | test node: 8.105e-01 | test graph: 5.750e-01
[EPOCH 13701] | train acc: 9.075e-01 | val acc: 8.088e-01 | val graph: 5.640e-01 | test node: 8.079e-01 | test graph: 5.760e-01
[EPOCH 13801] | train acc: 9.036e-01 | val acc: 8.080e-01 | val graph: 5.640e-01 | test node: 8.122e-01 | test graph: 5.920e-01
[EPOCH 13901] | train acc: 9.229e-01 | val acc: 8.154e-01 | val graph: 5.660e-01 | test node: 8.219e-01 | test graph: 5.840e-01
[EPOCH 14001] | train acc: 9.203e-01 | val acc: 8.064e-01 | val graph: 5.580e-01 | test node: 8.094e-01 | test graph: 5.720e-01
[EPOCH 14101] | train acc: 9.177e-01 | val acc: 8.109e-01 | val graph: 5.640e-01 | test node: 8.247e-01 | test graph: 5.830e-01
[EPOCH 14201] | train acc: 9.254e-01 | val acc: 8.109e-01 | val graph: 5.560e-01 | test node: 8.164e-01 | test graph: 5.660e-01
[EPOCH 14301] | train acc: 9.139e-01 | val acc: 8.117e-01 | val graph: 5.580e-01 | test node: 8.202e-01 | test graph: 5.730e-01
[EPOCH 14401] | train acc: 9.152e-01 | val acc: 8.207e-01 | val graph: 5.760e-01 | test node: 8.211e-01 | test graph: 5.800e-01
[EPOCH 14501] | train acc: 9.254e-01 | val acc: 8.170e-01 | val graph: 5.680e-01 | test node: 8.281e-01 | test graph: 5.890e-01
[EPOCH 14601] | train acc: 9.165e-01 | val acc: 8.162e-01 | val graph: 5.680e-01 | test node: 8.247e-01 | test graph: 5.830e-01
[EPOCH 14701] | train acc: 9.242e-01 | val acc: 8.272e-01 | val graph: 5.780e-01 | test node: 8.300e-01 | test graph: 5.920e-01
[EPOCH 14801] | train acc: 9.216e-01 | val acc: 8.137e-01 | val graph: 5.680e-01 | test node: 8.160e-01 | test graph: 5.770e-01
[EPOCH 14901] | train acc: 9.332e-01 | val acc: 8.248e-01 | val graph: 5.800e-01 | test node: 8.351e-01 | test graph: 5.990e-01
[EPOCH 15001] | train acc: 9.229e-01 | val acc: 8.170e-01 | val graph: 5.640e-01 | test node: 8.232e-01 | test graph: 5.770e-01
[EPOCH 15101] | train acc: 9.319e-01 | val acc: 8.194e-01 | val graph: 5.660e-01 | test node: 8.289e-01 | test graph: 5.900e-01
[EPOCH 15201] | train acc: 9.267e-01 | val acc: 8.194e-01 | val graph: 5.720e-01 | test node: 8.224e-01 | test graph: 5.800e-01
[EPOCH 15301] | train acc: 9.165e-01 | val acc: 8.231e-01 | val graph: 5.720e-01 | test node: 8.332e-01 | test graph: 5.910e-01
[EPOCH 15401] | train acc: 9.242e-01 | val acc: 8.239e-01 | val graph: 5.760e-01 | test node: 8.315e-01 | test graph: 5.930e-01
[EPOCH 15501] | train acc: 9.242e-01 | val acc: 8.243e-01 | val graph: 5.800e-01 | test node: 8.294e-01 | test graph: 5.890e-01
[EPOCH 15601] | train acc: 9.267e-01 | val acc: 8.235e-01 | val graph: 5.760e-01 | test node: 8.275e-01 | test graph: 5.860e-01
[EPOCH 15701] | train acc: 9.319e-01 | val acc: 8.170e-01 | val graph: 5.720e-01 | test node: 8.258e-01 | test graph: 5.910e-01
[EPOCH 15801] | train acc: 9.280e-01 | val acc: 8.268e-01 | val graph: 5.760e-01 | test node: 8.334e-01 | test graph: 6.000e-01
[EPOCH 15901] | train acc: 9.126e-01 | val acc: 8.141e-01 | val graph: 5.520e-01 | test node: 8.268e-01 | test graph: 5.750e-01
[EPOCH 16001] | train acc: 9.344e-01 | val acc: 8.297e-01 | val graph: 5.760e-01 | test node: 8.381e-01 | test graph: 6.050e-01
[EPOCH 16101] | train acc: 9.242e-01 | val acc: 8.260e-01 | val graph: 5.760e-01 | test node: 8.345e-01 | test graph: 5.970e-01
[EPOCH 16201] | train acc: 9.319e-01 | val acc: 8.145e-01 | val graph: 5.600e-01 | test node: 8.326e-01 | test graph: 5.910e-01
[EPOCH 16301] | train acc: 9.319e-01 | val acc: 8.223e-01 | val graph: 5.680e-01 | test node: 8.353e-01 | test graph: 5.990e-01
[EPOCH 16401] | train acc: 9.216e-01 | val acc: 8.284e-01 | val graph: 5.780e-01 | test node: 8.353e-01 | test graph: 5.910e-01
[EPOCH 16501] | train acc: 9.203e-01 | val acc: 8.178e-01 | val graph: 5.660e-01 | test node: 8.338e-01 | test graph: 6.000e-01
[EPOCH 16601] | train acc: 9.267e-01 | val acc: 8.280e-01 | val graph: 5.820e-01 | test node: 8.351e-01 | test graph: 5.970e-01
[EPOCH 16701] | train acc: 9.280e-01 | val acc: 8.256e-01 | val graph: 5.860e-01 | test node: 8.364e-01 | test graph: 5.960e-01
[EPOCH 16801] | train acc: 9.280e-01 | val acc: 8.252e-01 | val graph: 5.720e-01 | test node: 8.313e-01 | test graph: 5.940e-01
[EPOCH 16901] | train acc: 9.267e-01 | val acc: 8.190e-01 | val graph: 5.740e-01 | test node: 8.268e-01 | test graph: 5.900e-01
[EPOCH 17001] | train acc: 9.306e-01 | val acc: 8.292e-01 | val graph: 5.900e-01 | test node: 8.306e-01 | test graph: 5.990e-01
[EPOCH 17101] | train acc: 8.612e-01 | val acc: 7.006e-01 | val graph: 4.540e-01 | test node: 7.067e-01 | test graph: 4.690e-01
[EPOCH 17201] | train acc: 9.280e-01 | val acc: 8.231e-01 | val graph: 5.740e-01 | test node: 8.315e-01 | test graph: 5.900e-01
[EPOCH 17301] | train acc: 9.254e-01 | val acc: 8.145e-01 | val graph: 5.640e-01 | test node: 8.171e-01 | test graph: 5.840e-01
[EPOCH 17401] | train acc: 9.267e-01 | val acc: 8.256e-01 | val graph: 5.780e-01 | test node: 8.311e-01 | test graph: 5.950e-01
[EPOCH 17501] | train acc: 9.344e-01 | val acc: 8.248e-01 | val graph: 5.720e-01 | test node: 8.313e-01 | test graph: 5.970e-01
[EPOCH 17601] | train acc: 9.306e-01 | val acc: 8.215e-01 | val graph: 5.760e-01 | test node: 8.258e-01 | test graph: 5.870e-01
[EPOCH 17701] | train acc: 9.242e-01 | val acc: 8.190e-01 | val graph: 5.620e-01 | test node: 8.300e-01 | test graph: 5.890e-01
[EPOCH 17801] | train acc: 9.267e-01 | val acc: 8.186e-01 | val graph: 5.740e-01 | test node: 8.289e-01 | test graph: 5.900e-01
[EPOCH 17901] | train acc: 9.229e-01 | val acc: 8.235e-01 | val graph: 5.820e-01 | test node: 8.289e-01 | test graph: 5.880e-01
[EPOCH 18001] | train acc: 9.229e-01 | val acc: 8.068e-01 | val graph: 5.580e-01 | test node: 8.147e-01 | test graph: 5.710e-01
[EPOCH 18101] | train acc: 9.280e-01 | val acc: 8.227e-01 | val graph: 5.720e-01 | test node: 8.326e-01 | test graph: 6.000e-01
[EPOCH 18201] | train acc: 9.152e-01 | val acc: 8.084e-01 | val graph: 5.620e-01 | test node: 8.137e-01 | test graph: 5.730e-01
[EPOCH 18301] | train acc: 9.383e-01 | val acc: 8.129e-01 | val graph: 5.700e-01 | test node: 8.190e-01 | test graph: 5.850e-01
[EPOCH 18401] | train acc: 9.332e-01 | val acc: 8.288e-01 | val graph: 5.920e-01 | test node: 8.343e-01 | test graph: 5.920e-01
[EPOCH 18501] | train acc: 9.357e-01 | val acc: 8.219e-01 | val graph: 5.740e-01 | test node: 8.213e-01 | test graph: 5.790e-01
[EPOCH 18601] | train acc: 9.332e-01 | val acc: 8.117e-01 | val graph: 5.640e-01 | test node: 8.145e-01 | test graph: 5.710e-01
[EPOCH 18701] | train acc: 9.254e-01 | val acc: 8.133e-01 | val graph: 5.660e-01 | test node: 8.215e-01 | test graph: 5.860e-01
[EPOCH 18801] | train acc: 9.280e-01 | val acc: 8.174e-01 | val graph: 5.680e-01 | test node: 8.219e-01 | test graph: 5.860e-01
[EPOCH 18901] | train acc: 9.165e-01 | val acc: 7.888e-01 | val graph: 5.440e-01 | test node: 7.948e-01 | test graph: 5.460e-01
[EPOCH 19001] | train acc: 9.344e-01 | val acc: 8.186e-01 | val graph: 5.700e-01 | test node: 8.247e-01 | test graph: 5.880e-01
[EPOCH 19101] | train acc: 9.396e-01 | val acc: 8.252e-01 | val graph: 5.760e-01 | test node: 8.245e-01 | test graph: 5.840e-01
[EPOCH 19201] | train acc: 9.306e-01 | val acc: 8.019e-01 | val graph: 5.460e-01 | test node: 8.092e-01 | test graph: 5.720e-01
[EPOCH 19301] | train acc: 9.306e-01 | val acc: 8.125e-01 | val graph: 5.640e-01 | test node: 8.243e-01 | test graph: 5.820e-01
[EPOCH 19401] | train acc: 9.216e-01 | val acc: 8.211e-01 | val graph: 5.740e-01 | test node: 8.272e-01 | test graph: 5.930e-01
[EPOCH 19501] | train acc: 9.216e-01 | val acc: 8.211e-01 | val graph: 5.760e-01 | test node: 8.306e-01 | test graph: 5.890e-01
[EPOCH 19601] | train acc: 9.344e-01 | val acc: 8.215e-01 | val graph: 5.780e-01 | test node: 8.283e-01 | test graph: 5.840e-01
[EPOCH 19701] | train acc: 9.306e-01 | val acc: 8.203e-01 | val graph: 5.760e-01 | test node: 8.294e-01 | test graph: 5.920e-01
[EPOCH 19801] | train acc: 9.190e-01 | val acc: 8.011e-01 | val graph: 5.540e-01 | test node: 8.056e-01 | test graph: 5.710e-01
[EPOCH 19901] | train acc: 9.293e-01 | val acc: 8.203e-01 | val graph: 5.700e-01 | test node: 8.292e-01 | test graph: 5.940e-01
 
