----------------------------------------------------------------------------------------------------
Make Directory pubmed/Continuous_GATConv in Logs
[91mSep27-07:16:48[0m
----------------------------------------------------------------------------------------------------
[pubmed]   seed=42
----------------------------------------------------------------------------------------------------
lr=0.0005 diffusion_steps=80 temperature=1 schedule=True weight_decay=0.001  skip=False load start=2000
nhid=8 layers=2 linears=1
----------------------------------------------------------------------------------------------------
Pretrain mean-field GNN...
Done!
[EPOCH 0101] | train acc: 7.167e-01 | val acc: 5.000e-01 | test acc: 4.850e-01
[EPOCH 0201] | train acc: 5.167e-01 | val acc: 3.960e-01 | test acc: 4.170e-01
[EPOCH 0301] | train acc: 6.167e-01 | val acc: 4.060e-01 | test acc: 4.260e-01
[EPOCH 0401] | train acc: 5.667e-01 | val acc: 3.980e-01 | test acc: 4.280e-01
[EPOCH 0501] | train acc: 5.667e-01 | val acc: 4.200e-01 | test acc: 4.340e-01
[EPOCH 0601] | train acc: 5.500e-01 | val acc: 4.640e-01 | test acc: 5.010e-01
[EPOCH 0701] | train acc: 6.667e-01 | val acc: 5.540e-01 | test acc: 5.790e-01
[EPOCH 0801] | train acc: 8.167e-01 | val acc: 6.320e-01 | test acc: 6.360e-01
[EPOCH 0901] | train acc: 8.667e-01 | val acc: 6.920e-01 | test acc: 6.870e-01
[EPOCH 1001] | train acc: 9.333e-01 | val acc: 7.220e-01 | test acc: 7.350e-01
[EPOCH 1101] | train acc: 9.833e-01 | val acc: 7.740e-01 | test acc: 7.630e-01
[EPOCH 1201] | train acc: 1.000e+00 | val acc: 8.060e-01 | test acc: 7.780e-01
[EPOCH 1301] | train acc: 1.000e+00 | val acc: 8.220e-01 | test acc: 7.880e-01
[EPOCH 1401] | train acc: 1.000e+00 | val acc: 8.180e-01 | test acc: 7.980e-01
[EPOCH 1501] | train acc: 1.000e+00 | val acc: 8.200e-01 | test acc: 7.930e-01
[EPOCH 1601] | train acc: 1.000e+00 | val acc: 8.220e-01 | test acc: 7.920e-01
[EPOCH 1701] | train acc: 1.000e+00 | val acc: 8.200e-01 | test acc: 7.910e-01
[EPOCH 1801] | train acc: 1.000e+00 | val acc: 8.240e-01 | test acc: 7.930e-01
[EPOCH 1901] | train acc: 1.000e+00 | val acc: 8.260e-01 | test acc: 7.950e-01
[EPOCH 2001] | train acc: 1.000e+00 | val acc: 8.280e-01 | test acc: 7.910e-01
[EPOCH 2101] | train acc: 1.000e+00 | val acc: 8.320e-01 | test acc: 7.970e-01
[EPOCH 2201] | train acc: 1.000e+00 | val acc: 8.320e-01 | test acc: 8.000e-01
[EPOCH 2301] | train acc: 1.000e+00 | val acc: 8.280e-01 | test acc: 7.990e-01
[EPOCH 2401] | train acc: 1.000e+00 | val acc: 8.260e-01 | test acc: 7.980e-01
[EPOCH 2501] | train acc: 1.000e+00 | val acc: 8.300e-01 | test acc: 8.000e-01
[EPOCH 2601] | train acc: 1.000e+00 | val acc: 8.320e-01 | test acc: 8.000e-01
[EPOCH 2701] | train acc: 1.000e+00 | val acc: 8.300e-01 | test acc: 7.980e-01
[EPOCH 2801] | train acc: 1.000e+00 | val acc: 8.300e-01 | test acc: 8.010e-01
[EPOCH 2901] | train acc: 1.000e+00 | val acc: 8.300e-01 | test acc: 8.020e-01
[EPOCH 3001] | train acc: 1.000e+00 | val acc: 8.300e-01 | test acc: 8.030e-01
[EPOCH 3101] | train acc: 1.000e+00 | val acc: 8.300e-01 | test acc: 8.050e-01
[EPOCH 3201] | train acc: 1.000e+00 | val acc: 8.300e-01 | test acc: 8.070e-01
[EPOCH 3301] | train acc: 1.000e+00 | val acc: 8.320e-01 | test acc: 8.040e-01
[EPOCH 3401] | train acc: 1.000e+00 | val acc: 8.320e-01 | test acc: 8.030e-01
[EPOCH 3501] | train acc: 1.000e+00 | val acc: 8.340e-01 | test acc: 8.050e-01
[EPOCH 3601] | train acc: 1.000e+00 | val acc: 8.320e-01 | test acc: 8.080e-01
[EPOCH 3701] | train acc: 1.000e+00 | val acc: 8.300e-01 | test acc: 8.100e-01
[EPOCH 3801] | train acc: 1.000e+00 | val acc: 8.340e-01 | test acc: 8.100e-01
[EPOCH 3901] | train acc: 1.000e+00 | val acc: 8.300e-01 | test acc: 8.100e-01
[EPOCH 4001] | train acc: 1.000e+00 | val acc: 8.300e-01 | test acc: 8.090e-01
[EPOCH 4101] | train acc: 1.000e+00 | val acc: 8.320e-01 | test acc: 8.140e-01
[EPOCH 4201] | train acc: 1.000e+00 | val acc: 8.360e-01 | test acc: 8.120e-01
[EPOCH 4301] | train acc: 1.000e+00 | val acc: 8.300e-01 | test acc: 8.120e-01
[EPOCH 4401] | train acc: 1.000e+00 | val acc: 8.300e-01 | test acc: 8.130e-01
[EPOCH 4501] | train acc: 1.000e+00 | val acc: 8.320e-01 | test acc: 8.140e-01
[EPOCH 4601] | train acc: 1.000e+00 | val acc: 8.280e-01 | test acc: 8.150e-01
[EPOCH 4701] | train acc: 1.000e+00 | val acc: 8.300e-01 | test acc: 8.150e-01
[EPOCH 4801] | train acc: 1.000e+00 | val acc: 8.360e-01 | test acc: 8.150e-01
[EPOCH 4901] | train acc: 1.000e+00 | val acc: 8.320e-01 | test acc: 8.180e-01
[EPOCH 5001] | train acc: 1.000e+00 | val acc: 8.260e-01 | test acc: 8.110e-01
[EPOCH 5101] | train acc: 1.000e+00 | val acc: 8.300e-01 | test acc: 8.140e-01
[EPOCH 5201] | train acc: 1.000e+00 | val acc: 8.320e-01 | test acc: 8.140e-01
[EPOCH 5301] | train acc: 1.000e+00 | val acc: 8.280e-01 | test acc: 8.140e-01
[EPOCH 5401] | train acc: 1.000e+00 | val acc: 8.340e-01 | test acc: 8.160e-01
[EPOCH 5501] | train acc: 1.000e+00 | val acc: 8.280e-01 | test acc: 8.150e-01
[EPOCH 5601] | train acc: 1.000e+00 | val acc: 8.320e-01 | test acc: 8.160e-01
[EPOCH 5701] | train acc: 1.000e+00 | val acc: 8.340e-01 | test acc: 8.160e-01
[EPOCH 5801] | train acc: 1.000e+00 | val acc: 8.360e-01 | test acc: 8.180e-01
[EPOCH 5901] | train acc: 1.000e+00 | val acc: 8.300e-01 | test acc: 8.130e-01
[EPOCH 6001] | train acc: 1.000e+00 | val acc: 8.320e-01 | test acc: 8.150e-01
[EPOCH 6101] | train acc: 1.000e+00 | val acc: 8.340e-01 | test acc: 8.110e-01
[EPOCH 6201] | train acc: 1.000e+00 | val acc: 8.300e-01 | test acc: 8.090e-01
[EPOCH 6301] | train acc: 1.000e+00 | val acc: 8.400e-01 | test acc: 8.180e-01
[EPOCH 6401] | train acc: 1.000e+00 | val acc: 8.360e-01 | test acc: 8.160e-01
[EPOCH 6501] | train acc: 1.000e+00 | val acc: 8.340e-01 | test acc: 8.150e-01
[EPOCH 6601] | train acc: 1.000e+00 | val acc: 8.320e-01 | test acc: 8.150e-01
[EPOCH 6701] | train acc: 1.000e+00 | val acc: 8.360e-01 | test acc: 8.150e-01
[EPOCH 6801] | train acc: 1.000e+00 | val acc: 8.320e-01 | test acc: 8.140e-01
[EPOCH 6901] | train acc: 1.000e+00 | val acc: 8.320e-01 | test acc: 8.120e-01
[EPOCH 7001] | train acc: 1.000e+00 | val acc: 8.380e-01 | test acc: 8.140e-01
[EPOCH 7101] | train acc: 1.000e+00 | val acc: 8.440e-01 | test acc: 8.190e-01
[EPOCH 7201] | train acc: 1.000e+00 | val acc: 8.400e-01 | test acc: 8.140e-01
[EPOCH 7301] | train acc: 1.000e+00 | val acc: 8.380e-01 | test acc: 8.170e-01
[EPOCH 7401] | train acc: 1.000e+00 | val acc: 8.320e-01 | test acc: 8.170e-01
[EPOCH 7501] | train acc: 1.000e+00 | val acc: 8.280e-01 | test acc: 8.140e-01
[EPOCH 7601] | train acc: 1.000e+00 | val acc: 8.280e-01 | test acc: 8.110e-01
[EPOCH 7701] | train acc: 1.000e+00 | val acc: 8.280e-01 | test acc: 8.130e-01
[EPOCH 7801] | train acc: 1.000e+00 | val acc: 8.400e-01 | test acc: 8.190e-01
[EPOCH 7901] | train acc: 1.000e+00 | val acc: 8.400e-01 | test acc: 8.170e-01
[EPOCH 8001] | train acc: 1.000e+00 | val acc: 8.280e-01 | test acc: 8.100e-01
[EPOCH 8101] | train acc: 1.000e+00 | val acc: 8.380e-01 | test acc: 8.180e-01
[EPOCH 8201] | train acc: 1.000e+00 | val acc: 8.360e-01 | test acc: 8.190e-01
[EPOCH 8301] | train acc: 1.000e+00 | val acc: 8.280e-01 | test acc: 8.090e-01
[EPOCH 8401] | train acc: 1.000e+00 | val acc: 8.380e-01 | test acc: 8.160e-01
[EPOCH 8501] | train acc: 1.000e+00 | val acc: 8.340e-01 | test acc: 8.180e-01
[EPOCH 8601] | train acc: 1.000e+00 | val acc: 8.280e-01 | test acc: 8.160e-01
[EPOCH 8701] | train acc: 1.000e+00 | val acc: 8.300e-01 | test acc: 8.140e-01
[EPOCH 8801] | train acc: 1.000e+00 | val acc: 8.280e-01 | test acc: 8.130e-01
[EPOCH 8901] | train acc: 1.000e+00 | val acc: 8.300e-01 | test acc: 8.150e-01
[EPOCH 9001] | train acc: 1.000e+00 | val acc: 8.300e-01 | test acc: 8.130e-01
[EPOCH 9101] | train acc: 1.000e+00 | val acc: 8.300e-01 | test acc: 8.150e-01
[EPOCH 9201] | train acc: 1.000e+00 | val acc: 8.340e-01 | test acc: 8.200e-01
[EPOCH 9301] | train acc: 1.000e+00 | val acc: 8.360e-01 | test acc: 8.170e-01
[EPOCH 9401] | train acc: 1.000e+00 | val acc: 8.320e-01 | test acc: 8.190e-01
[EPOCH 9501] | train acc: 1.000e+00 | val acc: 8.300e-01 | test acc: 8.150e-01
[EPOCH 9601] | train acc: 1.000e+00 | val acc: 8.240e-01 | test acc: 8.170e-01
[EPOCH 9701] | train acc: 1.000e+00 | val acc: 8.280e-01 | test acc: 8.170e-01
[EPOCH 9801] | train acc: 1.000e+00 | val acc: 8.320e-01 | test acc: 8.160e-01
[EPOCH 9901] | train acc: 1.000e+00 | val acc: 8.320e-01 | test acc: 8.200e-01
[EPOCH 10001] | train acc: 1.000e+00 | val acc: 8.280e-01 | test acc: 8.170e-01
[EPOCH 10101] | train acc: 1.000e+00 | val acc: 8.360e-01 | test acc: 8.160e-01
[EPOCH 10201] | train acc: 1.000e+00 | val acc: 8.320e-01 | test acc: 8.210e-01
[EPOCH 10301] | train acc: 1.000e+00 | val acc: 8.220e-01 | test acc: 8.140e-01
[EPOCH 10401] | train acc: 1.000e+00 | val acc: 8.200e-01 | test acc: 8.160e-01
[EPOCH 10501] | train acc: 1.000e+00 | val acc: 8.160e-01 | test acc: 8.140e-01
[EPOCH 10601] | train acc: 1.000e+00 | val acc: 8.340e-01 | test acc: 8.150e-01
[EPOCH 10701] | train acc: 1.000e+00 | val acc: 8.260e-01 | test acc: 8.190e-01
[EPOCH 10801] | train acc: 1.000e+00 | val acc: 8.320e-01 | test acc: 8.150e-01
[EPOCH 10901] | train acc: 1.000e+00 | val acc: 8.240e-01 | test acc: 8.170e-01
[EPOCH 11001] | train acc: 1.000e+00 | val acc: 8.280e-01 | test acc: 8.140e-01
[EPOCH 11101] | train acc: 1.000e+00 | val acc: 8.320e-01 | test acc: 8.170e-01
[EPOCH 11201] | train acc: 1.000e+00 | val acc: 8.240e-01 | test acc: 8.160e-01
[EPOCH 11301] | train acc: 1.000e+00 | val acc: 8.320e-01 | test acc: 8.210e-01
[EPOCH 11401] | train acc: 1.000e+00 | val acc: 8.220e-01 | test acc: 8.150e-01
[EPOCH 11501] | train acc: 1.000e+00 | val acc: 8.200e-01 | test acc: 8.160e-01
[EPOCH 11601] | train acc: 1.000e+00 | val acc: 8.320e-01 | test acc: 8.180e-01
[EPOCH 11701] | train acc: 1.000e+00 | val acc: 8.200e-01 | test acc: 8.150e-01
[EPOCH 11801] | train acc: 1.000e+00 | val acc: 8.240e-01 | test acc: 8.170e-01
[EPOCH 11901] | train acc: 1.000e+00 | val acc: 8.260e-01 | test acc: 8.180e-01
[EPOCH 12001] | train acc: 1.000e+00 | val acc: 8.340e-01 | test acc: 8.180e-01
[EPOCH 12101] | train acc: 1.000e+00 | val acc: 8.220e-01 | test acc: 8.200e-01
[EPOCH 12201] | train acc: 1.000e+00 | val acc: 8.220e-01 | test acc: 8.210e-01
[EPOCH 12301] | train acc: 1.000e+00 | val acc: 8.280e-01 | test acc: 8.200e-01
[EPOCH 12401] | train acc: 1.000e+00 | val acc: 8.240e-01 | test acc: 8.170e-01
[EPOCH 12501] | train acc: 1.000e+00 | val acc: 8.240e-01 | test acc: 8.200e-01
[EPOCH 12601] | train acc: 1.000e+00 | val acc: 8.260e-01 | test acc: 8.190e-01
[EPOCH 12701] | train acc: 1.000e+00 | val acc: 8.200e-01 | test acc: 8.190e-01
[EPOCH 12801] | train acc: 1.000e+00 | val acc: 8.300e-01 | test acc: 8.200e-01
[EPOCH 12901] | train acc: 1.000e+00 | val acc: 8.240e-01 | test acc: 8.200e-01
[EPOCH 13001] | train acc: 1.000e+00 | val acc: 8.240e-01 | test acc: 8.200e-01
[EPOCH 13101] | train acc: 1.000e+00 | val acc: 8.180e-01 | test acc: 8.200e-01
[EPOCH 13201] | train acc: 1.000e+00 | val acc: 8.260e-01 | test acc: 8.190e-01
[EPOCH 13301] | train acc: 1.000e+00 | val acc: 8.160e-01 | test acc: 8.170e-01
[EPOCH 13401] | train acc: 1.000e+00 | val acc: 8.260e-01 | test acc: 8.200e-01
[EPOCH 13501] | train acc: 1.000e+00 | val acc: 8.140e-01 | test acc: 8.160e-01
[EPOCH 13601] | train acc: 1.000e+00 | val acc: 8.220e-01 | test acc: 8.190e-01
[EPOCH 13701] | train acc: 1.000e+00 | val acc: 8.220e-01 | test acc: 8.190e-01
[EPOCH 13801] | train acc: 1.000e+00 | val acc: 8.240e-01 | test acc: 8.210e-01
[EPOCH 13901] | train acc: 1.000e+00 | val acc: 8.280e-01 | test acc: 8.190e-01
[EPOCH 14001] | train acc: 1.000e+00 | val acc: 8.200e-01 | test acc: 8.200e-01
[EPOCH 14101] | train acc: 1.000e+00 | val acc: 8.180e-01 | test acc: 8.180e-01
[EPOCH 14201] | train acc: 1.000e+00 | val acc: 8.160e-01 | test acc: 8.200e-01
[EPOCH 14301] | train acc: 1.000e+00 | val acc: 8.180e-01 | test acc: 8.190e-01
[EPOCH 14401] | train acc: 1.000e+00 | val acc: 8.160e-01 | test acc: 8.210e-01
[EPOCH 14501] | train acc: 1.000e+00 | val acc: 8.140e-01 | test acc: 8.180e-01
[EPOCH 14601] | train acc: 1.000e+00 | val acc: 8.200e-01 | test acc: 8.190e-01
[EPOCH 14701] | train acc: 1.000e+00 | val acc: 8.140e-01 | test acc: 8.220e-01
[EPOCH 14801] | train acc: 1.000e+00 | val acc: 8.140e-01 | test acc: 8.200e-01
[EPOCH 14901] | train acc: 1.000e+00 | val acc: 8.160e-01 | test acc: 8.170e-01
[EPOCH 15001] | train acc: 1.000e+00 | val acc: 8.160e-01 | test acc: 8.150e-01
[EPOCH 15101] | train acc: 1.000e+00 | val acc: 8.240e-01 | test acc: 8.170e-01
[EPOCH 15201] | train acc: 1.000e+00 | val acc: 8.140e-01 | test acc: 8.150e-01
[EPOCH 15301] | train acc: 1.000e+00 | val acc: 8.100e-01 | test acc: 8.160e-01
[EPOCH 15401] | train acc: 1.000e+00 | val acc: 8.140e-01 | test acc: 8.150e-01
[EPOCH 15501] | train acc: 1.000e+00 | val acc: 8.140e-01 | test acc: 8.170e-01
[EPOCH 15601] | train acc: 1.000e+00 | val acc: 8.080e-01 | test acc: 8.170e-01
[EPOCH 15701] | train acc: 1.000e+00 | val acc: 8.160e-01 | test acc: 8.130e-01
[EPOCH 15801] | train acc: 1.000e+00 | val acc: 8.160e-01 | test acc: 8.130e-01
[EPOCH 15901] | train acc: 1.000e+00 | val acc: 8.140e-01 | test acc: 8.160e-01
[EPOCH 16001] | train acc: 1.000e+00 | val acc: 8.120e-01 | test acc: 8.190e-01
[EPOCH 16101] | train acc: 1.000e+00 | val acc: 8.200e-01 | test acc: 8.150e-01
[EPOCH 16201] | train acc: 1.000e+00 | val acc: 8.120e-01 | test acc: 8.200e-01
[EPOCH 16301] | train acc: 1.000e+00 | val acc: 8.080e-01 | test acc: 8.160e-01
[EPOCH 16401] | train acc: 1.000e+00 | val acc: 8.100e-01 | test acc: 8.180e-01
[EPOCH 16501] | train acc: 1.000e+00 | val acc: 8.120e-01 | test acc: 8.150e-01
[EPOCH 16601] | train acc: 1.000e+00 | val acc: 8.100e-01 | test acc: 8.150e-01
[EPOCH 16701] | train acc: 1.000e+00 | val acc: 8.100e-01 | test acc: 8.190e-01
[EPOCH 16801] | train acc: 1.000e+00 | val acc: 8.180e-01 | test acc: 8.130e-01
[EPOCH 16901] | train acc: 1.000e+00 | val acc: 8.040e-01 | test acc: 8.180e-01
[EPOCH 17001] | train acc: 1.000e+00 | val acc: 8.080e-01 | test acc: 8.180e-01
[EPOCH 17101] | train acc: 1.000e+00 | val acc: 8.100e-01 | test acc: 8.170e-01
[EPOCH 17201] | train acc: 1.000e+00 | val acc: 8.120e-01 | test acc: 8.180e-01
[EPOCH 17301] | train acc: 1.000e+00 | val acc: 8.100e-01 | test acc: 8.170e-01
[EPOCH 17401] | train acc: 1.000e+00 | val acc: 8.100e-01 | test acc: 8.180e-01
[EPOCH 17501] | train acc: 1.000e+00 | val acc: 8.060e-01 | test acc: 8.160e-01
[EPOCH 17601] | train acc: 1.000e+00 | val acc: 8.100e-01 | test acc: 8.160e-01
[EPOCH 17701] | train acc: 1.000e+00 | val acc: 8.040e-01 | test acc: 8.140e-01
[EPOCH 17801] | train acc: 1.000e+00 | val acc: 8.080e-01 | test acc: 8.140e-01
[EPOCH 17901] | train acc: 1.000e+00 | val acc: 8.080e-01 | test acc: 8.140e-01
[EPOCH 18001] | train acc: 1.000e+00 | val acc: 8.080e-01 | test acc: 8.170e-01
[EPOCH 18101] | train acc: 1.000e+00 | val acc: 8.060e-01 | test acc: 8.140e-01
[EPOCH 18201] | train acc: 1.000e+00 | val acc: 8.120e-01 | test acc: 8.140e-01
[EPOCH 18301] | train acc: 1.000e+00 | val acc: 8.060e-01 | test acc: 8.160e-01
[EPOCH 18401] | train acc: 1.000e+00 | val acc: 8.100e-01 | test acc: 8.070e-01
[EPOCH 18501] | train acc: 1.000e+00 | val acc: 8.060e-01 | test acc: 8.080e-01
[EPOCH 18601] | train acc: 1.000e+00 | val acc: 8.080e-01 | test acc: 8.130e-01
[EPOCH 18701] | train acc: 1.000e+00 | val acc: 8.100e-01 | test acc: 8.130e-01
[EPOCH 18801] | train acc: 1.000e+00 | val acc: 8.140e-01 | test acc: 8.140e-01
[EPOCH 18901] | train acc: 1.000e+00 | val acc: 8.080e-01 | test acc: 8.090e-01
[EPOCH 19001] | train acc: 1.000e+00 | val acc: 8.080e-01 | test acc: 8.140e-01
[EPOCH 19101] | train acc: 1.000e+00 | val acc: 8.060e-01 | test acc: 8.090e-01
[EPOCH 19201] | train acc: 1.000e+00 | val acc: 8.020e-01 | test acc: 8.080e-01
[EPOCH 19301] | train acc: 1.000e+00 | val acc: 8.100e-01 | test acc: 8.120e-01
[EPOCH 19401] | train acc: 1.000e+00 | val acc: 8.040e-01 | test acc: 8.100e-01
[EPOCH 19501] | train acc: 1.000e+00 | val acc: 8.020e-01 | test acc: 8.090e-01
[EPOCH 19601] | train acc: 1.000e+00 | val acc: 8.040e-01 | test acc: 8.040e-01
[EPOCH 19701] | train acc: 1.000e+00 | val acc: 8.000e-01 | test acc: 8.090e-01
[EPOCH 19801] | train acc: 1.000e+00 | val acc: 8.020e-01 | test acc: 8.040e-01
[EPOCH 19901] | train acc: 1.000e+00 | val acc: 8.040e-01 | test acc: 8.050e-01
 
