----------------------------------------------------------------------------------------------------
Make Directory citeseer/Gaussian_GATConv in Logs
[91mSep27-08:58:39[0m
----------------------------------------------------------------------------------------------------
[citeseer]   seed=42
----------------------------------------------------------------------------------------------------
lr=0.0001 unweighted_MSE=False diffusion_steps=80 schedule=True weight_decay=0.0001 cat=False skip=False
nhid=256 layers=2 linears=2
----------------------------------------------------------------------------------------------------
[EPOCH 0001] | train acc: 1.198e-01 | val acc: 1.213e-01 | val graph: 9.800e-02 | test node: 1.446e-01 | test graph: 1.180e-01
[EPOCH 0101] | train acc: 1.343e-01 | val acc: 1.801e-01 | val graph: 1.540e-01 | test node: 2.055e-01 | test graph: 1.580e-01
[EPOCH 0201] | train acc: 1.384e-01 | val acc: 1.801e-01 | val graph: 1.540e-01 | test node: 2.053e-01 | test graph: 1.580e-01
[EPOCH 0301] | train acc: 1.488e-01 | val acc: 7.680e-02 | val graph: 2.800e-02 | test node: 6.596e-02 | test graph: 3.000e-02
[EPOCH 0401] | train acc: 1.260e-01 | val acc: 1.202e-01 | val graph: 2.600e-02 | test node: 9.789e-02 | test graph: 2.200e-02
[EPOCH 0501] | train acc: 1.818e-01 | val acc: 2.717e-01 | val graph: 6.600e-02 | test node: 2.354e-01 | test graph: 5.700e-02
[EPOCH 0601] | train acc: 2.190e-01 | val acc: 2.214e-01 | val graph: 6.800e-02 | test node: 2.351e-01 | test graph: 6.700e-02
[EPOCH 0701] | train acc: 1.674e-01 | val acc: 1.732e-01 | val graph: 7.400e-02 | test node: 1.702e-01 | test graph: 7.900e-02
[EPOCH 0801] | train acc: 2.355e-01 | val acc: 2.648e-01 | val graph: 1.100e-01 | test node: 2.488e-01 | test graph: 8.600e-02
[EPOCH 0901] | train acc: 2.459e-01 | val acc: 2.722e-01 | val graph: 1.160e-01 | test node: 2.501e-01 | test graph: 8.700e-02
[EPOCH 1001] | train acc: 3.306e-01 | val acc: 2.828e-01 | val graph: 1.140e-01 | test node: 2.522e-01 | test graph: 9.600e-02
[EPOCH 1101] | train acc: 2.707e-01 | val acc: 2.108e-01 | val graph: 1.020e-01 | test node: 1.950e-01 | test graph: 9.700e-02
[EPOCH 1201] | train acc: 2.831e-01 | val acc: 2.733e-01 | val graph: 1.180e-01 | test node: 2.594e-01 | test graph: 9.400e-02
[EPOCH 1301] | train acc: 3.926e-01 | val acc: 3.305e-01 | val graph: 1.380e-01 | test node: 2.947e-01 | test graph: 1.140e-01
[EPOCH 1401] | train acc: 2.417e-01 | val acc: 2.627e-01 | val graph: 1.100e-01 | test node: 2.485e-01 | test graph: 9.100e-02
[EPOCH 1501] | train acc: 2.479e-01 | val acc: 1.806e-01 | val graph: 8.600e-02 | test node: 1.723e-01 | test graph: 9.200e-02
[EPOCH 1601] | train acc: 2.128e-01 | val acc: 2.039e-01 | val graph: 1.240e-01 | test node: 1.834e-01 | test graph: 9.800e-02
[EPOCH 1701] | train acc: 5.041e-01 | val acc: 3.596e-01 | val graph: 1.780e-01 | test node: 3.227e-01 | test graph: 1.450e-01
[EPOCH 1801] | train acc: 4.463e-01 | val acc: 3.776e-01 | val graph: 1.620e-01 | test node: 3.309e-01 | test graph: 1.310e-01
[EPOCH 1901] | train acc: 2.748e-01 | val acc: 2.871e-01 | val graph: 1.260e-01 | test node: 2.731e-01 | test graph: 1.010e-01
[EPOCH 2001] | train acc: 2.417e-01 | val acc: 2.669e-01 | val graph: 1.100e-01 | test node: 2.488e-01 | test graph: 9.000e-02
[EPOCH 2101] | train acc: 2.397e-01 | val acc: 2.643e-01 | val graph: 1.100e-01 | test node: 2.472e-01 | test graph: 8.900e-02
[EPOCH 2201] | train acc: 2.376e-01 | val acc: 2.627e-01 | val graph: 1.100e-01 | test node: 2.446e-01 | test graph: 8.900e-02
[EPOCH 2301] | train acc: 2.438e-01 | val acc: 2.685e-01 | val graph: 1.120e-01 | test node: 2.496e-01 | test graph: 9.000e-02
[EPOCH 2401] | train acc: 2.376e-01 | val acc: 2.622e-01 | val graph: 1.100e-01 | test node: 2.441e-01 | test graph: 8.900e-02
[EPOCH 2501] | train acc: 2.087e-01 | val acc: 2.082e-01 | val graph: 1.320e-01 | test node: 1.826e-01 | test graph: 1.050e-01
[EPOCH 2601] | train acc: 2.376e-01 | val acc: 2.622e-01 | val graph: 1.100e-01 | test node: 2.441e-01 | test graph: 8.900e-02
[EPOCH 2701] | train acc: 2.376e-01 | val acc: 2.622e-01 | val graph: 1.100e-01 | test node: 2.441e-01 | test graph: 8.900e-02
[EPOCH 2801] | train acc: 2.376e-01 | val acc: 2.622e-01 | val graph: 1.100e-01 | test node: 2.441e-01 | test graph: 8.900e-02
[EPOCH 2901] | train acc: 2.376e-01 | val acc: 2.622e-01 | val graph: 1.100e-01 | test node: 2.441e-01 | test graph: 8.900e-02
[EPOCH 3001] | train acc: 2.376e-01 | val acc: 2.622e-01 | val graph: 1.100e-01 | test node: 2.441e-01 | test graph: 8.900e-02
[EPOCH 3101] | train acc: 2.376e-01 | val acc: 2.622e-01 | val graph: 1.100e-01 | test node: 2.441e-01 | test graph: 8.900e-02
[EPOCH 3201] | train acc: 2.376e-01 | val acc: 2.622e-01 | val graph: 1.100e-01 | test node: 2.441e-01 | test graph: 8.900e-02
[EPOCH 3301] | train acc: 3.512e-01 | val acc: 2.993e-01 | val graph: 1.360e-01 | test node: 2.786e-01 | test graph: 1.010e-01
[EPOCH 3401] | train acc: 2.376e-01 | val acc: 2.622e-01 | val graph: 1.100e-01 | test node: 2.441e-01 | test graph: 8.900e-02
[EPOCH 3501] | train acc: 2.376e-01 | val acc: 2.622e-01 | val graph: 1.100e-01 | test node: 2.441e-01 | test graph: 8.900e-02
[EPOCH 3601] | train acc: 2.376e-01 | val acc: 2.622e-01 | val graph: 1.100e-01 | test node: 2.441e-01 | test graph: 8.900e-02
[EPOCH 3701] | train acc: 2.376e-01 | val acc: 2.622e-01 | val graph: 1.100e-01 | test node: 2.441e-01 | test graph: 8.900e-02
[EPOCH 3801] | train acc: 2.376e-01 | val acc: 2.622e-01 | val graph: 1.100e-01 | test node: 2.441e-01 | test graph: 8.900e-02
[EPOCH 3901] | train acc: 2.376e-01 | val acc: 2.622e-01 | val graph: 1.100e-01 | test node: 2.441e-01 | test graph: 8.900e-02
[EPOCH 4001] | train acc: 2.376e-01 | val acc: 2.622e-01 | val graph: 1.100e-01 | test node: 2.441e-01 | test graph: 8.900e-02
[EPOCH 4101] | train acc: 2.376e-01 | val acc: 2.622e-01 | val graph: 1.100e-01 | test node: 2.441e-01 | test graph: 8.900e-02
[EPOCH 4201] | train acc: 2.376e-01 | val acc: 2.622e-01 | val graph: 1.100e-01 | test node: 2.441e-01 | test graph: 8.900e-02
[EPOCH 4301] | train acc: 2.376e-01 | val acc: 2.622e-01 | val graph: 1.100e-01 | test node: 2.441e-01 | test graph: 8.900e-02
[EPOCH 4401] | train acc: 2.376e-01 | val acc: 2.622e-01 | val graph: 1.100e-01 | test node: 2.441e-01 | test graph: 8.900e-02
[EPOCH 4501] | train acc: 2.376e-01 | val acc: 2.622e-01 | val graph: 1.100e-01 | test node: 2.441e-01 | test graph: 8.900e-02
[EPOCH 4601] | train acc: 2.376e-01 | val acc: 2.622e-01 | val graph: 1.100e-01 | test node: 2.441e-01 | test graph: 8.900e-02
[EPOCH 4701] | train acc: 3.636e-01 | val acc: 3.099e-01 | val graph: 1.380e-01 | test node: 2.847e-01 | test graph: 1.070e-01
[EPOCH 4801] | train acc: 2.376e-01 | val acc: 2.622e-01 | val graph: 1.100e-01 | test node: 2.441e-01 | test graph: 8.900e-02
[EPOCH 4901] | train acc: 2.376e-01 | val acc: 2.622e-01 | val graph: 1.100e-01 | test node: 2.441e-01 | test graph: 8.900e-02
[EPOCH 5001] | train acc: 2.376e-01 | val acc: 2.622e-01 | val graph: 1.100e-01 | test node: 2.441e-01 | test graph: 8.900e-02
[EPOCH 5101] | train acc: 2.376e-01 | val acc: 2.622e-01 | val graph: 1.100e-01 | test node: 2.441e-01 | test graph: 8.900e-02
[EPOCH 5201] | train acc: 2.376e-01 | val acc: 2.622e-01 | val graph: 1.100e-01 | test node: 2.446e-01 | test graph: 8.900e-02
[EPOCH 5301] | train acc: 2.376e-01 | val acc: 2.622e-01 | val graph: 1.100e-01 | test node: 2.441e-01 | test graph: 8.900e-02
[EPOCH 5401] | train acc: 2.376e-01 | val acc: 2.622e-01 | val graph: 1.100e-01 | test node: 2.441e-01 | test graph: 8.900e-02
[EPOCH 5501] | train acc: 2.376e-01 | val acc: 2.622e-01 | val graph: 1.100e-01 | test node: 2.441e-01 | test graph: 8.900e-02
[EPOCH 5601] | train acc: 5.434e-01 | val acc: 3.385e-01 | val graph: 2.020e-01 | test node: 3.208e-01 | test graph: 1.850e-01
[EPOCH 5701] | train acc: 2.376e-01 | val acc: 2.622e-01 | val graph: 1.100e-01 | test node: 2.441e-01 | test graph: 8.900e-02
[EPOCH 5801] | train acc: 2.376e-01 | val acc: 2.622e-01 | val graph: 1.100e-01 | test node: 2.441e-01 | test graph: 8.900e-02
[EPOCH 5901] | train acc: 2.087e-01 | val acc: 2.082e-01 | val graph: 1.320e-01 | test node: 1.826e-01 | test graph: 1.050e-01
[EPOCH 6001] | train acc: 2.376e-01 | val acc: 2.622e-01 | val graph: 1.100e-01 | test node: 2.441e-01 | test graph: 8.900e-02
[EPOCH 6101] | train acc: 2.376e-01 | val acc: 2.622e-01 | val graph: 1.100e-01 | test node: 2.441e-01 | test graph: 8.900e-02
[EPOCH 6201] | train acc: 2.376e-01 | val acc: 2.622e-01 | val graph: 1.100e-01 | test node: 2.441e-01 | test graph: 8.900e-02
[EPOCH 6301] | train acc: 2.376e-01 | val acc: 2.622e-01 | val graph: 1.100e-01 | test node: 2.441e-01 | test graph: 8.900e-02
[EPOCH 6401] | train acc: 2.376e-01 | val acc: 2.622e-01 | val graph: 1.100e-01 | test node: 2.441e-01 | test graph: 8.900e-02
[EPOCH 6501] | train acc: 2.376e-01 | val acc: 2.622e-01 | val graph: 1.100e-01 | test node: 2.441e-01 | test graph: 8.900e-02
[EPOCH 6601] | train acc: 2.376e-01 | val acc: 2.622e-01 | val graph: 1.100e-01 | test node: 2.441e-01 | test graph: 8.900e-02
[EPOCH 6701] | train acc: 2.376e-01 | val acc: 2.622e-01 | val graph: 1.100e-01 | test node: 2.441e-01 | test graph: 8.900e-02
[EPOCH 6801] | train acc: 2.376e-01 | val acc: 2.622e-01 | val graph: 1.100e-01 | test node: 2.441e-01 | test graph: 8.900e-02
[EPOCH 6901] | train acc: 2.376e-01 | val acc: 2.622e-01 | val graph: 1.100e-01 | test node: 2.441e-01 | test graph: 8.900e-02
[EPOCH 7001] | train acc: 2.996e-01 | val acc: 2.103e-01 | val graph: 1.280e-01 | test node: 1.958e-01 | test graph: 1.040e-01
[EPOCH 7101] | train acc: 2.376e-01 | val acc: 2.622e-01 | val graph: 1.100e-01 | test node: 2.441e-01 | test graph: 8.900e-02
[EPOCH 7201] | train acc: 2.376e-01 | val acc: 2.622e-01 | val graph: 1.100e-01 | test node: 2.441e-01 | test graph: 8.900e-02
[EPOCH 7301] | train acc: 2.665e-01 | val acc: 2.654e-01 | val graph: 1.120e-01 | test node: 2.446e-01 | test graph: 8.900e-02
[EPOCH 7401] | train acc: 1.880e-01 | val acc: 1.690e-01 | val graph: 1.080e-01 | test node: 1.631e-01 | test graph: 1.070e-01
[EPOCH 7501] | train acc: 3.388e-01 | val acc: 2.484e-01 | val graph: 1.520e-01 | test node: 2.385e-01 | test graph: 1.470e-01
[EPOCH 7601] | train acc: 5.165e-01 | val acc: 3.607e-01 | val graph: 1.740e-01 | test node: 3.314e-01 | test graph: 1.370e-01
[EPOCH 7701] | train acc: 3.450e-01 | val acc: 2.966e-01 | val graph: 1.320e-01 | test node: 2.799e-01 | test graph: 1.040e-01
[EPOCH 7801] | train acc: 2.376e-01 | val acc: 2.622e-01 | val graph: 1.100e-01 | test node: 2.441e-01 | test graph: 8.900e-02
[EPOCH 7901] | train acc: 2.376e-01 | val acc: 2.622e-01 | val graph: 1.100e-01 | test node: 2.441e-01 | test graph: 8.900e-02
[EPOCH 8001] | train acc: 2.376e-01 | val acc: 2.622e-01 | val graph: 1.100e-01 | test node: 2.441e-01 | test graph: 8.900e-02
[EPOCH 8101] | train acc: 2.562e-01 | val acc: 2.664e-01 | val graph: 1.120e-01 | test node: 2.475e-01 | test graph: 9.000e-02
[EPOCH 8201] | train acc: 2.376e-01 | val acc: 2.622e-01 | val graph: 1.100e-01 | test node: 2.441e-01 | test graph: 8.900e-02
[EPOCH 8301] | train acc: 4.112e-01 | val acc: 3.644e-01 | val graph: 1.680e-01 | test node: 3.290e-01 | test graph: 1.360e-01
[EPOCH 8401] | train acc: 2.583e-01 | val acc: 2.675e-01 | val graph: 1.140e-01 | test node: 2.507e-01 | test graph: 9.100e-02
[EPOCH 8501] | train acc: 2.376e-01 | val acc: 2.622e-01 | val graph: 1.100e-01 | test node: 2.441e-01 | test graph: 8.900e-02
[EPOCH 8601] | train acc: 2.376e-01 | val acc: 2.622e-01 | val graph: 1.100e-01 | test node: 2.441e-01 | test graph: 8.900e-02
[EPOCH 8701] | train acc: 4.029e-01 | val acc: 3.268e-01 | val graph: 1.800e-01 | test node: 3.008e-01 | test graph: 1.480e-01
[EPOCH 8801] | train acc: 2.665e-01 | val acc: 2.691e-01 | val graph: 1.140e-01 | test node: 2.509e-01 | test graph: 9.200e-02
[EPOCH 8901] | train acc: 2.376e-01 | val acc: 2.622e-01 | val graph: 1.100e-01 | test node: 2.441e-01 | test graph: 8.900e-02
[EPOCH 9001] | train acc: 2.376e-01 | val acc: 2.622e-01 | val graph: 1.100e-01 | test node: 2.441e-01 | test graph: 8.900e-02
[EPOCH 9101] | train acc: 2.376e-01 | val acc: 2.622e-01 | val graph: 1.100e-01 | test node: 2.441e-01 | test graph: 8.900e-02
[EPOCH 9201] | train acc: 2.376e-01 | val acc: 2.622e-01 | val graph: 1.100e-01 | test node: 2.441e-01 | test graph: 8.900e-02
[EPOCH 9301] | train acc: 2.376e-01 | val acc: 2.622e-01 | val graph: 1.100e-01 | test node: 2.441e-01 | test graph: 8.900e-02
[EPOCH 9401] | train acc: 2.500e-01 | val acc: 2.638e-01 | val graph: 1.120e-01 | test node: 2.443e-01 | test graph: 8.900e-02
[EPOCH 9501] | train acc: 2.376e-01 | val acc: 2.622e-01 | val graph: 1.100e-01 | test node: 2.441e-01 | test graph: 8.900e-02
[EPOCH 9601] | train acc: 2.665e-01 | val acc: 2.664e-01 | val graph: 1.120e-01 | test node: 2.480e-01 | test graph: 9.200e-02
[EPOCH 9701] | train acc: 2.376e-01 | val acc: 2.622e-01 | val graph: 1.100e-01 | test node: 2.441e-01 | test graph: 8.900e-02
[EPOCH 9801] | train acc: 2.376e-01 | val acc: 2.622e-01 | val graph: 1.100e-01 | test node: 2.441e-01 | test graph: 8.900e-02
[EPOCH 9901] | train acc: 4.112e-01 | val acc: 3.411e-01 | val graph: 1.880e-01 | test node: 3.185e-01 | test graph: 1.550e-01
[EPOCH 10001] | train acc: 2.087e-01 | val acc: 2.082e-01 | val graph: 1.320e-01 | test node: 1.826e-01 | test graph: 1.050e-01
[EPOCH 10101] | train acc: 2.087e-01 | val acc: 2.082e-01 | val graph: 1.320e-01 | test node: 1.826e-01 | test graph: 1.050e-01
[EPOCH 10201] | train acc: 2.376e-01 | val acc: 2.622e-01 | val graph: 1.100e-01 | test node: 2.441e-01 | test graph: 8.900e-02
[EPOCH 10301] | train acc: 2.459e-01 | val acc: 2.638e-01 | val graph: 1.120e-01 | test node: 2.441e-01 | test graph: 8.900e-02
[EPOCH 10401] | train acc: 2.521e-01 | val acc: 2.638e-01 | val graph: 1.120e-01 | test node: 2.441e-01 | test graph: 8.900e-02
[EPOCH 10501] | train acc: 2.376e-01 | val acc: 2.622e-01 | val graph: 1.100e-01 | test node: 2.441e-01 | test graph: 8.900e-02
[EPOCH 10601] | train acc: 2.376e-01 | val acc: 2.622e-01 | val graph: 1.100e-01 | test node: 2.441e-01 | test graph: 8.900e-02
[EPOCH 10701] | train acc: 2.376e-01 | val acc: 2.622e-01 | val graph: 1.100e-01 | test node: 2.441e-01 | test graph: 8.900e-02
[EPOCH 10801] | train acc: 2.376e-01 | val acc: 2.622e-01 | val graph: 1.100e-01 | test node: 2.441e-01 | test graph: 8.900e-02
[EPOCH 10901] | train acc: 2.603e-01 | val acc: 2.680e-01 | val graph: 1.160e-01 | test node: 2.499e-01 | test graph: 9.100e-02
[EPOCH 11001] | train acc: 2.376e-01 | val acc: 2.622e-01 | val graph: 1.100e-01 | test node: 2.441e-01 | test graph: 8.900e-02
[EPOCH 11101] | train acc: 2.376e-01 | val acc: 2.622e-01 | val graph: 1.100e-01 | test node: 2.441e-01 | test graph: 8.900e-02
[EPOCH 11201] | train acc: 2.376e-01 | val acc: 2.622e-01 | val graph: 1.100e-01 | test node: 2.441e-01 | test graph: 8.900e-02
[EPOCH 11301] | train acc: 2.376e-01 | val acc: 2.622e-01 | val graph: 1.100e-01 | test node: 2.441e-01 | test graph: 8.900e-02
[EPOCH 11401] | train acc: 2.376e-01 | val acc: 2.622e-01 | val graph: 1.100e-01 | test node: 2.441e-01 | test graph: 8.900e-02
[EPOCH 11501] | train acc: 2.376e-01 | val acc: 2.622e-01 | val graph: 1.100e-01 | test node: 2.441e-01 | test graph: 8.900e-02
[EPOCH 11601] | train acc: 2.376e-01 | val acc: 2.622e-01 | val graph: 1.100e-01 | test node: 2.441e-01 | test graph: 8.900e-02
[EPOCH 11701] | train acc: 2.376e-01 | val acc: 2.622e-01 | val graph: 1.100e-01 | test node: 2.441e-01 | test graph: 8.900e-02
[EPOCH 11801] | train acc: 2.376e-01 | val acc: 2.622e-01 | val graph: 1.100e-01 | test node: 2.441e-01 | test graph: 8.900e-02
[EPOCH 11901] | train acc: 2.500e-01 | val acc: 2.643e-01 | val graph: 1.120e-01 | test node: 2.459e-01 | test graph: 8.900e-02
[EPOCH 12001] | train acc: 2.645e-01 | val acc: 2.701e-01 | val graph: 1.180e-01 | test node: 2.488e-01 | test graph: 9.300e-02
[EPOCH 12101] | train acc: 2.500e-01 | val acc: 2.638e-01 | val graph: 1.120e-01 | test node: 2.441e-01 | test graph: 8.900e-02
[EPOCH 12201] | train acc: 2.603e-01 | val acc: 2.648e-01 | val graph: 1.120e-01 | test node: 2.462e-01 | test graph: 8.900e-02
[EPOCH 12301] | train acc: 2.521e-01 | val acc: 2.638e-01 | val graph: 1.120e-01 | test node: 2.446e-01 | test graph: 8.900e-02
[EPOCH 12401] | train acc: 4.421e-01 | val acc: 4.322e-01 | val graph: 2.260e-01 | test node: 3.955e-01 | test graph: 1.850e-01
[EPOCH 12501] | train acc: 3.388e-01 | val acc: 2.929e-01 | val graph: 1.340e-01 | test node: 2.715e-01 | test graph: 1.030e-01
[EPOCH 12601] | train acc: 2.603e-01 | val acc: 2.638e-01 | val graph: 1.120e-01 | test node: 2.441e-01 | test graph: 8.900e-02
[EPOCH 12701] | train acc: 2.727e-01 | val acc: 2.696e-01 | val graph: 1.180e-01 | test node: 2.509e-01 | test graph: 9.200e-02
[EPOCH 12801] | train acc: 2.500e-01 | val acc: 2.638e-01 | val graph: 1.120e-01 | test node: 2.441e-01 | test graph: 8.900e-02
[EPOCH 12901] | train acc: 2.541e-01 | val acc: 2.638e-01 | val graph: 1.120e-01 | test node: 2.441e-01 | test graph: 8.900e-02
[EPOCH 13001] | train acc: 2.376e-01 | val acc: 2.622e-01 | val graph: 1.100e-01 | test node: 2.441e-01 | test graph: 8.900e-02
[EPOCH 13101] | train acc: 2.376e-01 | val acc: 2.622e-01 | val graph: 1.100e-01 | test node: 2.441e-01 | test graph: 8.900e-02
[EPOCH 13201] | train acc: 2.376e-01 | val acc: 2.622e-01 | val graph: 1.100e-01 | test node: 2.441e-01 | test graph: 8.900e-02
[EPOCH 13301] | train acc: 2.562e-01 | val acc: 2.648e-01 | val graph: 1.120e-01 | test node: 2.441e-01 | test graph: 8.900e-02
[EPOCH 13401] | train acc: 2.500e-01 | val acc: 2.638e-01 | val graph: 1.120e-01 | test node: 2.441e-01 | test graph: 8.900e-02
[EPOCH 13501] | train acc: 2.727e-01 | val acc: 2.675e-01 | val graph: 1.140e-01 | test node: 2.496e-01 | test graph: 9.100e-02
[EPOCH 13601] | train acc: 2.376e-01 | val acc: 2.622e-01 | val graph: 1.100e-01 | test node: 2.441e-01 | test graph: 8.900e-02
[EPOCH 13701] | train acc: 2.583e-01 | val acc: 2.659e-01 | val graph: 1.140e-01 | test node: 2.472e-01 | test graph: 9.000e-02
[EPOCH 13801] | train acc: 3.347e-01 | val acc: 2.961e-01 | val graph: 1.320e-01 | test node: 2.757e-01 | test graph: 1.060e-01
[EPOCH 13901] | train acc: 2.975e-01 | val acc: 2.749e-01 | val graph: 1.220e-01 | test node: 2.583e-01 | test graph: 9.700e-02
[EPOCH 14001] | train acc: 2.810e-01 | val acc: 2.707e-01 | val graph: 1.200e-01 | test node: 2.530e-01 | test graph: 9.300e-02
[EPOCH 14101] | train acc: 4.380e-01 | val acc: 4.534e-01 | val graph: 2.380e-01 | test node: 4.098e-01 | test graph: 1.920e-01
[EPOCH 14201] | train acc: 1.880e-01 | val acc: 1.690e-01 | val graph: 1.080e-01 | test node: 1.631e-01 | test graph: 1.070e-01
[EPOCH 14301] | train acc: 4.360e-01 | val acc: 4.274e-01 | val graph: 2.280e-01 | test node: 3.868e-01 | test graph: 1.830e-01
[EPOCH 14401] | train acc: 3.306e-01 | val acc: 2.971e-01 | val graph: 1.340e-01 | test node: 2.715e-01 | test graph: 1.020e-01
[EPOCH 14501] | train acc: 3.347e-01 | val acc: 2.860e-01 | val graph: 1.320e-01 | test node: 2.654e-01 | test graph: 1.000e-01
[EPOCH 14601] | train acc: 3.099e-01 | val acc: 2.807e-01 | val graph: 1.240e-01 | test node: 2.612e-01 | test graph: 9.700e-02
[EPOCH 14701] | train acc: 3.802e-01 | val acc: 3.305e-01 | val graph: 1.460e-01 | test node: 2.929e-01 | test graph: 1.160e-01
[EPOCH 14801] | train acc: 4.421e-01 | val acc: 4.507e-01 | val graph: 2.320e-01 | test node: 4.021e-01 | test graph: 1.850e-01
[EPOCH 14901] | train acc: 3.409e-01 | val acc: 2.913e-01 | val graph: 1.300e-01 | test node: 2.697e-01 | test graph: 1.000e-01
[EPOCH 15001] | train acc: 3.037e-01 | val acc: 2.781e-01 | val graph: 1.240e-01 | test node: 2.586e-01 | test graph: 9.700e-02
[EPOCH 15101] | train acc: 2.996e-01 | val acc: 2.760e-01 | val graph: 1.200e-01 | test node: 2.594e-01 | test graph: 9.600e-02
[EPOCH 15201] | train acc: 3.822e-01 | val acc: 3.554e-01 | val graph: 1.720e-01 | test node: 3.412e-01 | test graph: 1.690e-01
[EPOCH 15301] | train acc: 4.132e-01 | val acc: 3.734e-01 | val graph: 1.760e-01 | test node: 3.272e-01 | test graph: 1.370e-01
[EPOCH 15401] | train acc: 4.194e-01 | val acc: 3.782e-01 | val graph: 1.780e-01 | test node: 3.346e-01 | test graph: 1.410e-01
[EPOCH 15501] | train acc: 3.740e-01 | val acc: 3.178e-01 | val graph: 1.420e-01 | test node: 2.855e-01 | test graph: 1.120e-01
[EPOCH 15601] | train acc: 4.174e-01 | val acc: 3.676e-01 | val graph: 1.720e-01 | test node: 3.222e-01 | test graph: 1.330e-01
[EPOCH 15701] | train acc: 3.926e-01 | val acc: 3.438e-01 | val graph: 1.480e-01 | test node: 3.013e-01 | test graph: 1.200e-01
[EPOCH 15801] | train acc: 4.153e-01 | val acc: 3.676e-01 | val graph: 1.720e-01 | test node: 3.216e-01 | test graph: 1.330e-01
[EPOCH 15901] | train acc: 2.831e-01 | val acc: 2.669e-01 | val graph: 1.160e-01 | test node: 2.493e-01 | test graph: 9.200e-02
[EPOCH 16001] | train acc: 4.401e-01 | val acc: 4.507e-01 | val graph: 2.340e-01 | test node: 4.090e-01 | test graph: 1.930e-01
[EPOCH 16101] | train acc: 4.277e-01 | val acc: 4.232e-01 | val graph: 2.160e-01 | test node: 3.720e-01 | test graph: 1.670e-01
[EPOCH 16201] | train acc: 4.421e-01 | val acc: 4.529e-01 | val graph: 2.320e-01 | test node: 4.116e-01 | test graph: 1.920e-01
[EPOCH 16301] | train acc: 2.087e-01 | val acc: 2.082e-01 | val graph: 1.320e-01 | test node: 1.826e-01 | test graph: 1.050e-01
[EPOCH 16401] | train acc: 2.087e-01 | val acc: 2.082e-01 | val graph: 1.320e-01 | test node: 1.826e-01 | test graph: 1.050e-01
[EPOCH 16501] | train acc: 4.112e-01 | val acc: 3.300e-01 | val graph: 1.680e-01 | test node: 3.124e-01 | test graph: 1.510e-01
[EPOCH 16601] | train acc: 4.401e-01 | val acc: 4.391e-01 | val graph: 2.260e-01 | test node: 4.013e-01 | test graph: 1.860e-01
[EPOCH 16701] | train acc: 4.442e-01 | val acc: 4.544e-01 | val graph: 2.340e-01 | test node: 4.092e-01 | test graph: 1.900e-01
[EPOCH 16801] | train acc: 4.421e-01 | val acc: 4.555e-01 | val graph: 2.340e-01 | test node: 4.113e-01 | test graph: 1.920e-01
[EPOCH 16901] | train acc: 4.421e-01 | val acc: 4.544e-01 | val graph: 2.400e-01 | test node: 4.111e-01 | test graph: 1.930e-01
[EPOCH 17001] | train acc: 4.421e-01 | val acc: 4.555e-01 | val graph: 2.360e-01 | test node: 4.116e-01 | test graph: 1.910e-01
[EPOCH 17101] | train acc: 4.421e-01 | val acc: 4.566e-01 | val graph: 2.380e-01 | test node: 4.116e-01 | test graph: 1.930e-01
[EPOCH 17201] | train acc: 4.421e-01 | val acc: 4.544e-01 | val graph: 2.360e-01 | test node: 4.124e-01 | test graph: 1.940e-01
[EPOCH 17301] | train acc: 4.421e-01 | val acc: 4.544e-01 | val graph: 2.360e-01 | test node: 4.121e-01 | test graph: 1.930e-01
[EPOCH 17401] | train acc: 4.421e-01 | val acc: 4.529e-01 | val graph: 2.360e-01 | test node: 4.111e-01 | test graph: 1.930e-01
[EPOCH 17501] | train acc: 4.360e-01 | val acc: 4.486e-01 | val graph: 2.380e-01 | test node: 4.069e-01 | test graph: 1.900e-01
[EPOCH 17601] | train acc: 4.401e-01 | val acc: 4.269e-01 | val graph: 2.220e-01 | test node: 3.923e-01 | test graph: 1.830e-01
[EPOCH 17701] | train acc: 4.442e-01 | val acc: 4.539e-01 | val graph: 2.340e-01 | test node: 4.098e-01 | test graph: 1.900e-01
[EPOCH 17801] | train acc: 4.421e-01 | val acc: 4.523e-01 | val graph: 2.340e-01 | test node: 4.108e-01 | test graph: 1.930e-01
[EPOCH 17901] | train acc: 4.421e-01 | val acc: 4.544e-01 | val graph: 2.380e-01 | test node: 4.119e-01 | test graph: 1.930e-01
[EPOCH 18001] | train acc: 4.401e-01 | val acc: 4.555e-01 | val graph: 2.380e-01 | test node: 4.108e-01 | test graph: 1.930e-01
[EPOCH 18101] | train acc: 4.339e-01 | val acc: 4.465e-01 | val graph: 2.360e-01 | test node: 4.029e-01 | test graph: 1.860e-01
[EPOCH 18201] | train acc: 4.298e-01 | val acc: 4.094e-01 | val graph: 2.140e-01 | test node: 3.821e-01 | test graph: 1.740e-01
[EPOCH 18301] | train acc: 4.380e-01 | val acc: 4.486e-01 | val graph: 2.380e-01 | test node: 4.071e-01 | test graph: 1.910e-01
[EPOCH 18401] | train acc: 4.421e-01 | val acc: 4.544e-01 | val graph: 2.360e-01 | test node: 4.119e-01 | test graph: 1.930e-01
[EPOCH 18501] | train acc: 4.442e-01 | val acc: 4.513e-01 | val graph: 2.340e-01 | test node: 4.071e-01 | test graph: 1.900e-01
[EPOCH 18601] | train acc: 4.421e-01 | val acc: 4.539e-01 | val graph: 2.360e-01 | test node: 4.124e-01 | test graph: 1.930e-01
[EPOCH 18701] | train acc: 4.421e-01 | val acc: 4.550e-01 | val graph: 2.360e-01 | test node: 4.124e-01 | test graph: 1.930e-01
[EPOCH 18801] | train acc: 4.421e-01 | val acc: 4.560e-01 | val graph: 2.360e-01 | test node: 4.135e-01 | test graph: 1.940e-01
[EPOCH 18901] | train acc: 4.421e-01 | val acc: 4.539e-01 | val graph: 2.360e-01 | test node: 4.121e-01 | test graph: 1.930e-01
[EPOCH 19001] | train acc: 4.421e-01 | val acc: 4.550e-01 | val graph: 2.360e-01 | test node: 4.124e-01 | test graph: 1.930e-01
[EPOCH 19101] | train acc: 4.421e-01 | val acc: 4.560e-01 | val graph: 2.360e-01 | test node: 4.135e-01 | test graph: 1.940e-01
[EPOCH 19201] | train acc: 4.442e-01 | val acc: 4.523e-01 | val graph: 2.340e-01 | test node: 4.077e-01 | test graph: 1.900e-01
[EPOCH 19301] | train acc: 5.579e-01 | val acc: 5.164e-01 | val graph: 2.820e-01 | test node: 4.807e-01 | test graph: 2.480e-01
[EPOCH 19401] | train acc: 4.421e-01 | val acc: 4.550e-01 | val graph: 2.360e-01 | test node: 4.119e-01 | test graph: 1.930e-01
[EPOCH 19501] | train acc: 4.421e-01 | val acc: 4.544e-01 | val graph: 2.360e-01 | test node: 4.111e-01 | test graph: 1.920e-01
[EPOCH 19601] | train acc: 4.421e-01 | val acc: 4.550e-01 | val graph: 2.360e-01 | test node: 4.108e-01 | test graph: 1.920e-01
[EPOCH 19701] | train acc: 4.566e-01 | val acc: 4.592e-01 | val graph: 2.360e-01 | test node: 4.127e-01 | test graph: 1.920e-01
[EPOCH 19801] | train acc: 4.442e-01 | val acc: 4.486e-01 | val graph: 2.320e-01 | test node: 4.053e-01 | test graph: 1.880e-01
[EPOCH 19901] | train acc: 4.421e-01 | val acc: 4.560e-01 | val graph: 2.360e-01 | test node: 4.129e-01 | test graph: 1.930e-01
[EPOCH 20001] | train acc: 4.421e-01 | val acc: 4.544e-01 | val graph: 2.360e-01 | test node: 4.108e-01 | test graph: 1.920e-01
[EPOCH 20101] | train acc: 4.421e-01 | val acc: 4.544e-01 | val graph: 2.360e-01 | test node: 4.106e-01 | test graph: 1.920e-01
[EPOCH 20201] | train acc: 4.421e-01 | val acc: 4.555e-01 | val graph: 2.360e-01 | test node: 4.132e-01 | test graph: 1.940e-01
[EPOCH 20301] | train acc: 4.421e-01 | val acc: 4.555e-01 | val graph: 2.360e-01 | test node: 4.127e-01 | test graph: 1.940e-01
[EPOCH 20401] | train acc: 4.401e-01 | val acc: 4.507e-01 | val graph: 2.380e-01 | test node: 4.106e-01 | test graph: 1.930e-01
[EPOCH 20501] | train acc: 4.483e-01 | val acc: 4.566e-01 | val graph: 2.360e-01 | test node: 4.121e-01 | test graph: 1.920e-01
[EPOCH 20601] | train acc: 4.401e-01 | val acc: 4.311e-01 | val graph: 2.240e-01 | test node: 3.960e-01 | test graph: 1.850e-01
[EPOCH 20701] | train acc: 4.091e-01 | val acc: 3.289e-01 | val graph: 1.640e-01 | test node: 3.092e-01 | test graph: 1.480e-01
[EPOCH 20801] | train acc: 4.442e-01 | val acc: 4.444e-01 | val graph: 2.280e-01 | test node: 4.047e-01 | test graph: 1.860e-01
[EPOCH 20901] | train acc: 4.442e-01 | val acc: 4.560e-01 | val graph: 2.360e-01 | test node: 4.106e-01 | test graph: 1.910e-01
[EPOCH 21001] | train acc: 4.421e-01 | val acc: 4.555e-01 | val graph: 2.360e-01 | test node: 4.113e-01 | test graph: 1.910e-01
[EPOCH 21101] | train acc: 4.442e-01 | val acc: 4.555e-01 | val graph: 2.360e-01 | test node: 4.113e-01 | test graph: 1.920e-01
[EPOCH 21201] | train acc: 4.938e-01 | val acc: 4.640e-01 | val graph: 2.440e-01 | test node: 4.182e-01 | test graph: 2.000e-01
[EPOCH 21301] | train acc: 4.504e-01 | val acc: 4.619e-01 | val graph: 2.400e-01 | test node: 4.140e-01 | test graph: 1.930e-01
[EPOCH 21401] | train acc: 4.421e-01 | val acc: 4.550e-01 | val graph: 2.340e-01 | test node: 4.113e-01 | test graph: 1.920e-01
[EPOCH 21501] | train acc: 4.938e-01 | val acc: 4.582e-01 | val graph: 2.360e-01 | test node: 4.111e-01 | test graph: 1.900e-01
[EPOCH 21601] | train acc: 4.421e-01 | val acc: 4.550e-01 | val graph: 2.340e-01 | test node: 4.116e-01 | test graph: 1.920e-01
[EPOCH 21701] | train acc: 4.401e-01 | val acc: 4.497e-01 | val graph: 2.360e-01 | test node: 4.103e-01 | test graph: 1.920e-01
[EPOCH 21801] | train acc: 4.483e-01 | val acc: 4.550e-01 | val graph: 2.340e-01 | test node: 4.121e-01 | test graph: 1.920e-01
[EPOCH 21901] | train acc: 4.463e-01 | val acc: 4.539e-01 | val graph: 2.380e-01 | test node: 4.111e-01 | test graph: 1.920e-01
[EPOCH 22001] | train acc: 4.979e-01 | val acc: 4.905e-01 | val graph: 2.560e-01 | test node: 4.417e-01 | test graph: 2.040e-01
[EPOCH 22101] | train acc: 4.421e-01 | val acc: 4.550e-01 | val graph: 2.340e-01 | test node: 4.116e-01 | test graph: 1.920e-01
[EPOCH 22201] | train acc: 4.421e-01 | val acc: 4.566e-01 | val graph: 2.360e-01 | test node: 4.119e-01 | test graph: 1.930e-01
[EPOCH 22301] | train acc: 4.793e-01 | val acc: 4.831e-01 | val graph: 3.560e-01 | test node: 4.786e-01 | test graph: 3.420e-01
[EPOCH 22401] | train acc: 3.574e-01 | val acc: 2.982e-01 | val graph: 1.400e-01 | test node: 2.789e-01 | test graph: 1.070e-01
[EPOCH 22501] | train acc: 4.421e-01 | val acc: 4.539e-01 | val graph: 2.360e-01 | test node: 4.113e-01 | test graph: 1.910e-01
[EPOCH 22601] | train acc: 4.421e-01 | val acc: 4.550e-01 | val graph: 2.360e-01 | test node: 4.121e-01 | test graph: 1.920e-01
[EPOCH 22701] | train acc: 4.421e-01 | val acc: 4.550e-01 | val graph: 2.380e-01 | test node: 4.127e-01 | test graph: 1.920e-01
[EPOCH 22801] | train acc: 4.483e-01 | val acc: 4.576e-01 | val graph: 2.340e-01 | test node: 4.132e-01 | test graph: 1.940e-01
[EPOCH 22901] | train acc: 5.579e-01 | val acc: 5.260e-01 | val graph: 2.940e-01 | test node: 4.942e-01 | test graph: 2.590e-01
[EPOCH 23001] | train acc: 4.835e-01 | val acc: 4.640e-01 | val graph: 2.400e-01 | test node: 4.153e-01 | test graph: 1.950e-01
[EPOCH 23101] | train acc: 4.525e-01 | val acc: 4.640e-01 | val graph: 2.400e-01 | test node: 4.150e-01 | test graph: 1.940e-01
[EPOCH 23201] | train acc: 4.421e-01 | val acc: 4.587e-01 | val graph: 2.400e-01 | test node: 4.137e-01 | test graph: 1.940e-01
[EPOCH 23301] | train acc: 4.421e-01 | val acc: 4.587e-01 | val graph: 2.400e-01 | test node: 4.132e-01 | test graph: 1.940e-01
[EPOCH 23401] | train acc: 4.421e-01 | val acc: 4.587e-01 | val graph: 2.400e-01 | test node: 4.140e-01 | test graph: 1.940e-01
[EPOCH 23501] | train acc: 4.421e-01 | val acc: 4.592e-01 | val graph: 2.380e-01 | test node: 4.132e-01 | test graph: 1.920e-01
[EPOCH 23601] | train acc: 4.442e-01 | val acc: 4.544e-01 | val graph: 2.320e-01 | test node: 4.103e-01 | test graph: 1.910e-01
[EPOCH 23701] | train acc: 4.421e-01 | val acc: 4.582e-01 | val graph: 2.400e-01 | test node: 4.135e-01 | test graph: 1.940e-01
[EPOCH 23801] | train acc: 4.773e-01 | val acc: 4.640e-01 | val graph: 2.400e-01 | test node: 4.148e-01 | test graph: 1.960e-01
[EPOCH 23901] | train acc: 5.558e-01 | val acc: 4.290e-01 | val graph: 2.320e-01 | test node: 3.852e-01 | test graph: 1.850e-01
[EPOCH 24001] | train acc: 4.401e-01 | val acc: 4.529e-01 | val graph: 2.360e-01 | test node: 4.095e-01 | test graph: 1.900e-01
[EPOCH 24101] | train acc: 4.773e-01 | val acc: 4.650e-01 | val graph: 2.420e-01 | test node: 4.140e-01 | test graph: 1.940e-01
[EPOCH 24201] | train acc: 4.421e-01 | val acc: 4.544e-01 | val graph: 2.360e-01 | test node: 4.108e-01 | test graph: 1.910e-01
[EPOCH 24301] | train acc: 4.442e-01 | val acc: 4.619e-01 | val graph: 2.420e-01 | test node: 4.132e-01 | test graph: 1.930e-01
[EPOCH 24401] | train acc: 4.690e-01 | val acc: 4.661e-01 | val graph: 2.440e-01 | test node: 4.145e-01 | test graph: 1.950e-01
[EPOCH 24501] | train acc: 4.566e-01 | val acc: 4.635e-01 | val graph: 2.400e-01 | test node: 4.140e-01 | test graph: 1.940e-01
[EPOCH 24601] | train acc: 4.793e-01 | val acc: 4.666e-01 | val graph: 2.460e-01 | test node: 4.148e-01 | test graph: 1.950e-01
[EPOCH 24701] | train acc: 4.607e-01 | val acc: 4.640e-01 | val graph: 2.400e-01 | test node: 4.135e-01 | test graph: 1.930e-01
[EPOCH 24801] | train acc: 4.876e-01 | val acc: 4.661e-01 | val graph: 2.440e-01 | test node: 4.161e-01 | test graph: 1.950e-01
[EPOCH 24901] | train acc: 4.421e-01 | val acc: 4.582e-01 | val graph: 2.400e-01 | test node: 4.137e-01 | test graph: 1.940e-01
[EPOCH 25001] | train acc: 4.938e-01 | val acc: 4.688e-01 | val graph: 2.460e-01 | test node: 4.203e-01 | test graph: 2.000e-01
[EPOCH 25101] | train acc: 5.227e-01 | val acc: 4.640e-01 | val graph: 2.420e-01 | test node: 4.214e-01 | test graph: 2.010e-01
[EPOCH 25201] | train acc: 5.537e-01 | val acc: 4.915e-01 | val graph: 2.540e-01 | test node: 4.517e-01 | test graph: 2.200e-01
[EPOCH 25301] | train acc: 4.628e-01 | val acc: 4.571e-01 | val graph: 2.380e-01 | test node: 4.153e-01 | test graph: 1.950e-01
[EPOCH 25401] | train acc: 5.186e-01 | val acc: 4.688e-01 | val graph: 2.460e-01 | test node: 4.282e-01 | test graph: 2.080e-01
[EPOCH 25501] | train acc: 4.752e-01 | val acc: 4.624e-01 | val graph: 2.380e-01 | test node: 4.113e-01 | test graph: 1.900e-01
[EPOCH 25601] | train acc: 4.256e-01 | val acc: 3.835e-01 | val graph: 2.040e-01 | test node: 3.565e-01 | test graph: 1.670e-01
[EPOCH 25701] | train acc: 5.599e-01 | val acc: 5.085e-01 | val graph: 2.620e-01 | test node: 4.652e-01 | test graph: 2.310e-01
[EPOCH 25801] | train acc: 5.517e-01 | val acc: 4.979e-01 | val graph: 2.620e-01 | test node: 4.580e-01 | test graph: 2.240e-01
[EPOCH 25901] | train acc: 5.537e-01 | val acc: 5.000e-01 | val graph: 2.640e-01 | test node: 4.565e-01 | test graph: 2.230e-01
[EPOCH 26001] | train acc: 5.372e-01 | val acc: 4.725e-01 | val graph: 2.480e-01 | test node: 4.309e-01 | test graph: 2.060e-01
[EPOCH 26101] | train acc: 5.599e-01 | val acc: 5.005e-01 | val graph: 2.640e-01 | test node: 4.546e-01 | test graph: 2.230e-01
[EPOCH 26201] | train acc: 5.723e-01 | val acc: 5.228e-01 | val graph: 2.820e-01 | test node: 4.842e-01 | test graph: 2.510e-01
[EPOCH 26301] | train acc: 5.661e-01 | val acc: 4.963e-01 | val graph: 2.600e-01 | test node: 4.596e-01 | test graph: 2.270e-01
[EPOCH 26401] | train acc: 5.826e-01 | val acc: 5.260e-01 | val graph: 2.840e-01 | test node: 4.997e-01 | test graph: 2.550e-01
[EPOCH 26501] | train acc: 2.583e-01 | val acc: 1.499e-01 | val graph: 4.600e-02 | test node: 1.625e-01 | test graph: 5.800e-02
[EPOCH 26601] | train acc: 2.355e-01 | val acc: 1.780e-01 | val graph: 1.140e-01 | test node: 2.092e-01 | test graph: 1.300e-01
[EPOCH 26701] | train acc: 5.041e-01 | val acc: 4.582e-01 | val graph: 2.720e-01 | test node: 4.443e-01 | test graph: 2.500e-01
[EPOCH 26801] | train acc: 5.888e-01 | val acc: 5.064e-01 | val graph: 2.840e-01 | test node: 4.810e-01 | test graph: 2.420e-01
[EPOCH 26901] | train acc: 5.331e-01 | val acc: 4.762e-01 | val graph: 2.540e-01 | test node: 4.340e-01 | test graph: 2.050e-01
[EPOCH 27001] | train acc: 5.393e-01 | val acc: 4.793e-01 | val graph: 2.520e-01 | test node: 4.417e-01 | test graph: 2.120e-01
[EPOCH 27101] | train acc: 5.475e-01 | val acc: 4.958e-01 | val graph: 2.600e-01 | test node: 4.588e-01 | test graph: 2.270e-01
[EPOCH 27201] | train acc: 5.537e-01 | val acc: 5.058e-01 | val graph: 2.620e-01 | test node: 4.625e-01 | test graph: 2.310e-01
[EPOCH 27301] | train acc: 5.537e-01 | val acc: 5.058e-01 | val graph: 2.660e-01 | test node: 4.641e-01 | test graph: 2.340e-01
[EPOCH 27401] | train acc: 5.475e-01 | val acc: 5.032e-01 | val graph: 2.640e-01 | test node: 4.617e-01 | test graph: 2.290e-01
[EPOCH 27501] | train acc: 5.517e-01 | val acc: 5.042e-01 | val graph: 2.660e-01 | test node: 4.652e-01 | test graph: 2.320e-01
[EPOCH 27601] | train acc: 5.599e-01 | val acc: 5.042e-01 | val graph: 2.620e-01 | test node: 4.678e-01 | test graph: 2.340e-01
[EPOCH 27701] | train acc: 5.599e-01 | val acc: 5.032e-01 | val graph: 2.620e-01 | test node: 4.657e-01 | test graph: 2.330e-01
[EPOCH 27801] | train acc: 5.599e-01 | val acc: 5.064e-01 | val graph: 2.640e-01 | test node: 4.702e-01 | test graph: 2.360e-01
[EPOCH 27901] | train acc: 5.599e-01 | val acc: 5.048e-01 | val graph: 2.620e-01 | test node: 4.652e-01 | test graph: 2.340e-01
[EPOCH 28001] | train acc: 5.599e-01 | val acc: 5.042e-01 | val graph: 2.620e-01 | test node: 4.633e-01 | test graph: 2.320e-01
[EPOCH 28101] | train acc: 5.599e-01 | val acc: 5.079e-01 | val graph: 2.640e-01 | test node: 4.678e-01 | test graph: 2.340e-01
[EPOCH 28201] | train acc: 5.620e-01 | val acc: 5.085e-01 | val graph: 2.660e-01 | test node: 4.689e-01 | test graph: 2.370e-01
[EPOCH 28301] | train acc: 5.599e-01 | val acc: 5.000e-01 | val graph: 2.600e-01 | test node: 4.586e-01 | test graph: 2.280e-01
[EPOCH 28401] | train acc: 5.620e-01 | val acc: 5.101e-01 | val graph: 2.680e-01 | test node: 4.723e-01 | test graph: 2.390e-01
[EPOCH 28501] | train acc: 5.599e-01 | val acc: 5.074e-01 | val graph: 2.640e-01 | test node: 4.702e-01 | test graph: 2.350e-01
[EPOCH 28601] | train acc: 5.682e-01 | val acc: 5.180e-01 | val graph: 2.760e-01 | test node: 4.807e-01 | test graph: 2.480e-01
[EPOCH 28701] | train acc: 5.682e-01 | val acc: 5.101e-01 | val graph: 2.720e-01 | test node: 4.802e-01 | test graph: 2.460e-01
[EPOCH 28801] | train acc: 5.661e-01 | val acc: 5.122e-01 | val graph: 2.700e-01 | test node: 4.765e-01 | test graph: 2.440e-01
[EPOCH 28901] | train acc: 5.682e-01 | val acc: 5.148e-01 | val graph: 2.740e-01 | test node: 4.786e-01 | test graph: 2.450e-01
[EPOCH 29001] | train acc: 5.620e-01 | val acc: 5.122e-01 | val graph: 2.700e-01 | test node: 4.752e-01 | test graph: 2.400e-01
[EPOCH 29101] | train acc: 5.661e-01 | val acc: 5.085e-01 | val graph: 2.680e-01 | test node: 4.670e-01 | test graph: 2.330e-01
[EPOCH 29201] | train acc: 5.661e-01 | val acc: 5.127e-01 | val graph: 2.700e-01 | test node: 4.741e-01 | test graph: 2.410e-01
[EPOCH 29301] | train acc: 5.661e-01 | val acc: 5.138e-01 | val graph: 2.700e-01 | test node: 4.760e-01 | test graph: 2.420e-01
[EPOCH 29401] | train acc: 5.682e-01 | val acc: 5.154e-01 | val graph: 2.720e-01 | test node: 4.818e-01 | test graph: 2.490e-01
[EPOCH 29501] | train acc: 5.723e-01 | val acc: 5.191e-01 | val graph: 2.760e-01 | test node: 4.852e-01 | test graph: 2.520e-01
[EPOCH 29601] | train acc: 5.682e-01 | val acc: 5.143e-01 | val graph: 2.720e-01 | test node: 4.844e-01 | test graph: 2.510e-01
[EPOCH 29701] | train acc: 5.661e-01 | val acc: 5.127e-01 | val graph: 2.700e-01 | test node: 4.741e-01 | test graph: 2.400e-01
[EPOCH 29801] | train acc: 5.723e-01 | val acc: 5.217e-01 | val graph: 2.800e-01 | test node: 4.850e-01 | test graph: 2.540e-01
[EPOCH 29901] | train acc: 5.723e-01 | val acc: 5.196e-01 | val graph: 2.760e-01 | test node: 4.847e-01 | test graph: 2.520e-01
[EPOCH 30001] | train acc: 5.723e-01 | val acc: 5.244e-01 | val graph: 2.820e-01 | test node: 4.887e-01 | test graph: 2.530e-01
[EPOCH 30101] | train acc: 5.723e-01 | val acc: 5.244e-01 | val graph: 2.840e-01 | test node: 4.889e-01 | test graph: 2.550e-01
[EPOCH 30201] | train acc: 5.248e-01 | val acc: 4.719e-01 | val graph: 2.560e-01 | test node: 4.430e-01 | test graph: 2.210e-01
[EPOCH 30301] | train acc: 5.744e-01 | val acc: 5.217e-01 | val graph: 2.820e-01 | test node: 4.923e-01 | test graph: 2.560e-01
[EPOCH 30401] | train acc: 5.682e-01 | val acc: 5.238e-01 | val graph: 2.840e-01 | test node: 4.871e-01 | test graph: 2.550e-01
[EPOCH 30501] | train acc: 5.785e-01 | val acc: 5.249e-01 | val graph: 2.820e-01 | test node: 4.887e-01 | test graph: 2.560e-01
[EPOCH 30601] | train acc: 5.702e-01 | val acc: 5.222e-01 | val graph: 2.840e-01 | test node: 4.897e-01 | test graph: 2.570e-01
[EPOCH 30701] | train acc: 5.806e-01 | val acc: 5.392e-01 | val graph: 2.960e-01 | test node: 5.034e-01 | test graph: 2.720e-01
[EPOCH 30801] | train acc: 5.785e-01 | val acc: 5.244e-01 | val graph: 2.860e-01 | test node: 4.910e-01 | test graph: 2.570e-01
[EPOCH 30901] | train acc: 5.806e-01 | val acc: 5.222e-01 | val graph: 2.780e-01 | test node: 4.881e-01 | test graph: 2.560e-01
[EPOCH 31001] | train acc: 5.723e-01 | val acc: 5.228e-01 | val graph: 2.780e-01 | test node: 4.871e-01 | test graph: 2.540e-01
[EPOCH 31101] | train acc: 5.826e-01 | val acc: 5.275e-01 | val graph: 2.860e-01 | test node: 4.916e-01 | test graph: 2.560e-01
[EPOCH 31201] | train acc: 5.826e-01 | val acc: 5.339e-01 | val graph: 2.980e-01 | test node: 4.966e-01 | test graph: 2.600e-01
[EPOCH 31301] | train acc: 5.868e-01 | val acc: 5.270e-01 | val graph: 2.920e-01 | test node: 4.942e-01 | test graph: 2.570e-01
[EPOCH 31401] | train acc: 5.517e-01 | val acc: 3.787e-01 | val graph: 2.080e-01 | test node: 3.607e-01 | test graph: 1.830e-01
[EPOCH 31501] | train acc: 5.744e-01 | val acc: 5.175e-01 | val graph: 2.760e-01 | test node: 4.770e-01 | test graph: 2.410e-01
[EPOCH 31601] | train acc: 5.785e-01 | val acc: 5.212e-01 | val graph: 2.820e-01 | test node: 4.813e-01 | test graph: 2.470e-01
[EPOCH 31701] | train acc: 5.806e-01 | val acc: 5.318e-01 | val graph: 2.900e-01 | test node: 4.916e-01 | test graph: 2.550e-01
[EPOCH 31801] | train acc: 5.806e-01 | val acc: 5.212e-01 | val graph: 2.820e-01 | test node: 4.871e-01 | test graph: 2.500e-01
[EPOCH 31901] | train acc: 5.826e-01 | val acc: 5.365e-01 | val graph: 2.960e-01 | test node: 4.947e-01 | test graph: 2.620e-01
[EPOCH 32001] | train acc: 5.847e-01 | val acc: 5.318e-01 | val graph: 2.980e-01 | test node: 4.987e-01 | test graph: 2.610e-01
[EPOCH 32101] | train acc: 5.868e-01 | val acc: 5.503e-01 | val graph: 3.220e-01 | test node: 5.156e-01 | test graph: 2.810e-01
[EPOCH 32201] | train acc: 5.806e-01 | val acc: 5.196e-01 | val graph: 2.800e-01 | test node: 4.797e-01 | test graph: 2.430e-01
[EPOCH 32301] | train acc: 5.806e-01 | val acc: 5.376e-01 | val graph: 3.060e-01 | test node: 4.995e-01 | test graph: 2.660e-01
[EPOCH 32401] | train acc: 5.826e-01 | val acc: 5.376e-01 | val graph: 3.060e-01 | test node: 4.982e-01 | test graph: 2.640e-01
[EPOCH 32501] | train acc: 6.240e-01 | val acc: 4.989e-01 | val graph: 2.640e-01 | test node: 4.652e-01 | test graph: 2.310e-01
[EPOCH 32601] | train acc: 6.343e-01 | val acc: 5.456e-01 | val graph: 3.160e-01 | test node: 5.013e-01 | test graph: 2.710e-01
[EPOCH 32701] | train acc: 5.826e-01 | val acc: 5.450e-01 | val graph: 3.120e-01 | test node: 5.034e-01 | test graph: 2.680e-01
[EPOCH 32801] | train acc: 5.847e-01 | val acc: 5.424e-01 | val graph: 3.100e-01 | test node: 5.018e-01 | test graph: 2.640e-01
[EPOCH 32901] | train acc: 6.054e-01 | val acc: 5.424e-01 | val graph: 3.080e-01 | test node: 5.021e-01 | test graph: 2.650e-01
[EPOCH 33001] | train acc: 5.992e-01 | val acc: 5.440e-01 | val graph: 3.120e-01 | test node: 5.029e-01 | test graph: 2.670e-01
[EPOCH 33101] | train acc: 6.136e-01 | val acc: 5.477e-01 | val graph: 3.180e-01 | test node: 5.092e-01 | test graph: 2.760e-01
[EPOCH 33201] | train acc: 6.240e-01 | val acc: 5.461e-01 | val graph: 3.140e-01 | test node: 5.047e-01 | test graph: 2.720e-01
[EPOCH 33301] | train acc: 7.025e-01 | val acc: 5.932e-01 | val graph: 3.740e-01 | test node: 5.765e-01 | test graph: 3.430e-01
[EPOCH 33401] | train acc: 6.033e-01 | val acc: 5.392e-01 | val graph: 3.080e-01 | test node: 5.024e-01 | test graph: 2.710e-01
[EPOCH 33501] | train acc: 6.054e-01 | val acc: 5.508e-01 | val graph: 3.160e-01 | test node: 5.087e-01 | test graph: 2.750e-01
[EPOCH 33601] | train acc: 6.343e-01 | val acc: 5.339e-01 | val graph: 2.980e-01 | test node: 4.984e-01 | test graph: 2.640e-01
[EPOCH 33701] | train acc: 6.632e-01 | val acc: 5.577e-01 | val graph: 3.240e-01 | test node: 5.193e-01 | test graph: 2.780e-01
[EPOCH 33801] | train acc: 6.302e-01 | val acc: 5.434e-01 | val graph: 3.100e-01 | test node: 5.032e-01 | test graph: 2.690e-01
[EPOCH 33901] | train acc: 6.364e-01 | val acc: 5.450e-01 | val graph: 3.100e-01 | test node: 5.029e-01 | test graph: 2.670e-01
[EPOCH 34001] | train acc: 6.591e-01 | val acc: 5.196e-01 | val graph: 2.940e-01 | test node: 4.842e-01 | test graph: 2.500e-01
[EPOCH 34101] | train acc: 6.364e-01 | val acc: 5.498e-01 | val graph: 3.160e-01 | test node: 5.069e-01 | test graph: 2.740e-01
[EPOCH 34201] | train acc: 6.529e-01 | val acc: 5.482e-01 | val graph: 3.160e-01 | test node: 5.055e-01 | test graph: 2.710e-01
[EPOCH 34301] | train acc: 6.260e-01 | val acc: 4.793e-01 | val graph: 2.860e-01 | test node: 4.609e-01 | test graph: 2.600e-01
[EPOCH 34401] | train acc: 6.612e-01 | val acc: 5.508e-01 | val graph: 3.180e-01 | test node: 5.100e-01 | test graph: 2.750e-01
[EPOCH 34501] | train acc: 7.004e-01 | val acc: 5.577e-01 | val graph: 3.280e-01 | test node: 5.216e-01 | test graph: 2.880e-01
[EPOCH 34601] | train acc: 7.252e-01 | val acc: 5.651e-01 | val graph: 3.360e-01 | test node: 5.340e-01 | test graph: 2.890e-01
[EPOCH 34701] | train acc: 7.397e-01 | val acc: 5.683e-01 | val graph: 3.380e-01 | test node: 5.404e-01 | test graph: 2.980e-01
[EPOCH 34801] | train acc: 7.252e-01 | val acc: 6.165e-01 | val graph: 3.860e-01 | test node: 5.974e-01 | test graph: 3.580e-01
[EPOCH 34901] | train acc: 7.397e-01 | val acc: 5.816e-01 | val graph: 3.520e-01 | test node: 5.699e-01 | test graph: 3.140e-01
[EPOCH 35001] | train acc: 7.500e-01 | val acc: 5.768e-01 | val graph: 3.420e-01 | test node: 5.586e-01 | test graph: 3.090e-01
[EPOCH 35101] | train acc: 7.500e-01 | val acc: 5.863e-01 | val graph: 3.480e-01 | test node: 5.689e-01 | test graph: 3.170e-01
[EPOCH 35201] | train acc: 7.479e-01 | val acc: 6.075e-01 | val graph: 3.700e-01 | test node: 5.852e-01 | test graph: 3.270e-01
[EPOCH 35301] | train acc: 7.562e-01 | val acc: 6.224e-01 | val graph: 3.840e-01 | test node: 5.995e-01 | test graph: 3.390e-01
[EPOCH 35401] | train acc: 7.583e-01 | val acc: 6.626e-01 | val graph: 4.280e-01 | test node: 6.533e-01 | test graph: 4.020e-01
[EPOCH 35501] | train acc: 7.521e-01 | val acc: 6.065e-01 | val graph: 3.720e-01 | test node: 5.916e-01 | test graph: 3.310e-01
[EPOCH 35601] | train acc: 7.603e-01 | val acc: 6.531e-01 | val graph: 4.160e-01 | test node: 6.240e-01 | test graph: 3.680e-01
[EPOCH 35701] | train acc: 7.500e-01 | val acc: 5.678e-01 | val graph: 3.400e-01 | test node: 5.472e-01 | test graph: 3.010e-01
[EPOCH 35801] | train acc: 7.645e-01 | val acc: 6.769e-01 | val graph: 4.440e-01 | test node: 6.525e-01 | test graph: 4.060e-01
[EPOCH 35901] | train acc: 7.583e-01 | val acc: 6.594e-01 | val graph: 4.300e-01 | test node: 6.319e-01 | test graph: 3.800e-01
[EPOCH 36001] | train acc: 7.645e-01 | val acc: 6.658e-01 | val graph: 4.340e-01 | test node: 6.417e-01 | test graph: 3.890e-01
[EPOCH 36101] | train acc: 7.583e-01 | val acc: 6.001e-01 | val graph: 3.720e-01 | test node: 6.077e-01 | test graph: 3.530e-01
[EPOCH 36201] | train acc: 7.624e-01 | val acc: 6.340e-01 | val graph: 3.980e-01 | test node: 6.177e-01 | test graph: 3.620e-01
[EPOCH 36301] | train acc: 7.583e-01 | val acc: 6.700e-01 | val graph: 4.380e-01 | test node: 6.433e-01 | test graph: 3.920e-01
[EPOCH 36401] | train acc: 7.748e-01 | val acc: 7.193e-01 | val graph: 4.880e-01 | test node: 7.018e-01 | test graph: 4.580e-01
[EPOCH 36501] | train acc: 7.789e-01 | val acc: 7.341e-01 | val graph: 5.140e-01 | test node: 7.393e-01 | test graph: 4.980e-01
[EPOCH 36601] | train acc: 7.541e-01 | val acc: 6.070e-01 | val graph: 3.820e-01 | test node: 5.863e-01 | test graph: 3.420e-01
[EPOCH 36701] | train acc: 7.583e-01 | val acc: 6.499e-01 | val graph: 4.200e-01 | test node: 6.219e-01 | test graph: 3.640e-01
[EPOCH 36801] | train acc: 7.624e-01 | val acc: 6.849e-01 | val graph: 4.500e-01 | test node: 6.573e-01 | test graph: 4.100e-01
[EPOCH 36901] | train acc: 7.707e-01 | val acc: 7.050e-01 | val graph: 4.720e-01 | test node: 6.755e-01 | test graph: 4.300e-01
[EPOCH 37001] | train acc: 7.707e-01 | val acc: 6.891e-01 | val graph: 4.560e-01 | test node: 6.652e-01 | test graph: 4.160e-01
[EPOCH 37101] | train acc: 7.831e-01 | val acc: 7.156e-01 | val graph: 4.900e-01 | test node: 6.868e-01 | test graph: 4.390e-01
[EPOCH 37201] | train acc: 7.810e-01 | val acc: 7.325e-01 | val graph: 5.040e-01 | test node: 7.227e-01 | test graph: 4.760e-01
[EPOCH 37301] | train acc: 7.128e-01 | val acc: 6.250e-01 | val graph: 3.900e-01 | test node: 5.871e-01 | test graph: 3.490e-01
[EPOCH 37401] | train acc: 7.645e-01 | val acc: 6.711e-01 | val graph: 4.400e-01 | test node: 6.538e-01 | test graph: 4.070e-01
[EPOCH 37501] | train acc: 7.769e-01 | val acc: 6.811e-01 | val graph: 4.360e-01 | test node: 6.528e-01 | test graph: 4.030e-01
[EPOCH 37601] | train acc: 7.789e-01 | val acc: 6.954e-01 | val graph: 4.540e-01 | test node: 6.662e-01 | test graph: 4.170e-01
[EPOCH 37701] | train acc: 7.810e-01 | val acc: 7.060e-01 | val graph: 4.680e-01 | test node: 6.715e-01 | test graph: 4.260e-01
[EPOCH 37801] | train acc: 7.810e-01 | val acc: 7.034e-01 | val graph: 4.680e-01 | test node: 6.765e-01 | test graph: 4.270e-01
[EPOCH 37901] | train acc: 7.810e-01 | val acc: 7.082e-01 | val graph: 4.760e-01 | test node: 6.741e-01 | test graph: 4.280e-01
[EPOCH 38001] | train acc: 7.810e-01 | val acc: 7.150e-01 | val graph: 4.840e-01 | test node: 6.889e-01 | test graph: 4.460e-01
[EPOCH 38101] | train acc: 7.789e-01 | val acc: 7.172e-01 | val graph: 4.820e-01 | test node: 6.865e-01 | test graph: 4.420e-01
[EPOCH 38201] | train acc: 7.789e-01 | val acc: 7.230e-01 | val graph: 4.920e-01 | test node: 7.172e-01 | test graph: 4.760e-01
[EPOCH 38301] | train acc: 7.769e-01 | val acc: 6.584e-01 | val graph: 4.140e-01 | test node: 6.361e-01 | test graph: 3.820e-01
[EPOCH 38401] | train acc: 7.769e-01 | val acc: 7.172e-01 | val graph: 4.860e-01 | test node: 6.934e-01 | test graph: 4.480e-01
[EPOCH 38501] | train acc: 7.789e-01 | val acc: 7.166e-01 | val graph: 4.840e-01 | test node: 6.931e-01 | test graph: 4.480e-01
[EPOCH 38601] | train acc: 7.789e-01 | val acc: 7.172e-01 | val graph: 4.880e-01 | test node: 6.963e-01 | test graph: 4.520e-01
[EPOCH 38701] | train acc: 7.810e-01 | val acc: 7.225e-01 | val graph: 4.940e-01 | test node: 7.124e-01 | test graph: 4.690e-01
[EPOCH 38801] | train acc: 7.417e-01 | val acc: 5.456e-01 | val graph: 3.140e-01 | test node: 5.222e-01 | test graph: 2.850e-01
[EPOCH 38901] | train acc: 7.810e-01 | val acc: 7.251e-01 | val graph: 4.920e-01 | test node: 6.958e-01 | test graph: 4.510e-01
[EPOCH 39001] | train acc: 7.831e-01 | val acc: 7.230e-01 | val graph: 4.960e-01 | test node: 7.161e-01 | test graph: 4.720e-01
[EPOCH 39101] | train acc: 7.872e-01 | val acc: 7.304e-01 | val graph: 4.980e-01 | test node: 7.150e-01 | test graph: 4.690e-01
[EPOCH 39201] | train acc: 7.851e-01 | val acc: 7.256e-01 | val graph: 4.940e-01 | test node: 7.156e-01 | test graph: 4.700e-01
[EPOCH 39301] | train acc: 7.872e-01 | val acc: 7.113e-01 | val graph: 4.700e-01 | test node: 6.797e-01 | test graph: 4.340e-01
[EPOCH 39401] | train acc: 7.996e-01 | val acc: 6.933e-01 | val graph: 4.480e-01 | test node: 6.617e-01 | test graph: 4.130e-01
[EPOCH 39501] | train acc: 7.851e-01 | val acc: 7.240e-01 | val graph: 4.940e-01 | test node: 7.077e-01 | test graph: 4.610e-01
[EPOCH 39601] | train acc: 7.851e-01 | val acc: 7.288e-01 | val graph: 5.020e-01 | test node: 7.237e-01 | test graph: 4.800e-01
[EPOCH 39701] | train acc: 7.851e-01 | val acc: 7.315e-01 | val graph: 5.040e-01 | test node: 7.256e-01 | test graph: 4.810e-01
[EPOCH 39801] | train acc: 7.893e-01 | val acc: 7.346e-01 | val graph: 5.100e-01 | test node: 7.282e-01 | test graph: 4.870e-01
[EPOCH 39901] | train acc: 7.872e-01 | val acc: 7.320e-01 | val graph: 5.000e-01 | test node: 7.369e-01 | test graph: 4.910e-01
[EPOCH 40001] | train acc: 7.686e-01 | val acc: 5.064e-01 | val graph: 3.260e-01 | test node: 5.164e-01 | test graph: 3.070e-01
[EPOCH 40101] | train acc: 7.893e-01 | val acc: 7.262e-01 | val graph: 4.980e-01 | test node: 7.090e-01 | test graph: 4.650e-01
[EPOCH 40201] | train acc: 7.893e-01 | val acc: 7.203e-01 | val graph: 4.900e-01 | test node: 6.976e-01 | test graph: 4.520e-01
[EPOCH 40301] | train acc: 7.913e-01 | val acc: 7.272e-01 | val graph: 4.960e-01 | test node: 7.066e-01 | test graph: 4.610e-01
[EPOCH 40401] | train acc: 7.934e-01 | val acc: 7.320e-01 | val graph: 5.020e-01 | test node: 7.277e-01 | test graph: 4.820e-01
[EPOCH 40501] | train acc: 7.934e-01 | val acc: 7.331e-01 | val graph: 5.060e-01 | test node: 7.303e-01 | test graph: 4.850e-01
[EPOCH 40601] | train acc: 7.934e-01 | val acc: 7.346e-01 | val graph: 5.060e-01 | test node: 7.340e-01 | test graph: 4.890e-01
[EPOCH 40701] | train acc: 7.955e-01 | val acc: 7.235e-01 | val graph: 5.040e-01 | test node: 7.237e-01 | test graph: 4.800e-01
[EPOCH 40801] | train acc: 7.913e-01 | val acc: 7.315e-01 | val graph: 5.040e-01 | test node: 7.245e-01 | test graph: 4.800e-01
[EPOCH 40901] | train acc: 7.975e-01 | val acc: 7.452e-01 | val graph: 5.180e-01 | test node: 7.475e-01 | test graph: 5.030e-01
[EPOCH 41001] | train acc: 7.872e-01 | val acc: 6.917e-01 | val graph: 4.400e-01 | test node: 6.554e-01 | test graph: 4.080e-01
[EPOCH 41101] | train acc: 7.913e-01 | val acc: 7.002e-01 | val graph: 4.800e-01 | test node: 7.145e-01 | test graph: 4.770e-01
[EPOCH 41201] | train acc: 7.893e-01 | val acc: 7.108e-01 | val graph: 4.760e-01 | test node: 6.847e-01 | test graph: 4.370e-01
[EPOCH 41301] | train acc: 7.913e-01 | val acc: 7.325e-01 | val graph: 5.040e-01 | test node: 7.169e-01 | test graph: 4.730e-01
[EPOCH 41401] | train acc: 7.975e-01 | val acc: 7.431e-01 | val graph: 5.160e-01 | test node: 7.467e-01 | test graph: 5.020e-01
[EPOCH 41501] | train acc: 7.913e-01 | val acc: 7.193e-01 | val graph: 4.900e-01 | test node: 7.008e-01 | test graph: 4.540e-01
[EPOCH 41601] | train acc: 7.955e-01 | val acc: 7.368e-01 | val graph: 5.080e-01 | test node: 7.348e-01 | test graph: 4.900e-01
[EPOCH 41701] | train acc: 7.975e-01 | val acc: 7.373e-01 | val graph: 5.080e-01 | test node: 7.356e-01 | test graph: 4.900e-01
[EPOCH 41801] | train acc: 7.851e-01 | val acc: 7.272e-01 | val graph: 4.960e-01 | test node: 7.113e-01 | test graph: 4.650e-01
[EPOCH 41901] | train acc: 7.810e-01 | val acc: 7.336e-01 | val graph: 5.080e-01 | test node: 7.185e-01 | test graph: 4.750e-01
[EPOCH 42001] | train acc: 7.624e-01 | val acc: 6.536e-01 | val graph: 4.240e-01 | test node: 6.488e-01 | test graph: 4.030e-01
[EPOCH 42101] | train acc: 7.913e-01 | val acc: 7.346e-01 | val graph: 5.060e-01 | test node: 7.274e-01 | test graph: 4.840e-01
[EPOCH 42201] | train acc: 7.934e-01 | val acc: 7.394e-01 | val graph: 5.100e-01 | test node: 7.338e-01 | test graph: 4.880e-01
[EPOCH 42301] | train acc: 7.975e-01 | val acc: 7.415e-01 | val graph: 5.080e-01 | test node: 7.409e-01 | test graph: 4.930e-01
[EPOCH 42401] | train acc: 7.934e-01 | val acc: 7.373e-01 | val graph: 5.060e-01 | test node: 7.317e-01 | test graph: 4.870e-01
[EPOCH 42501] | train acc: 7.831e-01 | val acc: 6.870e-01 | val graph: 4.480e-01 | test node: 6.528e-01 | test graph: 4.060e-01
[EPOCH 42601] | train acc: 8.037e-01 | val acc: 7.500e-01 | val graph: 5.280e-01 | test node: 7.533e-01 | test graph: 5.130e-01
[EPOCH 42701] | train acc: 8.017e-01 | val acc: 7.489e-01 | val graph: 5.200e-01 | test node: 7.462e-01 | test graph: 5.040e-01
[EPOCH 42801] | train acc: 7.996e-01 | val acc: 7.474e-01 | val graph: 5.200e-01 | test node: 7.462e-01 | test graph: 5.050e-01
[EPOCH 42901] | train acc: 8.017e-01 | val acc: 7.495e-01 | val graph: 5.260e-01 | test node: 7.520e-01 | test graph: 5.110e-01
[EPOCH 43001] | train acc: 8.037e-01 | val acc: 7.474e-01 | val graph: 5.220e-01 | test node: 7.464e-01 | test graph: 5.020e-01
[EPOCH 43101] | train acc: 7.955e-01 | val acc: 6.886e-01 | val graph: 4.720e-01 | test node: 6.960e-01 | test graph: 4.480e-01
[EPOCH 43201] | train acc: 7.955e-01 | val acc: 7.230e-01 | val graph: 4.820e-01 | test node: 7.113e-01 | test graph: 4.660e-01
[EPOCH 43301] | train acc: 7.975e-01 | val acc: 7.426e-01 | val graph: 5.140e-01 | test node: 7.327e-01 | test graph: 4.880e-01
[EPOCH 43401] | train acc: 7.975e-01 | val acc: 7.050e-01 | val graph: 4.820e-01 | test node: 7.111e-01 | test graph: 4.640e-01
[EPOCH 43501] | train acc: 8.017e-01 | val acc: 7.521e-01 | val graph: 5.300e-01 | test node: 7.412e-01 | test graph: 4.960e-01
[EPOCH 43601] | train acc: 8.037e-01 | val acc: 7.516e-01 | val graph: 5.260e-01 | test node: 7.480e-01 | test graph: 5.060e-01
[EPOCH 43701] | train acc: 8.079e-01 | val acc: 7.511e-01 | val graph: 5.280e-01 | test node: 7.509e-01 | test graph: 5.100e-01
[EPOCH 43801] | train acc: 8.017e-01 | val acc: 7.272e-01 | val graph: 4.960e-01 | test node: 7.356e-01 | test graph: 4.930e-01
[EPOCH 43901] | train acc: 5.475e-01 | val acc: 4.571e-01 | val graph: 2.820e-01 | test node: 4.731e-01 | test graph: 2.900e-01
[EPOCH 44001] | train acc: 7.975e-01 | val acc: 6.896e-01 | val graph: 4.600e-01 | test node: 6.689e-01 | test graph: 4.220e-01
[EPOCH 44101] | train acc: 7.996e-01 | val acc: 7.251e-01 | val graph: 4.960e-01 | test node: 7.145e-01 | test graph: 4.660e-01
[EPOCH 44201] | train acc: 8.017e-01 | val acc: 7.336e-01 | val graph: 5.060e-01 | test node: 7.251e-01 | test graph: 4.790e-01
[EPOCH 44301] | train acc: 7.996e-01 | val acc: 7.368e-01 | val graph: 5.100e-01 | test node: 7.277e-01 | test graph: 4.790e-01
[EPOCH 44401] | train acc: 7.996e-01 | val acc: 7.415e-01 | val graph: 5.100e-01 | test node: 7.319e-01 | test graph: 4.850e-01
[EPOCH 44501] | train acc: 8.037e-01 | val acc: 7.415e-01 | val graph: 5.100e-01 | test node: 7.380e-01 | test graph: 4.940e-01
[EPOCH 44601] | train acc: 7.996e-01 | val acc: 7.410e-01 | val graph: 5.100e-01 | test node: 7.372e-01 | test graph: 4.920e-01
[EPOCH 44701] | train acc: 8.037e-01 | val acc: 7.442e-01 | val graph: 5.120e-01 | test node: 7.372e-01 | test graph: 4.910e-01
[EPOCH 44801] | train acc: 8.017e-01 | val acc: 7.436e-01 | val graph: 5.100e-01 | test node: 7.375e-01 | test graph: 4.920e-01
[EPOCH 44901] | train acc: 8.058e-01 | val acc: 7.452e-01 | val graph: 5.160e-01 | test node: 7.438e-01 | test graph: 5.000e-01
[EPOCH 45001] | train acc: 8.037e-01 | val acc: 7.442e-01 | val graph: 5.140e-01 | test node: 7.488e-01 | test graph: 5.060e-01
[EPOCH 45101] | train acc: 8.058e-01 | val acc: 7.436e-01 | val graph: 5.140e-01 | test node: 7.504e-01 | test graph: 5.090e-01
[EPOCH 45201] | train acc: 7.996e-01 | val acc: 7.394e-01 | val graph: 5.140e-01 | test node: 7.404e-01 | test graph: 4.950e-01
[EPOCH 45301] | train acc: 8.079e-01 | val acc: 7.468e-01 | val graph: 5.220e-01 | test node: 7.496e-01 | test graph: 5.070e-01
[EPOCH 45401] | train acc: 8.037e-01 | val acc: 7.452e-01 | val graph: 5.160e-01 | test node: 7.464e-01 | test graph: 5.030e-01
[EPOCH 45501] | train acc: 8.058e-01 | val acc: 7.463e-01 | val graph: 5.220e-01 | test node: 7.488e-01 | test graph: 5.050e-01
[EPOCH 45601] | train acc: 8.099e-01 | val acc: 7.458e-01 | val graph: 5.320e-01 | test node: 7.562e-01 | test graph: 5.120e-01
[EPOCH 45701] | train acc: 8.058e-01 | val acc: 7.458e-01 | val graph: 5.280e-01 | test node: 7.517e-01 | test graph: 5.110e-01
[EPOCH 45801] | train acc: 8.037e-01 | val acc: 7.463e-01 | val graph: 5.220e-01 | test node: 7.501e-01 | test graph: 5.080e-01
[EPOCH 45901] | train acc: 8.058e-01 | val acc: 7.463e-01 | val graph: 5.180e-01 | test node: 7.462e-01 | test graph: 5.010e-01
[EPOCH 46001] | train acc: 8.058e-01 | val acc: 7.468e-01 | val graph: 5.200e-01 | test node: 7.456e-01 | test graph: 5.010e-01
[EPOCH 46101] | train acc: 7.872e-01 | val acc: 6.801e-01 | val graph: 4.540e-01 | test node: 6.850e-01 | test graph: 4.420e-01
[EPOCH 46201] | train acc: 8.058e-01 | val acc: 7.479e-01 | val graph: 5.240e-01 | test node: 7.493e-01 | test graph: 5.060e-01
[EPOCH 46301] | train acc: 8.058e-01 | val acc: 7.489e-01 | val graph: 5.280e-01 | test node: 7.496e-01 | test graph: 5.070e-01
[EPOCH 46401] | train acc: 8.058e-01 | val acc: 7.458e-01 | val graph: 5.220e-01 | test node: 7.520e-01 | test graph: 5.070e-01
[EPOCH 46501] | train acc: 8.058e-01 | val acc: 7.511e-01 | val graph: 5.320e-01 | test node: 7.554e-01 | test graph: 5.150e-01
[EPOCH 46601] | train acc: 8.099e-01 | val acc: 7.474e-01 | val graph: 5.280e-01 | test node: 7.562e-01 | test graph: 5.170e-01
[EPOCH 46701] | train acc: 8.306e-01 | val acc: 7.526e-01 | val graph: 5.320e-01 | test node: 7.559e-01 | test graph: 5.140e-01
[EPOCH 46801] | train acc: 8.058e-01 | val acc: 7.521e-01 | val graph: 5.300e-01 | test node: 7.530e-01 | test graph: 5.120e-01
[EPOCH 46901] | train acc: 8.099e-01 | val acc: 7.489e-01 | val graph: 5.260e-01 | test node: 7.512e-01 | test graph: 5.100e-01
[EPOCH 47001] | train acc: 8.099e-01 | val acc: 7.474e-01 | val graph: 5.260e-01 | test node: 7.599e-01 | test graph: 5.220e-01
[EPOCH 47101] | train acc: 8.079e-01 | val acc: 7.474e-01 | val graph: 5.340e-01 | test node: 7.520e-01 | test graph: 5.130e-01
[EPOCH 47201] | train acc: 8.099e-01 | val acc: 7.495e-01 | val graph: 5.300e-01 | test node: 7.533e-01 | test graph: 5.120e-01
[EPOCH 47301] | train acc: 8.099e-01 | val acc: 7.474e-01 | val graph: 5.280e-01 | test node: 7.470e-01 | test graph: 5.060e-01
[EPOCH 47401] | train acc: 8.037e-01 | val acc: 7.383e-01 | val graph: 5.080e-01 | test node: 7.256e-01 | test graph: 4.810e-01
[EPOCH 47501] | train acc: 8.161e-01 | val acc: 7.421e-01 | val graph: 5.220e-01 | test node: 7.528e-01 | test graph: 5.130e-01
[EPOCH 47601] | train acc: 8.079e-01 | val acc: 7.394e-01 | val graph: 5.140e-01 | test node: 7.309e-01 | test graph: 4.870e-01
[EPOCH 47701] | train acc: 8.058e-01 | val acc: 7.479e-01 | val graph: 5.180e-01 | test node: 7.456e-01 | test graph: 5.060e-01
[EPOCH 47801] | train acc: 8.099e-01 | val acc: 7.511e-01 | val graph: 5.340e-01 | test node: 7.538e-01 | test graph: 5.110e-01
[EPOCH 47901] | train acc: 8.120e-01 | val acc: 7.511e-01 | val graph: 5.300e-01 | test node: 7.570e-01 | test graph: 5.170e-01
[EPOCH 48001] | train acc: 8.099e-01 | val acc: 7.479e-01 | val graph: 5.260e-01 | test node: 7.541e-01 | test graph: 5.130e-01
[EPOCH 48101] | train acc: 8.161e-01 | val acc: 7.479e-01 | val graph: 5.240e-01 | test node: 7.538e-01 | test graph: 5.140e-01
[EPOCH 48201] | train acc: 8.079e-01 | val acc: 7.436e-01 | val graph: 5.180e-01 | test node: 7.501e-01 | test graph: 5.060e-01
[EPOCH 48301] | train acc: 8.099e-01 | val acc: 7.452e-01 | val graph: 5.220e-01 | test node: 7.520e-01 | test graph: 5.080e-01
[EPOCH 48401] | train acc: 8.182e-01 | val acc: 7.500e-01 | val graph: 5.300e-01 | test node: 7.586e-01 | test graph: 5.180e-01
[EPOCH 48501] | train acc: 8.202e-01 | val acc: 7.500e-01 | val graph: 5.280e-01 | test node: 7.586e-01 | test graph: 5.170e-01
[EPOCH 48601] | train acc: 8.326e-01 | val acc: 7.484e-01 | val graph: 5.240e-01 | test node: 7.575e-01 | test graph: 5.130e-01
[EPOCH 48701] | train acc: 8.140e-01 | val acc: 7.352e-01 | val graph: 5.100e-01 | test node: 7.322e-01 | test graph: 4.840e-01
[EPOCH 48801] | train acc: 8.657e-01 | val acc: 7.579e-01 | val graph: 5.360e-01 | test node: 7.602e-01 | test graph: 5.220e-01
[EPOCH 48901] | train acc: 8.182e-01 | val acc: 7.436e-01 | val graph: 5.160e-01 | test node: 7.359e-01 | test graph: 4.900e-01
[EPOCH 49001] | train acc: 8.161e-01 | val acc: 7.521e-01 | val graph: 5.320e-01 | test node: 7.575e-01 | test graph: 5.180e-01
[EPOCH 49101] | train acc: 8.285e-01 | val acc: 7.521e-01 | val graph: 5.340e-01 | test node: 7.570e-01 | test graph: 5.160e-01
[EPOCH 49201] | train acc: 8.285e-01 | val acc: 7.526e-01 | val graph: 5.300e-01 | test node: 7.549e-01 | test graph: 5.130e-01
[EPOCH 49301] | train acc: 8.264e-01 | val acc: 7.452e-01 | val graph: 5.280e-01 | test node: 7.528e-01 | test graph: 5.090e-01
[EPOCH 49401] | train acc: 8.347e-01 | val acc: 7.505e-01 | val graph: 5.360e-01 | test node: 7.575e-01 | test graph: 5.170e-01
[EPOCH 49501] | train acc: 8.388e-01 | val acc: 7.500e-01 | val graph: 5.300e-01 | test node: 7.567e-01 | test graph: 5.140e-01
[EPOCH 49601] | train acc: 8.368e-01 | val acc: 7.452e-01 | val graph: 5.220e-01 | test node: 7.559e-01 | test graph: 5.150e-01
[EPOCH 49701] | train acc: 8.719e-01 | val acc: 7.458e-01 | val graph: 5.040e-01 | test node: 7.290e-01 | test graph: 4.800e-01
[EPOCH 49801] | train acc: 8.554e-01 | val acc: 7.574e-01 | val graph: 5.440e-01 | test node: 7.615e-01 | test graph: 5.190e-01
[EPOCH 49901] | train acc: 8.326e-01 | val acc: 7.214e-01 | val graph: 4.920e-01 | test node: 7.317e-01 | test graph: 4.860e-01
 
